

================================================================
== Vitis HLS Report for 'snn_top_hls_Pipeline_VITIS_LOOP_529_113'
================================================================
* Date:           Mon Dec  8 20:06:22 2025

* Version:        2025.2 (Build 6295257 on Nov 14 2025)
* Project:        hls_output
* Solution:       hls (Vivado IP Flow Target)
* Product family: zynq
* Target device:  xc7z020-clg400-1


================================================================
== Performance Estimates
================================================================
+ Timing: 
    * Summary: 
    +--------+----------+----------+------------+
    |  Clock |  Target  | Estimated| Uncertainty|
    +--------+----------+----------+------------+
    |ap_clk  |  10.00 ns|  5.558 ns|     2.70 ns|
    +--------+----------+----------+------------+

+ Latency: 
    * Summary: 
    +---------+---------+----------+----------+-----+-----+-------------------+
    |  Latency (cycles) |  Latency (absolute) |  Interval |      Pipeline     |
    |   min   |   max   |    min   |    max   | min | max |        Type       |
    +---------+---------+----------+----------+-----+-----+-------------------+
    |       19|       19|  0.190 us|  0.190 us|    0|    0|  loop pipeline stp|
    +---------+---------+----------+----------+-----+-----+-------------------+

    + Detail: 
        * Instance: 
        N/A

        * Loop: 
        +--------------------+---------+---------+----------+-----------+-----------+------+----------+
        |                    |  Latency (cycles) | Iteration|  Initiation Interval  | Trip |          |
        |      Loop Name     |   min   |   max   |  Latency |  achieved |   target  | Count| Pipelined|
        +--------------------+---------+---------+----------+-----------+-----------+------+----------+
        |- VITIS_LOOP_529_1  |       17|       17|         3|          1|          1|    16|       yes|
        +--------------------+---------+---------+----------+-----------+-----------+------+----------+

============================================================
+ Verbose Summary: Synthesis Manager
============================================================
InlineROM: 1
ExposeGlobal: 0
============================================================
+ Verbose Summary: CDFG Model
============================================================
IsTopModel: 0
ResetActiveHigh: 1
IsCombinational: 0
IsDatapathOnly: 0
HasWiredReturn: 1
HasMFsm: 2
HasVarLatency: 1
IsPipeline: 0
IsRtlPipelined: 0
IsInstanceOverlapped: 0
IsDontTouch: 0
HasImplIP: 0
IsGatedGlobalClock: 0

+ Individual pipeline summary: 
  * Pipeline-0: initiation interval (II) = 1, depth = 3


============================================================
+ Verbose Summary: Schedule
============================================================
* Number of FSM states : 3
* Pipeline : 1
  Pipeline-0 : II = 1, D = 3, States = { 1 2 3 }
* Dataflow Pipeline: 0

* FSM state transitions: 
1 --> 2 
2 --> 3 
3 --> 

* FSM state operations: 

State 1 <SV = 0> <Delay = 4.95>
ST_1 : Operation 6 [1/1] (0.00ns)   --->   "%weight_sum = alloca i32 1" [src/snn_top_hls.cpp:526]   --->   Operation 6 'alloca' 'weight_sum' <Predicate = true> <Delay = 0.00>
ST_1 : Operation 7 [1/1] (0.00ns)   --->   "%j = alloca i32 1" [src/snn_top_hls.cpp:529]   --->   Operation 7 'alloca' 'j' <Predicate = true> <Delay = 0.00>
ST_1 : Operation 8 [1/1] (0.00ns)   --->   "%specmemcore_ln0 = specmemcore void @_ssdm_op_SpecMemCore, i8 %p_ZL13weight_memory_0, i64 666, i64 22, i64 18446744073709551615, i1 0"   --->   Operation 8 'specmemcore' 'specmemcore_ln0' <Predicate = true> <Delay = 0.00>
ST_1 : Operation 9 [1/1] (0.00ns)   --->   "%specmemcore_ln0 = specmemcore void @_ssdm_op_SpecMemCore, i8 %p_ZL13weight_memory_1, i64 666, i64 22, i64 18446744073709551615, i1 0"   --->   Operation 9 'specmemcore' 'specmemcore_ln0' <Predicate = true> <Delay = 0.00>
ST_1 : Operation 10 [1/1] (0.00ns)   --->   "%specmemcore_ln0 = specmemcore void @_ssdm_op_SpecMemCore, i8 %p_ZL13weight_memory_2, i64 666, i64 22, i64 18446744073709551615, i1 0"   --->   Operation 10 'specmemcore' 'specmemcore_ln0' <Predicate = true> <Delay = 0.00>
ST_1 : Operation 11 [1/1] (0.00ns)   --->   "%specmemcore_ln0 = specmemcore void @_ssdm_op_SpecMemCore, i8 %p_ZL13weight_memory_3, i64 666, i64 22, i64 18446744073709551615, i1 0"   --->   Operation 11 'specmemcore' 'specmemcore_ln0' <Predicate = true> <Delay = 0.00>
ST_1 : Operation 12 [1/1] (0.00ns)   --->   "%specmemcore_ln0 = specmemcore void @_ssdm_op_SpecMemCore, i8 %p_ZL13weight_memory_4, i64 666, i64 22, i64 18446744073709551615, i1 0"   --->   Operation 12 'specmemcore' 'specmemcore_ln0' <Predicate = true> <Delay = 0.00>
ST_1 : Operation 13 [1/1] (0.00ns)   --->   "%specmemcore_ln0 = specmemcore void @_ssdm_op_SpecMemCore, i8 %p_ZL13weight_memory_5, i64 666, i64 22, i64 18446744073709551615, i1 0"   --->   Operation 13 'specmemcore' 'specmemcore_ln0' <Predicate = true> <Delay = 0.00>
ST_1 : Operation 14 [1/1] (0.00ns)   --->   "%specmemcore_ln0 = specmemcore void @_ssdm_op_SpecMemCore, i8 %p_ZL13weight_memory_6, i64 666, i64 22, i64 18446744073709551615, i1 0"   --->   Operation 14 'specmemcore' 'specmemcore_ln0' <Predicate = true> <Delay = 0.00>
ST_1 : Operation 15 [1/1] (0.00ns)   --->   "%specmemcore_ln0 = specmemcore void @_ssdm_op_SpecMemCore, i8 %p_ZL13weight_memory_7, i64 666, i64 22, i64 18446744073709551615, i1 0"   --->   Operation 15 'specmemcore' 'specmemcore_ln0' <Predicate = true> <Delay = 0.00>
ST_1 : Operation 16 [1/1] (0.00ns)   --->   "%weight_sum_24_reload_read = read i16 @_ssdm_op_Read.ap_auto.i16, i16 %weight_sum_24_reload"   --->   Operation 16 'read' 'weight_sum_24_reload_read' <Predicate = true> <Delay = 0.00>
ST_1 : Operation 17 [1/1] (1.58ns)   --->   "%store_ln529 = store i5 0, i5 %j" [src/snn_top_hls.cpp:529]   --->   Operation 17 'store' 'store_ln529' <Predicate = true> <Delay = 1.58>
ST_1 : Operation 18 [1/1] (1.58ns)   --->   "%store_ln526 = store i16 %weight_sum_24_reload_read, i16 %weight_sum" [src/snn_top_hls.cpp:526]   --->   Operation 18 'store' 'store_ln526' <Predicate = true> <Delay = 1.58>
ST_1 : Operation 19 [1/1] (0.00ns)   --->   "%br_ln0 = br void %for.inc226.13"   --->   Operation 19 'br' 'br_ln0' <Predicate = true> <Delay = 0.00>
ST_1 : Operation 20 [1/1] (0.00ns)   --->   "%j_9 = load i5 %j" [src/snn_top_hls.cpp:529]   --->   Operation 20 'load' 'j_9' <Predicate = true> <Delay = 0.00>
ST_1 : Operation 21 [1/1] (1.78ns)   --->   "%icmp_ln529 = icmp_eq  i5 %j_9, i5 16" [src/snn_top_hls.cpp:529]   --->   Operation 21 'icmp' 'icmp_ln529' <Predicate = true> <Delay = 1.78> <CoreInst = "Cmp">   --->   Core 9 'Cmp' <Latency = 0> <II = 1> <Delay = 1.78> <FuncUnit> <Opcode : 'seteq' 'setne' 'setle' 'setge' 'setlt' 'setgt'> <InPorts = 2> <OutPorts = 1>
ST_1 : Operation 22 [1/1] (1.78ns)   --->   "%add_ln529 = add i5 %j_9, i5 1" [src/snn_top_hls.cpp:529]   --->   Operation 22 'add' 'add_ln529' <Predicate = true> <Delay = 1.78> <CoreInst = "Adder">   --->   Core 1 'Adder' <Latency = 0> <II = 1> <Delay = 1.78> <FuncUnit> <Opcode : 'add' 'sub'> <InPorts = 2> <OutPorts = 1>
ST_1 : Operation 23 [1/1] (0.00ns)   --->   "%br_ln529 = br i1 %icmp_ln529, void %for.inc226.13.split, void %for.inc226.14.preheader.exitStub" [src/snn_top_hls.cpp:529]   --->   Operation 23 'br' 'br_ln529' <Predicate = true> <Delay = 0.00>
ST_1 : Operation 24 [1/1] (0.00ns)   --->   "%trunc_ln529 = trunc i5 %j_9" [src/snn_top_hls.cpp:529]   --->   Operation 24 'trunc' 'trunc_ln529' <Predicate = (!icmp_ln529)> <Delay = 0.00>
ST_1 : Operation 25 [1/1] (0.00ns)   --->   "%tmp = bitselect i1 @_ssdm_op_BitSelect.i1.i5.i32, i5 %j_9, i32 3" [src/snn_top_hls.cpp:530]   --->   Operation 25 'bitselect' 'tmp' <Predicate = (!icmp_ln529)> <Delay = 0.00>
ST_1 : Operation 26 [1/1] (0.00ns)   --->   "%zext_ln530 = zext i1 %tmp" [src/snn_top_hls.cpp:530]   --->   Operation 26 'zext' 'zext_ln530' <Predicate = (!icmp_ln529)> <Delay = 0.00>
ST_1 : Operation 27 [1/1] (0.00ns)   --->   "%tmp_s = bitconcatenate i6 @_ssdm_op_BitConcatenate.i6.i3.i3, i3 5, i3 %zext_ln530" [src/snn_top_hls.cpp:530]   --->   Operation 27 'bitconcatenate' 'tmp_s' <Predicate = (!icmp_ln529)> <Delay = 0.00>
ST_1 : Operation 28 [1/1] (0.00ns)   --->   "%sext_ln530 = sext i6 %tmp_s" [src/snn_top_hls.cpp:530]   --->   Operation 28 'sext' 'sext_ln530' <Predicate = (!icmp_ln529)> <Delay = 0.00>
ST_1 : Operation 29 [1/1] (0.00ns)   --->   "%zext_ln530_5 = zext i7 %sext_ln530" [src/snn_top_hls.cpp:530]   --->   Operation 29 'zext' 'zext_ln530_5' <Predicate = (!icmp_ln529)> <Delay = 0.00>
ST_1 : Operation 30 [1/1] (0.00ns)   --->   "%p_ZL13weight_memory_0_addr = getelementptr i8 %p_ZL13weight_memory_0, i64 0, i64 %zext_ln530_5" [src/snn_top_hls.cpp:530]   --->   Operation 30 'getelementptr' 'p_ZL13weight_memory_0_addr' <Predicate = (!icmp_ln529)> <Delay = 0.00>
ST_1 : Operation 31 [1/1] (0.00ns)   --->   "%p_ZL13weight_memory_1_addr = getelementptr i8 %p_ZL13weight_memory_1, i64 0, i64 %zext_ln530_5" [src/snn_top_hls.cpp:530]   --->   Operation 31 'getelementptr' 'p_ZL13weight_memory_1_addr' <Predicate = (!icmp_ln529)> <Delay = 0.00>
ST_1 : Operation 32 [1/1] (0.00ns)   --->   "%p_ZL13weight_memory_2_addr = getelementptr i8 %p_ZL13weight_memory_2, i64 0, i64 %zext_ln530_5" [src/snn_top_hls.cpp:530]   --->   Operation 32 'getelementptr' 'p_ZL13weight_memory_2_addr' <Predicate = (!icmp_ln529)> <Delay = 0.00>
ST_1 : Operation 33 [1/1] (0.00ns)   --->   "%p_ZL13weight_memory_3_addr = getelementptr i8 %p_ZL13weight_memory_3, i64 0, i64 %zext_ln530_5" [src/snn_top_hls.cpp:530]   --->   Operation 33 'getelementptr' 'p_ZL13weight_memory_3_addr' <Predicate = (!icmp_ln529)> <Delay = 0.00>
ST_1 : Operation 34 [1/1] (0.00ns)   --->   "%p_ZL13weight_memory_4_addr = getelementptr i8 %p_ZL13weight_memory_4, i64 0, i64 %zext_ln530_5" [src/snn_top_hls.cpp:530]   --->   Operation 34 'getelementptr' 'p_ZL13weight_memory_4_addr' <Predicate = (!icmp_ln529)> <Delay = 0.00>
ST_1 : Operation 35 [1/1] (0.00ns)   --->   "%p_ZL13weight_memory_5_addr = getelementptr i8 %p_ZL13weight_memory_5, i64 0, i64 %zext_ln530_5" [src/snn_top_hls.cpp:530]   --->   Operation 35 'getelementptr' 'p_ZL13weight_memory_5_addr' <Predicate = (!icmp_ln529)> <Delay = 0.00>
ST_1 : Operation 36 [1/1] (0.00ns)   --->   "%p_ZL13weight_memory_6_addr = getelementptr i8 %p_ZL13weight_memory_6, i64 0, i64 %zext_ln530_5" [src/snn_top_hls.cpp:530]   --->   Operation 36 'getelementptr' 'p_ZL13weight_memory_6_addr' <Predicate = (!icmp_ln529)> <Delay = 0.00>
ST_1 : Operation 37 [1/1] (0.00ns)   --->   "%p_ZL13weight_memory_7_addr = getelementptr i8 %p_ZL13weight_memory_7, i64 0, i64 %zext_ln530_5" [src/snn_top_hls.cpp:530]   --->   Operation 37 'getelementptr' 'p_ZL13weight_memory_7_addr' <Predicate = (!icmp_ln529)> <Delay = 0.00>
ST_1 : Operation 38 [2/2] (3.25ns)   --->   "%p_ZL13weight_memory_0_load = load i9 %p_ZL13weight_memory_0_addr" [src/snn_top_hls.cpp:530]   --->   Operation 38 'load' 'p_ZL13weight_memory_0_load' <Predicate = (!icmp_ln529)> <Delay = 3.25> <CoreInst = "RAM_2P_BRAM">   --->   Core 90 'RAM_2P_BRAM' <Latency = 1> <II = 1> <Delay = 3.25> <Storage> <Opcode : 'load' 'store'> <Ports = 2> <Width = 8> <Depth = 512> <RAM>
ST_1 : Operation 39 [2/2] (3.25ns)   --->   "%p_ZL13weight_memory_1_load = load i9 %p_ZL13weight_memory_1_addr" [src/snn_top_hls.cpp:530]   --->   Operation 39 'load' 'p_ZL13weight_memory_1_load' <Predicate = (!icmp_ln529)> <Delay = 3.25> <CoreInst = "RAM_2P_BRAM">   --->   Core 90 'RAM_2P_BRAM' <Latency = 1> <II = 1> <Delay = 3.25> <Storage> <Opcode : 'load' 'store'> <Ports = 2> <Width = 8> <Depth = 512> <RAM>
ST_1 : Operation 40 [2/2] (3.25ns)   --->   "%p_ZL13weight_memory_2_load = load i9 %p_ZL13weight_memory_2_addr" [src/snn_top_hls.cpp:530]   --->   Operation 40 'load' 'p_ZL13weight_memory_2_load' <Predicate = (!icmp_ln529)> <Delay = 3.25> <CoreInst = "RAM_2P_BRAM">   --->   Core 90 'RAM_2P_BRAM' <Latency = 1> <II = 1> <Delay = 3.25> <Storage> <Opcode : 'load' 'store'> <Ports = 2> <Width = 8> <Depth = 512> <RAM>
ST_1 : Operation 41 [2/2] (3.25ns)   --->   "%p_ZL13weight_memory_3_load = load i9 %p_ZL13weight_memory_3_addr" [src/snn_top_hls.cpp:530]   --->   Operation 41 'load' 'p_ZL13weight_memory_3_load' <Predicate = (!icmp_ln529)> <Delay = 3.25> <CoreInst = "RAM_2P_BRAM">   --->   Core 90 'RAM_2P_BRAM' <Latency = 1> <II = 1> <Delay = 3.25> <Storage> <Opcode : 'load' 'store'> <Ports = 2> <Width = 8> <Depth = 512> <RAM>
ST_1 : Operation 42 [2/2] (3.25ns)   --->   "%p_ZL13weight_memory_4_load = load i9 %p_ZL13weight_memory_4_addr" [src/snn_top_hls.cpp:530]   --->   Operation 42 'load' 'p_ZL13weight_memory_4_load' <Predicate = (!icmp_ln529)> <Delay = 3.25> <CoreInst = "RAM_2P_BRAM">   --->   Core 90 'RAM_2P_BRAM' <Latency = 1> <II = 1> <Delay = 3.25> <Storage> <Opcode : 'load' 'store'> <Ports = 2> <Width = 8> <Depth = 512> <RAM>
ST_1 : Operation 43 [2/2] (3.25ns)   --->   "%p_ZL13weight_memory_5_load = load i9 %p_ZL13weight_memory_5_addr" [src/snn_top_hls.cpp:530]   --->   Operation 43 'load' 'p_ZL13weight_memory_5_load' <Predicate = (!icmp_ln529)> <Delay = 3.25> <CoreInst = "RAM_2P_BRAM">   --->   Core 90 'RAM_2P_BRAM' <Latency = 1> <II = 1> <Delay = 3.25> <Storage> <Opcode : 'load' 'store'> <Ports = 2> <Width = 8> <Depth = 512> <RAM>
ST_1 : Operation 44 [2/2] (3.25ns)   --->   "%p_ZL13weight_memory_6_load = load i9 %p_ZL13weight_memory_6_addr" [src/snn_top_hls.cpp:530]   --->   Operation 44 'load' 'p_ZL13weight_memory_6_load' <Predicate = (!icmp_ln529)> <Delay = 3.25> <CoreInst = "RAM_2P_BRAM">   --->   Core 90 'RAM_2P_BRAM' <Latency = 1> <II = 1> <Delay = 3.25> <Storage> <Opcode : 'load' 'store'> <Ports = 2> <Width = 8> <Depth = 512> <RAM>
ST_1 : Operation 45 [2/2] (3.25ns)   --->   "%p_ZL13weight_memory_7_load = load i9 %p_ZL13weight_memory_7_addr" [src/snn_top_hls.cpp:530]   --->   Operation 45 'load' 'p_ZL13weight_memory_7_load' <Predicate = (!icmp_ln529)> <Delay = 3.25> <CoreInst = "RAM_2P_BRAM">   --->   Core 90 'RAM_2P_BRAM' <Latency = 1> <II = 1> <Delay = 3.25> <Storage> <Opcode : 'load' 'store'> <Ports = 2> <Width = 8> <Depth = 512> <RAM>
ST_1 : Operation 46 [1/1] (1.58ns)   --->   "%store_ln529 = store i5 %add_ln529, i5 %j" [src/snn_top_hls.cpp:529]   --->   Operation 46 'store' 'store_ln529' <Predicate = (!icmp_ln529)> <Delay = 1.58>

State 2 <SV = 1> <Delay = 5.55>
ST_2 : Operation 47 [1/2] ( I:3.25ns O:3.25ns )   --->   "%p_ZL13weight_memory_0_load = load i9 %p_ZL13weight_memory_0_addr" [src/snn_top_hls.cpp:530]   --->   Operation 47 'load' 'p_ZL13weight_memory_0_load' <Predicate = true> <Delay = 3.25> <CoreInst = "RAM_2P_BRAM">   --->   Core 90 'RAM_2P_BRAM' <Latency = 1> <II = 1> <Delay = 3.25> <Storage> <Opcode : 'load' 'store'> <Ports = 2> <Width = 8> <Depth = 512> <RAM>
ST_2 : Operation 48 [1/2] ( I:3.25ns O:3.25ns )   --->   "%p_ZL13weight_memory_1_load = load i9 %p_ZL13weight_memory_1_addr" [src/snn_top_hls.cpp:530]   --->   Operation 48 'load' 'p_ZL13weight_memory_1_load' <Predicate = true> <Delay = 3.25> <CoreInst = "RAM_2P_BRAM">   --->   Core 90 'RAM_2P_BRAM' <Latency = 1> <II = 1> <Delay = 3.25> <Storage> <Opcode : 'load' 'store'> <Ports = 2> <Width = 8> <Depth = 512> <RAM>
ST_2 : Operation 49 [1/2] ( I:3.25ns O:3.25ns )   --->   "%p_ZL13weight_memory_2_load = load i9 %p_ZL13weight_memory_2_addr" [src/snn_top_hls.cpp:530]   --->   Operation 49 'load' 'p_ZL13weight_memory_2_load' <Predicate = true> <Delay = 3.25> <CoreInst = "RAM_2P_BRAM">   --->   Core 90 'RAM_2P_BRAM' <Latency = 1> <II = 1> <Delay = 3.25> <Storage> <Opcode : 'load' 'store'> <Ports = 2> <Width = 8> <Depth = 512> <RAM>
ST_2 : Operation 50 [1/2] ( I:3.25ns O:3.25ns )   --->   "%p_ZL13weight_memory_3_load = load i9 %p_ZL13weight_memory_3_addr" [src/snn_top_hls.cpp:530]   --->   Operation 50 'load' 'p_ZL13weight_memory_3_load' <Predicate = true> <Delay = 3.25> <CoreInst = "RAM_2P_BRAM">   --->   Core 90 'RAM_2P_BRAM' <Latency = 1> <II = 1> <Delay = 3.25> <Storage> <Opcode : 'load' 'store'> <Ports = 2> <Width = 8> <Depth = 512> <RAM>
ST_2 : Operation 51 [1/2] ( I:3.25ns O:3.25ns )   --->   "%p_ZL13weight_memory_4_load = load i9 %p_ZL13weight_memory_4_addr" [src/snn_top_hls.cpp:530]   --->   Operation 51 'load' 'p_ZL13weight_memory_4_load' <Predicate = true> <Delay = 3.25> <CoreInst = "RAM_2P_BRAM">   --->   Core 90 'RAM_2P_BRAM' <Latency = 1> <II = 1> <Delay = 3.25> <Storage> <Opcode : 'load' 'store'> <Ports = 2> <Width = 8> <Depth = 512> <RAM>
ST_2 : Operation 52 [1/2] ( I:3.25ns O:3.25ns )   --->   "%p_ZL13weight_memory_5_load = load i9 %p_ZL13weight_memory_5_addr" [src/snn_top_hls.cpp:530]   --->   Operation 52 'load' 'p_ZL13weight_memory_5_load' <Predicate = true> <Delay = 3.25> <CoreInst = "RAM_2P_BRAM">   --->   Core 90 'RAM_2P_BRAM' <Latency = 1> <II = 1> <Delay = 3.25> <Storage> <Opcode : 'load' 'store'> <Ports = 2> <Width = 8> <Depth = 512> <RAM>
ST_2 : Operation 53 [1/2] ( I:3.25ns O:3.25ns )   --->   "%p_ZL13weight_memory_6_load = load i9 %p_ZL13weight_memory_6_addr" [src/snn_top_hls.cpp:530]   --->   Operation 53 'load' 'p_ZL13weight_memory_6_load' <Predicate = true> <Delay = 3.25> <CoreInst = "RAM_2P_BRAM">   --->   Core 90 'RAM_2P_BRAM' <Latency = 1> <II = 1> <Delay = 3.25> <Storage> <Opcode : 'load' 'store'> <Ports = 2> <Width = 8> <Depth = 512> <RAM>
ST_2 : Operation 54 [1/2] ( I:3.25ns O:3.25ns )   --->   "%p_ZL13weight_memory_7_load = load i9 %p_ZL13weight_memory_7_addr" [src/snn_top_hls.cpp:530]   --->   Operation 54 'load' 'p_ZL13weight_memory_7_load' <Predicate = true> <Delay = 3.25> <CoreInst = "RAM_2P_BRAM">   --->   Core 90 'RAM_2P_BRAM' <Latency = 1> <II = 1> <Delay = 3.25> <Storage> <Opcode : 'load' 'store'> <Ports = 2> <Width = 8> <Depth = 512> <RAM>
ST_2 : Operation 55 [1/1] (2.30ns)   --->   "%tmp_5 = sparsemux i8 @_ssdm_op_SparseMux.ap_auto.8i8.i8.i3, i3 0, i8 %p_ZL13weight_memory_0_load, i3 1, i8 %p_ZL13weight_memory_1_load, i3 2, i8 %p_ZL13weight_memory_2_load, i3 3, i8 %p_ZL13weight_memory_3_load, i3 4, i8 %p_ZL13weight_memory_4_load, i3 5, i8 %p_ZL13weight_memory_5_load, i3 6, i8 %p_ZL13weight_memory_6_load, i3 7, i8 %p_ZL13weight_memory_7_load, i8 0, i3 %trunc_ln529" [src/snn_top_hls.cpp:530]   --->   Operation 55 'sparsemux' 'tmp_5' <Predicate = true> <Delay = 2.30> <CoreInst = "BinarySparseMux_DontCare">   --->   Core 137 'BinarySparseMux_DontCare' <Latency = 0> <II = 1> <Delay = 2.30> <FuncUnit> <Opcode : 'sparsemux'> <InPorts = 2> <OutPorts = 1>
ST_2 : Operation 64 [1/1] (0.00ns)   --->   "%weight_sum_load = load i16 %weight_sum"   --->   Operation 64 'load' 'weight_sum_load' <Predicate = (icmp_ln529)> <Delay = 0.00>
ST_2 : Operation 65 [1/1] (0.00ns)   --->   "%write_ln0 = write void @_ssdm_op_Write.ap_auto.i16P0A, i16 %weight_sum_26_out, i16 %weight_sum_load"   --->   Operation 65 'write' 'write_ln0' <Predicate = (icmp_ln529)> <Delay = 0.00>
ST_2 : Operation 66 [1/1] (1.58ns)   --->   "%ret_ln0 = ret"   --->   Operation 66 'ret' 'ret_ln0' <Predicate = (icmp_ln529)> <Delay = 1.58>

State 3 <SV = 2> <Delay = 3.66>
ST_3 : Operation 56 [1/1] (0.00ns)   --->   "%weight_sum_load_9 = load i16 %weight_sum" [src/snn_top_hls.cpp:530]   --->   Operation 56 'load' 'weight_sum_load_9' <Predicate = true> <Delay = 0.00>
ST_3 : Operation 57 [1/1] (0.00ns)   --->   "%specpipeline_ln526 = specpipeline void @_ssdm_op_SpecPipeline, i32 4294967295, i32 0, i32 0, i32 0, i32 4294967295, void @empty_0" [src/snn_top_hls.cpp:526]   --->   Operation 57 'specpipeline' 'specpipeline_ln526' <Predicate = true> <Delay = 0.00>
ST_3 : Operation 58 [1/1] (0.00ns)   --->   "%speclooptripcount_ln526 = speclooptripcount void @_ssdm_op_SpecLoopTripCount, i64 16, i64 16, i64 16" [src/snn_top_hls.cpp:526]   --->   Operation 58 'speclooptripcount' 'speclooptripcount_ln526' <Predicate = true> <Delay = 0.00>
ST_3 : Operation 59 [1/1] (0.00ns)   --->   "%specloopname_ln529 = specloopname void @_ssdm_op_SpecLoopName, void @empty_3" [src/snn_top_hls.cpp:529]   --->   Operation 59 'specloopname' 'specloopname_ln529' <Predicate = true> <Delay = 0.00>
ST_3 : Operation 60 [1/1] (0.00ns)   --->   "%sext_ln530_6 = sext i8 %tmp_5" [src/snn_top_hls.cpp:530]   --->   Operation 60 'sext' 'sext_ln530_6' <Predicate = true> <Delay = 0.00>
ST_3 : Operation 61 [1/1] (2.07ns)   --->   "%weight_sum_9 = add i16 %sext_ln530_6, i16 %weight_sum_load_9" [src/snn_top_hls.cpp:530]   --->   Operation 61 'add' 'weight_sum_9' <Predicate = true> <Delay = 2.07> <CoreInst = "Adder">   --->   Core 1 'Adder' <Latency = 0> <II = 1> <Delay = 2.07> <FuncUnit> <Opcode : 'add' 'sub'> <InPorts = 2> <OutPorts = 1>
ST_3 : Operation 62 [1/1] (1.58ns)   --->   "%store_ln526 = store i16 %weight_sum_9, i16 %weight_sum" [src/snn_top_hls.cpp:526]   --->   Operation 62 'store' 'store_ln526' <Predicate = true> <Delay = 1.58>
ST_3 : Operation 63 [1/1] (0.00ns)   --->   "%br_ln529 = br void %for.inc226.13" [src/snn_top_hls.cpp:529]   --->   Operation 63 'br' 'br_ln529' <Predicate = true> <Delay = 0.00>


============================================================
+ Verbose Summary: Binding
============================================================
STG Binding: 
---------------- STG Properties BEGIN ----------------
- Is combinational: 0
- Is one-state seq: 0
- Is datapath-only: 0
- Is pipelined: 0
- Is top level: 0
Port [ Return ] is wired: 1; IO mode=ap_ctrl_hs:ce=0
Port [ weight_sum_24_reload]:  wired=1; compound=0; hidden=0; nouse=0; global=0; static=0; extern=0; dir=0; type=0; pingpong=0; private_global=0; IO mode=ap_none:ce=0
Port [ weight_sum_26_out]:  wired=1; compound=0; hidden=0; nouse=0; global=0; static=0; extern=0; dir=1; type=0; pingpong=0; private_global=0; IO mode=ap_vld:ce=0
Port [ p_ZL13weight_memory_0]:  wired=1; compound=1; hidden=0; nouse=0; global=1; static=1; extern=0; dir=0; type=1; pingpong=0; private_global=0; MemPort=[13]; IO mode=ap_memory:ce=0
Port [ p_ZL13weight_memory_1]:  wired=1; compound=1; hidden=0; nouse=0; global=1; static=1; extern=0; dir=0; type=1; pingpong=0; private_global=0; MemPort=[13]; IO mode=ap_memory:ce=0
Port [ p_ZL13weight_memory_2]:  wired=1; compound=1; hidden=0; nouse=0; global=1; static=1; extern=0; dir=0; type=1; pingpong=0; private_global=0; MemPort=[13]; IO mode=ap_memory:ce=0
Port [ p_ZL13weight_memory_3]:  wired=1; compound=1; hidden=0; nouse=0; global=1; static=1; extern=0; dir=0; type=1; pingpong=0; private_global=0; MemPort=[13]; IO mode=ap_memory:ce=0
Port [ p_ZL13weight_memory_4]:  wired=1; compound=1; hidden=0; nouse=0; global=1; static=1; extern=0; dir=0; type=1; pingpong=0; private_global=0; MemPort=[13]; IO mode=ap_memory:ce=0
Port [ p_ZL13weight_memory_5]:  wired=1; compound=1; hidden=0; nouse=0; global=1; static=1; extern=0; dir=0; type=1; pingpong=0; private_global=0; MemPort=[13]; IO mode=ap_memory:ce=0
Port [ p_ZL13weight_memory_6]:  wired=1; compound=1; hidden=0; nouse=0; global=1; static=1; extern=0; dir=0; type=1; pingpong=0; private_global=0; MemPort=[13]; IO mode=ap_memory:ce=0
Port [ p_ZL13weight_memory_7]:  wired=1; compound=1; hidden=0; nouse=0; global=1; static=1; extern=0; dir=0; type=1; pingpong=0; private_global=0; MemPort=[13]; IO mode=ap_memory:ce=0
---------------- STG Properties END ------------------

---------------- Datapath Model BEGIN ----------------

<LifeTime>
<method=bitvector/>
weight_sum                 (alloca           ) [ 0111]
j                          (alloca           ) [ 0100]
specmemcore_ln0            (specmemcore      ) [ 0000]
specmemcore_ln0            (specmemcore      ) [ 0000]
specmemcore_ln0            (specmemcore      ) [ 0000]
specmemcore_ln0            (specmemcore      ) [ 0000]
specmemcore_ln0            (specmemcore      ) [ 0000]
specmemcore_ln0            (specmemcore      ) [ 0000]
specmemcore_ln0            (specmemcore      ) [ 0000]
specmemcore_ln0            (specmemcore      ) [ 0000]
weight_sum_24_reload_read  (read             ) [ 0000]
store_ln529                (store            ) [ 0000]
store_ln526                (store            ) [ 0000]
br_ln0                     (br               ) [ 0000]
j_9                        (load             ) [ 0000]
icmp_ln529                 (icmp             ) [ 0110]
add_ln529                  (add              ) [ 0000]
br_ln529                   (br               ) [ 0000]
trunc_ln529                (trunc            ) [ 0110]
tmp                        (bitselect        ) [ 0000]
zext_ln530                 (zext             ) [ 0000]
tmp_s                      (bitconcatenate   ) [ 0000]
sext_ln530                 (sext             ) [ 0000]
zext_ln530_5               (zext             ) [ 0000]
p_ZL13weight_memory_0_addr (getelementptr    ) [ 0110]
p_ZL13weight_memory_1_addr (getelementptr    ) [ 0110]
p_ZL13weight_memory_2_addr (getelementptr    ) [ 0110]
p_ZL13weight_memory_3_addr (getelementptr    ) [ 0110]
p_ZL13weight_memory_4_addr (getelementptr    ) [ 0110]
p_ZL13weight_memory_5_addr (getelementptr    ) [ 0110]
p_ZL13weight_memory_6_addr (getelementptr    ) [ 0110]
p_ZL13weight_memory_7_addr (getelementptr    ) [ 0110]
store_ln529                (store            ) [ 0000]
p_ZL13weight_memory_0_load (load             ) [ 0000]
p_ZL13weight_memory_1_load (load             ) [ 0000]
p_ZL13weight_memory_2_load (load             ) [ 0000]
p_ZL13weight_memory_3_load (load             ) [ 0000]
p_ZL13weight_memory_4_load (load             ) [ 0000]
p_ZL13weight_memory_5_load (load             ) [ 0000]
p_ZL13weight_memory_6_load (load             ) [ 0000]
p_ZL13weight_memory_7_load (load             ) [ 0000]
tmp_5                      (sparsemux        ) [ 0101]
weight_sum_load_9          (load             ) [ 0000]
specpipeline_ln526         (specpipeline     ) [ 0000]
speclooptripcount_ln526    (speclooptripcount) [ 0000]
specloopname_ln529         (specloopname     ) [ 0000]
sext_ln530_6               (sext             ) [ 0000]
weight_sum_9               (add              ) [ 0000]
store_ln526                (store            ) [ 0000]
br_ln529                   (br               ) [ 0000]
weight_sum_load            (load             ) [ 0000]
write_ln0                  (write            ) [ 0000]
ret_ln0                    (ret              ) [ 0000]
</LifeTime>

<model>

<comp_list>
<comp id="0" class="1000" name="weight_sum_24_reload">
<pin_list>
<pin id="1" dir="1" index="0" bw="1" slack="0"/>
</pin_list>
<bind>
<StgValue><ssdm name="weight_sum_24_reload"/></StgValue>
</bind>
</comp>

<comp id="2" class="1000" name="weight_sum_26_out">
<pin_list>
<pin id="3" dir="1" index="0" bw="1" slack="0"/>
</pin_list>
<bind>
<StgValue><ssdm name="weight_sum_26_out"/></StgValue>
</bind>
</comp>

<comp id="4" class="1000" name="p_ZL13weight_memory_0">
<pin_list>
<pin id="5" dir="1" index="0" bw="1" slack="0"/>
</pin_list>
<bind>
<StgValue><ssdm name="p_ZL13weight_memory_0"/><MemPortTyVec>1 3 </MemPortTyVec>
</StgValue>
</bind>
</comp>

<comp id="6" class="1000" name="p_ZL13weight_memory_1">
<pin_list>
<pin id="7" dir="1" index="0" bw="1" slack="0"/>
</pin_list>
<bind>
<StgValue><ssdm name="p_ZL13weight_memory_1"/><MemPortTyVec>1 3 </MemPortTyVec>
</StgValue>
</bind>
</comp>

<comp id="8" class="1000" name="p_ZL13weight_memory_2">
<pin_list>
<pin id="9" dir="1" index="0" bw="1" slack="0"/>
</pin_list>
<bind>
<StgValue><ssdm name="p_ZL13weight_memory_2"/><MemPortTyVec>1 3 </MemPortTyVec>
</StgValue>
</bind>
</comp>

<comp id="10" class="1000" name="p_ZL13weight_memory_3">
<pin_list>
<pin id="11" dir="1" index="0" bw="1" slack="0"/>
</pin_list>
<bind>
<StgValue><ssdm name="p_ZL13weight_memory_3"/><MemPortTyVec>1 3 </MemPortTyVec>
</StgValue>
</bind>
</comp>

<comp id="12" class="1000" name="p_ZL13weight_memory_4">
<pin_list>
<pin id="13" dir="1" index="0" bw="1" slack="0"/>
</pin_list>
<bind>
<StgValue><ssdm name="p_ZL13weight_memory_4"/><MemPortTyVec>1 3 </MemPortTyVec>
</StgValue>
</bind>
</comp>

<comp id="14" class="1000" name="p_ZL13weight_memory_5">
<pin_list>
<pin id="15" dir="1" index="0" bw="1" slack="0"/>
</pin_list>
<bind>
<StgValue><ssdm name="p_ZL13weight_memory_5"/><MemPortTyVec>1 3 </MemPortTyVec>
</StgValue>
</bind>
</comp>

<comp id="16" class="1000" name="p_ZL13weight_memory_6">
<pin_list>
<pin id="17" dir="1" index="0" bw="1" slack="0"/>
</pin_list>
<bind>
<StgValue><ssdm name="p_ZL13weight_memory_6"/><MemPortTyVec>1 3 </MemPortTyVec>
</StgValue>
</bind>
</comp>

<comp id="18" class="1000" name="p_ZL13weight_memory_7">
<pin_list>
<pin id="19" dir="1" index="0" bw="1" slack="0"/>
</pin_list>
<bind>
<StgValue><ssdm name="p_ZL13weight_memory_7"/><MemPortTyVec>1 3 </MemPortTyVec>
</StgValue>
</bind>
</comp>

<comp id="20" class="1001" name="const_20">
<pin_list>
<pin id="21" dir="1" index="0" bw="1" slack="0"/>
</pin_list>
<bind>
<StgValue><ssdm name=""/></StgValue>
</bind>
</comp>

<comp id="22" class="1001" name="const_22">
<pin_list>
<pin id="23" dir="1" index="0" bw="1" slack="2147483647"/>
</pin_list>
<bind>
<StgValue><ssdm name="_ssdm_op_SpecMemCore"/></StgValue>
</bind>
</comp>

<comp id="24" class="1001" name="const_24">
<pin_list>
<pin id="25" dir="1" index="0" bw="1" slack="2147483647"/>
</pin_list>
<bind>
<StgValue><ssdm name=""/></StgValue>
</bind>
</comp>

<comp id="26" class="1001" name="const_26">
<pin_list>
<pin id="27" dir="1" index="0" bw="1" slack="2147483647"/>
</pin_list>
<bind>
<StgValue><ssdm name=""/></StgValue>
</bind>
</comp>

<comp id="28" class="1001" name="const_28">
<pin_list>
<pin id="29" dir="1" index="0" bw="1" slack="2147483647"/>
</pin_list>
<bind>
<StgValue><ssdm name=""/></StgValue>
</bind>
</comp>

<comp id="30" class="1001" name="const_30">
<pin_list>
<pin id="31" dir="1" index="0" bw="1" slack="2147483647"/>
</pin_list>
<bind>
<StgValue><ssdm name=""/></StgValue>
</bind>
</comp>

<comp id="32" class="1001" name="const_32">
<pin_list>
<pin id="33" dir="1" index="0" bw="1" slack="0"/>
</pin_list>
<bind>
<StgValue><ssdm name="_ssdm_op_Read.ap_auto.i16"/></StgValue>
</bind>
</comp>

<comp id="34" class="1001" name="const_34">
<pin_list>
<pin id="35" dir="1" index="0" bw="1" slack="0"/>
</pin_list>
<bind>
<StgValue><ssdm name=""/></StgValue>
</bind>
</comp>

<comp id="36" class="1001" name="const_36">
<pin_list>
<pin id="37" dir="1" index="0" bw="1" slack="0"/>
</pin_list>
<bind>
<StgValue><ssdm name=""/></StgValue>
</bind>
</comp>

<comp id="38" class="1001" name="const_38">
<pin_list>
<pin id="39" dir="1" index="0" bw="1" slack="0"/>
</pin_list>
<bind>
<StgValue><ssdm name=""/></StgValue>
</bind>
</comp>

<comp id="40" class="1001" name="const_40">
<pin_list>
<pin id="41" dir="1" index="0" bw="1" slack="0"/>
</pin_list>
<bind>
<StgValue><ssdm name="_ssdm_op_BitSelect.i1.i5.i32"/></StgValue>
</bind>
</comp>

<comp id="42" class="1001" name="const_42">
<pin_list>
<pin id="43" dir="1" index="0" bw="1" slack="0"/>
</pin_list>
<bind>
<StgValue><ssdm name=""/></StgValue>
</bind>
</comp>

<comp id="44" class="1001" name="const_44">
<pin_list>
<pin id="45" dir="1" index="0" bw="1" slack="0"/>
</pin_list>
<bind>
<StgValue><ssdm name="_ssdm_op_BitConcatenate.i6.i3.i3"/></StgValue>
</bind>
</comp>

<comp id="46" class="1001" name="const_46">
<pin_list>
<pin id="47" dir="1" index="0" bw="1" slack="0"/>
</pin_list>
<bind>
<StgValue><ssdm name=""/></StgValue>
</bind>
</comp>

<comp id="48" class="1001" name="const_48">
<pin_list>
<pin id="49" dir="1" index="0" bw="1" slack="0"/>
</pin_list>
<bind>
<StgValue><ssdm name=""/></StgValue>
</bind>
</comp>

<comp id="50" class="1001" name="const_50">
<pin_list>
<pin id="51" dir="1" index="0" bw="1" slack="0"/>
</pin_list>
<bind>
<StgValue><ssdm name="_ssdm_op_SparseMux.ap_auto.8i8.i8.i3"/></StgValue>
</bind>
</comp>

<comp id="52" class="1001" name="const_52">
<pin_list>
<pin id="53" dir="1" index="0" bw="1" slack="0"/>
</pin_list>
<bind>
<StgValue><ssdm name=""/></StgValue>
</bind>
</comp>

<comp id="54" class="1001" name="const_54">
<pin_list>
<pin id="55" dir="1" index="0" bw="1" slack="0"/>
</pin_list>
<bind>
<StgValue><ssdm name=""/></StgValue>
</bind>
</comp>

<comp id="56" class="1001" name="const_56">
<pin_list>
<pin id="57" dir="1" index="0" bw="1" slack="0"/>
</pin_list>
<bind>
<StgValue><ssdm name=""/></StgValue>
</bind>
</comp>

<comp id="58" class="1001" name="const_58">
<pin_list>
<pin id="59" dir="1" index="0" bw="1" slack="0"/>
</pin_list>
<bind>
<StgValue><ssdm name=""/></StgValue>
</bind>
</comp>

<comp id="60" class="1001" name="const_60">
<pin_list>
<pin id="61" dir="1" index="0" bw="1" slack="0"/>
</pin_list>
<bind>
<StgValue><ssdm name=""/></StgValue>
</bind>
</comp>

<comp id="62" class="1001" name="const_62">
<pin_list>
<pin id="63" dir="1" index="0" bw="1" slack="0"/>
</pin_list>
<bind>
<StgValue><ssdm name=""/></StgValue>
</bind>
</comp>

<comp id="64" class="1001" name="const_64">
<pin_list>
<pin id="65" dir="1" index="0" bw="1" slack="0"/>
</pin_list>
<bind>
<StgValue><ssdm name=""/></StgValue>
</bind>
</comp>

<comp id="66" class="1001" name="const_66">
<pin_list>
<pin id="67" dir="1" index="0" bw="1" slack="0"/>
</pin_list>
<bind>
<StgValue><ssdm name=""/></StgValue>
</bind>
</comp>

<comp id="68" class="1001" name="const_68">
<pin_list>
<pin id="69" dir="1" index="0" bw="1" slack="2147483647"/>
</pin_list>
<bind>
<StgValue><ssdm name="_ssdm_op_SpecPipeline"/></StgValue>
</bind>
</comp>

<comp id="70" class="1001" name="const_70">
<pin_list>
<pin id="71" dir="1" index="0" bw="1" slack="2147483647"/>
</pin_list>
<bind>
<StgValue><ssdm name=""/></StgValue>
</bind>
</comp>

<comp id="72" class="1001" name="const_72">
<pin_list>
<pin id="73" dir="1" index="0" bw="1" slack="2147483647"/>
</pin_list>
<bind>
<StgValue><ssdm name=""/></StgValue>
</bind>
</comp>

<comp id="74" class="1001" name="const_74">
<pin_list>
<pin id="75" dir="1" index="0" bw="1" slack="2147483647"/>
</pin_list>
<bind>
<StgValue><ssdm name="empty_0"/></StgValue>
</bind>
</comp>

<comp id="76" class="1001" name="const_76">
<pin_list>
<pin id="77" dir="1" index="0" bw="1" slack="2147483647"/>
</pin_list>
<bind>
<StgValue><ssdm name="_ssdm_op_SpecLoopTripCount"/></StgValue>
</bind>
</comp>

<comp id="78" class="1001" name="const_78">
<pin_list>
<pin id="79" dir="1" index="0" bw="1" slack="2147483647"/>
</pin_list>
<bind>
<StgValue><ssdm name=""/></StgValue>
</bind>
</comp>

<comp id="80" class="1001" name="const_80">
<pin_list>
<pin id="81" dir="1" index="0" bw="1" slack="2147483647"/>
</pin_list>
<bind>
<StgValue><ssdm name="_ssdm_op_SpecLoopName"/></StgValue>
</bind>
</comp>

<comp id="82" class="1001" name="const_82">
<pin_list>
<pin id="83" dir="1" index="0" bw="1" slack="2147483647"/>
</pin_list>
<bind>
<StgValue><ssdm name="empty_3"/></StgValue>
</bind>
</comp>

<comp id="84" class="1001" name="const_84">
<pin_list>
<pin id="85" dir="1" index="0" bw="1" slack="0"/>
</pin_list>
<bind>
<StgValue><ssdm name="_ssdm_op_Write.ap_auto.i16P0A"/></StgValue>
</bind>
</comp>

<comp id="86" class="1004" name="weight_sum_fu_86">
<pin_list>
<pin id="87" dir="0" index="0" bw="1" slack="0"/>
<pin id="88" dir="1" index="1" bw="16" slack="0"/>
</pin_list>
<bind>
<opcode="alloca(26) " fcode="alloca"/>
<opset="weight_sum/1 "/>
</bind>
</comp>

<comp id="90" class="1004" name="j_fu_90">
<pin_list>
<pin id="91" dir="0" index="0" bw="1" slack="0"/>
<pin id="92" dir="1" index="1" bw="5" slack="0"/>
</pin_list>
<bind>
<opcode="alloca(26) " fcode="alloca"/>
<opset="j/1 "/>
</bind>
</comp>

<comp id="94" class="1004" name="weight_sum_24_reload_read_read_fu_94">
<pin_list>
<pin id="95" dir="0" index="0" bw="16" slack="0"/>
<pin id="96" dir="0" index="1" bw="16" slack="0"/>
<pin id="97" dir="1" index="2" bw="16" slack="0"/>
</pin_list>
<bind>
<opcode="read(1150) " fcode="read"/>
<opset="weight_sum_24_reload_read/1 "/>
</bind>
</comp>

<comp id="100" class="1004" name="write_ln0_write_fu_100">
<pin_list>
<pin id="101" dir="0" index="0" bw="0" slack="0"/>
<pin id="102" dir="0" index="1" bw="16" slack="0"/>
<pin id="103" dir="0" index="2" bw="16" slack="0"/>
<pin id="104" dir="1" index="3" bw="0" slack="2147483647"/>
</pin_list>
<bind>
<opcode="write(1151) " fcode="write"/>
<opset="write_ln0/2 "/>
</bind>
</comp>

<comp id="107" class="1004" name="p_ZL13weight_memory_0_addr_gep_fu_107">
<pin_list>
<pin id="108" dir="0" index="0" bw="8" slack="0"/>
<pin id="109" dir="0" index="1" bw="1" slack="0"/>
<pin id="110" dir="0" index="2" bw="7" slack="0"/>
<pin id="111" dir="1" index="3" bw="9" slack="0"/>
</pin_list>
<bind>
<opcode="getelementptr(29) " fcode="getelementptr"/>
<opset="p_ZL13weight_memory_0_addr/1 "/>
</bind>
</comp>

<comp id="114" class="1004" name="p_ZL13weight_memory_1_addr_gep_fu_114">
<pin_list>
<pin id="115" dir="0" index="0" bw="8" slack="0"/>
<pin id="116" dir="0" index="1" bw="1" slack="0"/>
<pin id="117" dir="0" index="2" bw="7" slack="0"/>
<pin id="118" dir="1" index="3" bw="9" slack="0"/>
</pin_list>
<bind>
<opcode="getelementptr(29) " fcode="getelementptr"/>
<opset="p_ZL13weight_memory_1_addr/1 "/>
</bind>
</comp>

<comp id="121" class="1004" name="p_ZL13weight_memory_2_addr_gep_fu_121">
<pin_list>
<pin id="122" dir="0" index="0" bw="8" slack="0"/>
<pin id="123" dir="0" index="1" bw="1" slack="0"/>
<pin id="124" dir="0" index="2" bw="7" slack="0"/>
<pin id="125" dir="1" index="3" bw="9" slack="0"/>
</pin_list>
<bind>
<opcode="getelementptr(29) " fcode="getelementptr"/>
<opset="p_ZL13weight_memory_2_addr/1 "/>
</bind>
</comp>

<comp id="128" class="1004" name="p_ZL13weight_memory_3_addr_gep_fu_128">
<pin_list>
<pin id="129" dir="0" index="0" bw="8" slack="0"/>
<pin id="130" dir="0" index="1" bw="1" slack="0"/>
<pin id="131" dir="0" index="2" bw="7" slack="0"/>
<pin id="132" dir="1" index="3" bw="9" slack="0"/>
</pin_list>
<bind>
<opcode="getelementptr(29) " fcode="getelementptr"/>
<opset="p_ZL13weight_memory_3_addr/1 "/>
</bind>
</comp>

<comp id="135" class="1004" name="p_ZL13weight_memory_4_addr_gep_fu_135">
<pin_list>
<pin id="136" dir="0" index="0" bw="8" slack="0"/>
<pin id="137" dir="0" index="1" bw="1" slack="0"/>
<pin id="138" dir="0" index="2" bw="7" slack="0"/>
<pin id="139" dir="1" index="3" bw="9" slack="0"/>
</pin_list>
<bind>
<opcode="getelementptr(29) " fcode="getelementptr"/>
<opset="p_ZL13weight_memory_4_addr/1 "/>
</bind>
</comp>

<comp id="142" class="1004" name="p_ZL13weight_memory_5_addr_gep_fu_142">
<pin_list>
<pin id="143" dir="0" index="0" bw="8" slack="0"/>
<pin id="144" dir="0" index="1" bw="1" slack="0"/>
<pin id="145" dir="0" index="2" bw="7" slack="0"/>
<pin id="146" dir="1" index="3" bw="9" slack="0"/>
</pin_list>
<bind>
<opcode="getelementptr(29) " fcode="getelementptr"/>
<opset="p_ZL13weight_memory_5_addr/1 "/>
</bind>
</comp>

<comp id="149" class="1004" name="p_ZL13weight_memory_6_addr_gep_fu_149">
<pin_list>
<pin id="150" dir="0" index="0" bw="8" slack="0"/>
<pin id="151" dir="0" index="1" bw="1" slack="0"/>
<pin id="152" dir="0" index="2" bw="7" slack="0"/>
<pin id="153" dir="1" index="3" bw="9" slack="0"/>
</pin_list>
<bind>
<opcode="getelementptr(29) " fcode="getelementptr"/>
<opset="p_ZL13weight_memory_6_addr/1 "/>
</bind>
</comp>

<comp id="156" class="1004" name="p_ZL13weight_memory_7_addr_gep_fu_156">
<pin_list>
<pin id="157" dir="0" index="0" bw="8" slack="0"/>
<pin id="158" dir="0" index="1" bw="1" slack="0"/>
<pin id="159" dir="0" index="2" bw="7" slack="0"/>
<pin id="160" dir="1" index="3" bw="9" slack="0"/>
</pin_list>
<bind>
<opcode="getelementptr(29) " fcode="getelementptr"/>
<opset="p_ZL13weight_memory_7_addr/1 "/>
</bind>
</comp>

<comp id="163" class="1004" name="grp_access_fu_163">
<pin_list>
<pin id="164" dir="0" index="0" bw="9" slack="0"/>
<pin id="165" dir="0" index="1" bw="8" slack="2147483647"/>
<pin id="166" dir="0" index="2" bw="0" slack="2147483647"/>
<pin id="167" dir="1" index="3" bw="8" slack="0"/>
</pin_list>
<bind>
<opcode="load(27) " fcode="load"/>
<opset="p_ZL13weight_memory_0_load/1 "/>
</bind>
</comp>

<comp id="169" class="1004" name="grp_access_fu_169">
<pin_list>
<pin id="170" dir="0" index="0" bw="9" slack="0"/>
<pin id="171" dir="0" index="1" bw="8" slack="2147483647"/>
<pin id="172" dir="0" index="2" bw="0" slack="2147483647"/>
<pin id="173" dir="1" index="3" bw="8" slack="0"/>
</pin_list>
<bind>
<opcode="load(27) " fcode="load"/>
<opset="p_ZL13weight_memory_1_load/1 "/>
</bind>
</comp>

<comp id="175" class="1004" name="grp_access_fu_175">
<pin_list>
<pin id="176" dir="0" index="0" bw="9" slack="0"/>
<pin id="177" dir="0" index="1" bw="8" slack="2147483647"/>
<pin id="178" dir="0" index="2" bw="0" slack="2147483647"/>
<pin id="179" dir="1" index="3" bw="8" slack="0"/>
</pin_list>
<bind>
<opcode="load(27) " fcode="load"/>
<opset="p_ZL13weight_memory_2_load/1 "/>
</bind>
</comp>

<comp id="181" class="1004" name="grp_access_fu_181">
<pin_list>
<pin id="182" dir="0" index="0" bw="9" slack="0"/>
<pin id="183" dir="0" index="1" bw="8" slack="2147483647"/>
<pin id="184" dir="0" index="2" bw="0" slack="2147483647"/>
<pin id="185" dir="1" index="3" bw="8" slack="0"/>
</pin_list>
<bind>
<opcode="load(27) " fcode="load"/>
<opset="p_ZL13weight_memory_3_load/1 "/>
</bind>
</comp>

<comp id="187" class="1004" name="grp_access_fu_187">
<pin_list>
<pin id="188" dir="0" index="0" bw="9" slack="0"/>
<pin id="189" dir="0" index="1" bw="8" slack="2147483647"/>
<pin id="190" dir="0" index="2" bw="0" slack="2147483647"/>
<pin id="191" dir="1" index="3" bw="8" slack="0"/>
</pin_list>
<bind>
<opcode="load(27) " fcode="load"/>
<opset="p_ZL13weight_memory_4_load/1 "/>
</bind>
</comp>

<comp id="193" class="1004" name="grp_access_fu_193">
<pin_list>
<pin id="194" dir="0" index="0" bw="9" slack="0"/>
<pin id="195" dir="0" index="1" bw="8" slack="2147483647"/>
<pin id="196" dir="0" index="2" bw="0" slack="2147483647"/>
<pin id="197" dir="1" index="3" bw="8" slack="0"/>
</pin_list>
<bind>
<opcode="load(27) " fcode="load"/>
<opset="p_ZL13weight_memory_5_load/1 "/>
</bind>
</comp>

<comp id="199" class="1004" name="grp_access_fu_199">
<pin_list>
<pin id="200" dir="0" index="0" bw="9" slack="0"/>
<pin id="201" dir="0" index="1" bw="8" slack="2147483647"/>
<pin id="202" dir="0" index="2" bw="0" slack="2147483647"/>
<pin id="203" dir="1" index="3" bw="8" slack="0"/>
</pin_list>
<bind>
<opcode="load(27) " fcode="load"/>
<opset="p_ZL13weight_memory_6_load/1 "/>
</bind>
</comp>

<comp id="205" class="1004" name="grp_access_fu_205">
<pin_list>
<pin id="206" dir="0" index="0" bw="9" slack="0"/>
<pin id="207" dir="0" index="1" bw="8" slack="2147483647"/>
<pin id="208" dir="0" index="2" bw="0" slack="2147483647"/>
<pin id="209" dir="1" index="3" bw="8" slack="0"/>
</pin_list>
<bind>
<opcode="load(27) " fcode="load"/>
<opset="p_ZL13weight_memory_7_load/1 "/>
</bind>
</comp>

<comp id="211" class="1004" name="store_ln529_store_fu_211">
<pin_list>
<pin id="212" dir="0" index="0" bw="1" slack="0"/>
<pin id="213" dir="0" index="1" bw="5" slack="0"/>
<pin id="214" dir="1" index="2" bw="0" slack="2147483647"/>
</pin_list>
<bind>
<opcode="store(28) " fcode="store"/>
<opset="store_ln529/1 "/>
</bind>
</comp>

<comp id="216" class="1004" name="store_ln526_store_fu_216">
<pin_list>
<pin id="217" dir="0" index="0" bw="16" slack="0"/>
<pin id="218" dir="0" index="1" bw="16" slack="0"/>
<pin id="219" dir="1" index="2" bw="0" slack="2147483647"/>
</pin_list>
<bind>
<opcode="store(28) " fcode="store"/>
<opset="store_ln526/1 "/>
</bind>
</comp>

<comp id="221" class="1004" name="j_9_load_fu_221">
<pin_list>
<pin id="222" dir="0" index="0" bw="5" slack="0"/>
<pin id="223" dir="1" index="1" bw="5" slack="0"/>
</pin_list>
<bind>
<opcode="load(27) " fcode="load"/>
<opset="j_9/1 "/>
</bind>
</comp>

<comp id="224" class="1004" name="icmp_ln529_fu_224">
<pin_list>
<pin id="225" dir="0" index="0" bw="5" slack="0"/>
<pin id="226" dir="0" index="1" bw="5" slack="0"/>
<pin id="227" dir="1" index="2" bw="1" slack="1"/>
</pin_list>
<bind>
<opcode="icmp(45) " fcode="icmp"/>
<opset="icmp_ln529/1 "/>
</bind>
</comp>

<comp id="230" class="1004" name="add_ln529_fu_230">
<pin_list>
<pin id="231" dir="0" index="0" bw="5" slack="0"/>
<pin id="232" dir="0" index="1" bw="1" slack="0"/>
<pin id="233" dir="1" index="2" bw="5" slack="0"/>
</pin_list>
<bind>
<opcode="add(8) " fcode="add"/>
<opset="add_ln529/1 "/>
</bind>
</comp>

<comp id="236" class="1004" name="trunc_ln529_fu_236">
<pin_list>
<pin id="237" dir="0" index="0" bw="5" slack="0"/>
<pin id="238" dir="1" index="1" bw="3" slack="1"/>
</pin_list>
<bind>
<opcode="trunc(33) " fcode="trunc"/>
<opset="trunc_ln529/1 "/>
</bind>
</comp>

<comp id="240" class="1004" name="tmp_fu_240">
<pin_list>
<pin id="241" dir="0" index="0" bw="1" slack="0"/>
<pin id="242" dir="0" index="1" bw="5" slack="0"/>
<pin id="243" dir="0" index="2" bw="3" slack="0"/>
<pin id="244" dir="1" index="3" bw="1" slack="0"/>
</pin_list>
<bind>
<opcode="bitselect(1000) " fcode="bitselect"/>
<opset="tmp/1 "/>
</bind>
</comp>

<comp id="248" class="1004" name="zext_ln530_fu_248">
<pin_list>
<pin id="249" dir="0" index="0" bw="1" slack="0"/>
<pin id="250" dir="1" index="1" bw="3" slack="0"/>
</pin_list>
<bind>
<opcode="zext(34) " fcode="zext"/>
<opset="zext_ln530/1 "/>
</bind>
</comp>

<comp id="252" class="1004" name="tmp_s_fu_252">
<pin_list>
<pin id="253" dir="0" index="0" bw="6" slack="0"/>
<pin id="254" dir="0" index="1" bw="3" slack="0"/>
<pin id="255" dir="0" index="2" bw="1" slack="0"/>
<pin id="256" dir="1" index="3" bw="6" slack="0"/>
</pin_list>
<bind>
<opcode="bitconcatenate(1004) " fcode="bitconcatenate"/>
<opset="tmp_s/1 "/>
</bind>
</comp>

<comp id="260" class="1004" name="sext_ln530_fu_260">
<pin_list>
<pin id="261" dir="0" index="0" bw="6" slack="0"/>
<pin id="262" dir="1" index="1" bw="7" slack="0"/>
</pin_list>
<bind>
<opcode="sext(35) " fcode="sext"/>
<opset="sext_ln530/1 "/>
</bind>
</comp>

<comp id="264" class="1004" name="zext_ln530_5_fu_264">
<pin_list>
<pin id="265" dir="0" index="0" bw="6" slack="0"/>
<pin id="266" dir="1" index="1" bw="64" slack="0"/>
</pin_list>
<bind>
<opcode="zext(34) " fcode="zext"/>
<opset="zext_ln530_5/1 "/>
</bind>
</comp>

<comp id="276" class="1004" name="store_ln529_store_fu_276">
<pin_list>
<pin id="277" dir="0" index="0" bw="5" slack="0"/>
<pin id="278" dir="0" index="1" bw="5" slack="0"/>
<pin id="279" dir="1" index="2" bw="0" slack="2147483647"/>
</pin_list>
<bind>
<opcode="store(28) " fcode="store"/>
<opset="store_ln529/1 "/>
</bind>
</comp>

<comp id="281" class="1004" name="tmp_5_fu_281">
<pin_list>
<pin id="282" dir="0" index="0" bw="8" slack="0"/>
<pin id="283" dir="0" index="1" bw="3" slack="0"/>
<pin id="284" dir="0" index="2" bw="8" slack="0"/>
<pin id="285" dir="0" index="3" bw="3" slack="0"/>
<pin id="286" dir="0" index="4" bw="8" slack="0"/>
<pin id="287" dir="0" index="5" bw="3" slack="0"/>
<pin id="288" dir="0" index="6" bw="8" slack="0"/>
<pin id="289" dir="0" index="7" bw="3" slack="0"/>
<pin id="290" dir="0" index="8" bw="8" slack="0"/>
<pin id="291" dir="0" index="9" bw="3" slack="0"/>
<pin id="292" dir="0" index="10" bw="8" slack="0"/>
<pin id="293" dir="0" index="11" bw="3" slack="0"/>
<pin id="294" dir="0" index="12" bw="8" slack="0"/>
<pin id="295" dir="0" index="13" bw="3" slack="0"/>
<pin id="296" dir="0" index="14" bw="8" slack="0"/>
<pin id="297" dir="0" index="15" bw="3" slack="0"/>
<pin id="298" dir="0" index="16" bw="8" slack="0"/>
<pin id="299" dir="0" index="17" bw="8" slack="0"/>
<pin id="300" dir="0" index="18" bw="3" slack="1"/>
<pin id="301" dir="1" index="19" bw="8" slack="1"/>
</pin_list>
<bind>
<opcode="sparsemux(1197) " fcode="sparsemux"/>
<opset="tmp_5/2 "/>
</bind>
</comp>

<comp id="320" class="1004" name="weight_sum_load_9_load_fu_320">
<pin_list>
<pin id="321" dir="0" index="0" bw="16" slack="2"/>
<pin id="322" dir="1" index="1" bw="16" slack="0"/>
</pin_list>
<bind>
<opcode="load(27) " fcode="load"/>
<opset="weight_sum_load_9/3 "/>
</bind>
</comp>

<comp id="323" class="1004" name="sext_ln530_6_fu_323">
<pin_list>
<pin id="324" dir="0" index="0" bw="8" slack="1"/>
<pin id="325" dir="1" index="1" bw="16" slack="0"/>
</pin_list>
<bind>
<opcode="sext(35) " fcode="sext"/>
<opset="sext_ln530_6/3 "/>
</bind>
</comp>

<comp id="326" class="1004" name="weight_sum_9_fu_326">
<pin_list>
<pin id="327" dir="0" index="0" bw="8" slack="0"/>
<pin id="328" dir="0" index="1" bw="16" slack="0"/>
<pin id="329" dir="1" index="2" bw="16" slack="0"/>
</pin_list>
<bind>
<opcode="add(8) " fcode="add"/>
<opset="weight_sum_9/3 "/>
</bind>
</comp>

<comp id="332" class="1004" name="store_ln526_store_fu_332">
<pin_list>
<pin id="333" dir="0" index="0" bw="16" slack="0"/>
<pin id="334" dir="0" index="1" bw="16" slack="2"/>
<pin id="335" dir="1" index="2" bw="0" slack="2147483647"/>
</pin_list>
<bind>
<opcode="store(28) " fcode="store"/>
<opset="store_ln526/3 "/>
</bind>
</comp>

<comp id="337" class="1004" name="weight_sum_load_load_fu_337">
<pin_list>
<pin id="338" dir="0" index="0" bw="16" slack="1"/>
<pin id="339" dir="1" index="1" bw="16" slack="0"/>
</pin_list>
<bind>
<opcode="load(27) " fcode="load"/>
<opset="weight_sum_load/2 "/>
</bind>
</comp>

<comp id="341" class="1005" name="weight_sum_reg_341">
<pin_list>
<pin id="342" dir="0" index="0" bw="16" slack="0"/>
<pin id="343" dir="1" index="1" bw="16" slack="0"/>
</pin_list>
<bind>
<opset="weight_sum "/>
</bind>
</comp>

<comp id="349" class="1005" name="j_reg_349">
<pin_list>
<pin id="350" dir="0" index="0" bw="5" slack="0"/>
<pin id="351" dir="1" index="1" bw="5" slack="0"/>
</pin_list>
<bind>
<opset="j "/>
</bind>
</comp>

<comp id="356" class="1005" name="icmp_ln529_reg_356">
<pin_list>
<pin id="357" dir="0" index="0" bw="1" slack="1"/>
<pin id="358" dir="1" index="1" bw="1" slack="2147483647"/>
</pin_list>
<bind>
<opset="icmp_ln529 "/>
</bind>
</comp>

<comp id="360" class="1005" name="trunc_ln529_reg_360">
<pin_list>
<pin id="361" dir="0" index="0" bw="3" slack="1"/>
<pin id="362" dir="1" index="1" bw="3" slack="1"/>
</pin_list>
<bind>
<opset="trunc_ln529 "/>
</bind>
</comp>

<comp id="365" class="1005" name="p_ZL13weight_memory_0_addr_reg_365">
<pin_list>
<pin id="366" dir="0" index="0" bw="9" slack="1"/>
<pin id="367" dir="1" index="1" bw="9" slack="1"/>
</pin_list>
<bind>
<opset="p_ZL13weight_memory_0_addr "/>
</bind>
</comp>

<comp id="370" class="1005" name="p_ZL13weight_memory_1_addr_reg_370">
<pin_list>
<pin id="371" dir="0" index="0" bw="9" slack="1"/>
<pin id="372" dir="1" index="1" bw="9" slack="1"/>
</pin_list>
<bind>
<opset="p_ZL13weight_memory_1_addr "/>
</bind>
</comp>

<comp id="375" class="1005" name="p_ZL13weight_memory_2_addr_reg_375">
<pin_list>
<pin id="376" dir="0" index="0" bw="9" slack="1"/>
<pin id="377" dir="1" index="1" bw="9" slack="1"/>
</pin_list>
<bind>
<opset="p_ZL13weight_memory_2_addr "/>
</bind>
</comp>

<comp id="380" class="1005" name="p_ZL13weight_memory_3_addr_reg_380">
<pin_list>
<pin id="381" dir="0" index="0" bw="9" slack="1"/>
<pin id="382" dir="1" index="1" bw="9" slack="1"/>
</pin_list>
<bind>
<opset="p_ZL13weight_memory_3_addr "/>
</bind>
</comp>

<comp id="385" class="1005" name="p_ZL13weight_memory_4_addr_reg_385">
<pin_list>
<pin id="386" dir="0" index="0" bw="9" slack="1"/>
<pin id="387" dir="1" index="1" bw="9" slack="1"/>
</pin_list>
<bind>
<opset="p_ZL13weight_memory_4_addr "/>
</bind>
</comp>

<comp id="390" class="1005" name="p_ZL13weight_memory_5_addr_reg_390">
<pin_list>
<pin id="391" dir="0" index="0" bw="9" slack="1"/>
<pin id="392" dir="1" index="1" bw="9" slack="1"/>
</pin_list>
<bind>
<opset="p_ZL13weight_memory_5_addr "/>
</bind>
</comp>

<comp id="395" class="1005" name="p_ZL13weight_memory_6_addr_reg_395">
<pin_list>
<pin id="396" dir="0" index="0" bw="9" slack="1"/>
<pin id="397" dir="1" index="1" bw="9" slack="1"/>
</pin_list>
<bind>
<opset="p_ZL13weight_memory_6_addr "/>
</bind>
</comp>

<comp id="400" class="1005" name="p_ZL13weight_memory_7_addr_reg_400">
<pin_list>
<pin id="401" dir="0" index="0" bw="9" slack="1"/>
<pin id="402" dir="1" index="1" bw="9" slack="1"/>
</pin_list>
<bind>
<opset="p_ZL13weight_memory_7_addr "/>
</bind>
</comp>

<comp id="405" class="1005" name="tmp_5_reg_405">
<pin_list>
<pin id="406" dir="0" index="0" bw="8" slack="1"/>
<pin id="407" dir="1" index="1" bw="8" slack="1"/>
</pin_list>
<bind>
<opset="tmp_5 "/>
</bind>
</comp>

</comp_list>

<net_list>
<net id="89"><net_src comp="20" pin="0"/><net_sink comp="86" pin=0"/></net>

<net id="93"><net_src comp="20" pin="0"/><net_sink comp="90" pin=0"/></net>

<net id="98"><net_src comp="32" pin="0"/><net_sink comp="94" pin=0"/></net>

<net id="99"><net_src comp="0" pin="0"/><net_sink comp="94" pin=1"/></net>

<net id="105"><net_src comp="84" pin="0"/><net_sink comp="100" pin=0"/></net>

<net id="106"><net_src comp="2" pin="0"/><net_sink comp="100" pin=1"/></net>

<net id="112"><net_src comp="4" pin="0"/><net_sink comp="107" pin=0"/></net>

<net id="113"><net_src comp="48" pin="0"/><net_sink comp="107" pin=1"/></net>

<net id="119"><net_src comp="6" pin="0"/><net_sink comp="114" pin=0"/></net>

<net id="120"><net_src comp="48" pin="0"/><net_sink comp="114" pin=1"/></net>

<net id="126"><net_src comp="8" pin="0"/><net_sink comp="121" pin=0"/></net>

<net id="127"><net_src comp="48" pin="0"/><net_sink comp="121" pin=1"/></net>

<net id="133"><net_src comp="10" pin="0"/><net_sink comp="128" pin=0"/></net>

<net id="134"><net_src comp="48" pin="0"/><net_sink comp="128" pin=1"/></net>

<net id="140"><net_src comp="12" pin="0"/><net_sink comp="135" pin=0"/></net>

<net id="141"><net_src comp="48" pin="0"/><net_sink comp="135" pin=1"/></net>

<net id="147"><net_src comp="14" pin="0"/><net_sink comp="142" pin=0"/></net>

<net id="148"><net_src comp="48" pin="0"/><net_sink comp="142" pin=1"/></net>

<net id="154"><net_src comp="16" pin="0"/><net_sink comp="149" pin=0"/></net>

<net id="155"><net_src comp="48" pin="0"/><net_sink comp="149" pin=1"/></net>

<net id="161"><net_src comp="18" pin="0"/><net_sink comp="156" pin=0"/></net>

<net id="162"><net_src comp="48" pin="0"/><net_sink comp="156" pin=1"/></net>

<net id="168"><net_src comp="107" pin="3"/><net_sink comp="163" pin=0"/></net>

<net id="174"><net_src comp="114" pin="3"/><net_sink comp="169" pin=0"/></net>

<net id="180"><net_src comp="121" pin="3"/><net_sink comp="175" pin=0"/></net>

<net id="186"><net_src comp="128" pin="3"/><net_sink comp="181" pin=0"/></net>

<net id="192"><net_src comp="135" pin="3"/><net_sink comp="187" pin=0"/></net>

<net id="198"><net_src comp="142" pin="3"/><net_sink comp="193" pin=0"/></net>

<net id="204"><net_src comp="149" pin="3"/><net_sink comp="199" pin=0"/></net>

<net id="210"><net_src comp="156" pin="3"/><net_sink comp="205" pin=0"/></net>

<net id="215"><net_src comp="34" pin="0"/><net_sink comp="211" pin=0"/></net>

<net id="220"><net_src comp="94" pin="2"/><net_sink comp="216" pin=0"/></net>

<net id="228"><net_src comp="221" pin="1"/><net_sink comp="224" pin=0"/></net>

<net id="229"><net_src comp="36" pin="0"/><net_sink comp="224" pin=1"/></net>

<net id="234"><net_src comp="221" pin="1"/><net_sink comp="230" pin=0"/></net>

<net id="235"><net_src comp="38" pin="0"/><net_sink comp="230" pin=1"/></net>

<net id="239"><net_src comp="221" pin="1"/><net_sink comp="236" pin=0"/></net>

<net id="245"><net_src comp="40" pin="0"/><net_sink comp="240" pin=0"/></net>

<net id="246"><net_src comp="221" pin="1"/><net_sink comp="240" pin=1"/></net>

<net id="247"><net_src comp="42" pin="0"/><net_sink comp="240" pin=2"/></net>

<net id="251"><net_src comp="240" pin="3"/><net_sink comp="248" pin=0"/></net>

<net id="257"><net_src comp="44" pin="0"/><net_sink comp="252" pin=0"/></net>

<net id="258"><net_src comp="46" pin="0"/><net_sink comp="252" pin=1"/></net>

<net id="259"><net_src comp="248" pin="1"/><net_sink comp="252" pin=2"/></net>

<net id="263"><net_src comp="252" pin="3"/><net_sink comp="260" pin=0"/></net>

<net id="267"><net_src comp="260" pin="1"/><net_sink comp="264" pin=0"/></net>

<net id="268"><net_src comp="264" pin="1"/><net_sink comp="107" pin=2"/></net>

<net id="269"><net_src comp="264" pin="1"/><net_sink comp="114" pin=2"/></net>

<net id="270"><net_src comp="264" pin="1"/><net_sink comp="121" pin=2"/></net>

<net id="271"><net_src comp="264" pin="1"/><net_sink comp="128" pin=2"/></net>

<net id="272"><net_src comp="264" pin="1"/><net_sink comp="135" pin=2"/></net>

<net id="273"><net_src comp="264" pin="1"/><net_sink comp="142" pin=2"/></net>

<net id="274"><net_src comp="264" pin="1"/><net_sink comp="149" pin=2"/></net>

<net id="275"><net_src comp="264" pin="1"/><net_sink comp="156" pin=2"/></net>

<net id="280"><net_src comp="230" pin="2"/><net_sink comp="276" pin=0"/></net>

<net id="302"><net_src comp="50" pin="0"/><net_sink comp="281" pin=0"/></net>

<net id="303"><net_src comp="52" pin="0"/><net_sink comp="281" pin=1"/></net>

<net id="304"><net_src comp="163" pin="3"/><net_sink comp="281" pin=2"/></net>

<net id="305"><net_src comp="54" pin="0"/><net_sink comp="281" pin=3"/></net>

<net id="306"><net_src comp="169" pin="3"/><net_sink comp="281" pin=4"/></net>

<net id="307"><net_src comp="56" pin="0"/><net_sink comp="281" pin=5"/></net>

<net id="308"><net_src comp="175" pin="3"/><net_sink comp="281" pin=6"/></net>

<net id="309"><net_src comp="58" pin="0"/><net_sink comp="281" pin=7"/></net>

<net id="310"><net_src comp="181" pin="3"/><net_sink comp="281" pin=8"/></net>

<net id="311"><net_src comp="60" pin="0"/><net_sink comp="281" pin=9"/></net>

<net id="312"><net_src comp="187" pin="3"/><net_sink comp="281" pin=10"/></net>

<net id="313"><net_src comp="46" pin="0"/><net_sink comp="281" pin=11"/></net>

<net id="314"><net_src comp="193" pin="3"/><net_sink comp="281" pin=12"/></net>

<net id="315"><net_src comp="62" pin="0"/><net_sink comp="281" pin=13"/></net>

<net id="316"><net_src comp="199" pin="3"/><net_sink comp="281" pin=14"/></net>

<net id="317"><net_src comp="64" pin="0"/><net_sink comp="281" pin=15"/></net>

<net id="318"><net_src comp="205" pin="3"/><net_sink comp="281" pin=16"/></net>

<net id="319"><net_src comp="66" pin="0"/><net_sink comp="281" pin=17"/></net>

<net id="330"><net_src comp="323" pin="1"/><net_sink comp="326" pin=0"/></net>

<net id="331"><net_src comp="320" pin="1"/><net_sink comp="326" pin=1"/></net>

<net id="336"><net_src comp="326" pin="2"/><net_sink comp="332" pin=0"/></net>

<net id="340"><net_src comp="337" pin="1"/><net_sink comp="100" pin=2"/></net>

<net id="344"><net_src comp="86" pin="1"/><net_sink comp="341" pin=0"/></net>

<net id="345"><net_src comp="341" pin="1"/><net_sink comp="216" pin=1"/></net>

<net id="346"><net_src comp="341" pin="1"/><net_sink comp="320" pin=0"/></net>

<net id="347"><net_src comp="341" pin="1"/><net_sink comp="332" pin=1"/></net>

<net id="348"><net_src comp="341" pin="1"/><net_sink comp="337" pin=0"/></net>

<net id="352"><net_src comp="90" pin="1"/><net_sink comp="349" pin=0"/></net>

<net id="353"><net_src comp="349" pin="1"/><net_sink comp="211" pin=1"/></net>

<net id="354"><net_src comp="349" pin="1"/><net_sink comp="221" pin=0"/></net>

<net id="355"><net_src comp="349" pin="1"/><net_sink comp="276" pin=1"/></net>

<net id="359"><net_src comp="224" pin="2"/><net_sink comp="356" pin=0"/></net>

<net id="363"><net_src comp="236" pin="1"/><net_sink comp="360" pin=0"/></net>

<net id="364"><net_src comp="360" pin="1"/><net_sink comp="281" pin=18"/></net>

<net id="368"><net_src comp="107" pin="3"/><net_sink comp="365" pin=0"/></net>

<net id="369"><net_src comp="365" pin="1"/><net_sink comp="163" pin=0"/></net>

<net id="373"><net_src comp="114" pin="3"/><net_sink comp="370" pin=0"/></net>

<net id="374"><net_src comp="370" pin="1"/><net_sink comp="169" pin=0"/></net>

<net id="378"><net_src comp="121" pin="3"/><net_sink comp="375" pin=0"/></net>

<net id="379"><net_src comp="375" pin="1"/><net_sink comp="175" pin=0"/></net>

<net id="383"><net_src comp="128" pin="3"/><net_sink comp="380" pin=0"/></net>

<net id="384"><net_src comp="380" pin="1"/><net_sink comp="181" pin=0"/></net>

<net id="388"><net_src comp="135" pin="3"/><net_sink comp="385" pin=0"/></net>

<net id="389"><net_src comp="385" pin="1"/><net_sink comp="187" pin=0"/></net>

<net id="393"><net_src comp="142" pin="3"/><net_sink comp="390" pin=0"/></net>

<net id="394"><net_src comp="390" pin="1"/><net_sink comp="193" pin=0"/></net>

<net id="398"><net_src comp="149" pin="3"/><net_sink comp="395" pin=0"/></net>

<net id="399"><net_src comp="395" pin="1"/><net_sink comp="199" pin=0"/></net>

<net id="403"><net_src comp="156" pin="3"/><net_sink comp="400" pin=0"/></net>

<net id="404"><net_src comp="400" pin="1"/><net_sink comp="205" pin=0"/></net>

<net id="408"><net_src comp="281" pin="19"/><net_sink comp="405" pin=0"/></net>

<net id="409"><net_src comp="405" pin="1"/><net_sink comp="323" pin=0"/></net>

</net_list>

</model> 
---------------- Datapath Model END ------------------

* FSMD analyzer results:
  - Output states:
	Port: weight_sum_26_out | {2 }
 - Input state : 
	Port: snn_top_hls_Pipeline_VITIS_LOOP_529_113 : weight_sum_24_reload | {1 }
	Port: snn_top_hls_Pipeline_VITIS_LOOP_529_113 : p_ZL13weight_memory_0 | {1 2 }
	Port: snn_top_hls_Pipeline_VITIS_LOOP_529_113 : p_ZL13weight_memory_1 | {1 2 }
	Port: snn_top_hls_Pipeline_VITIS_LOOP_529_113 : p_ZL13weight_memory_2 | {1 2 }
	Port: snn_top_hls_Pipeline_VITIS_LOOP_529_113 : p_ZL13weight_memory_3 | {1 2 }
	Port: snn_top_hls_Pipeline_VITIS_LOOP_529_113 : p_ZL13weight_memory_4 | {1 2 }
	Port: snn_top_hls_Pipeline_VITIS_LOOP_529_113 : p_ZL13weight_memory_5 | {1 2 }
	Port: snn_top_hls_Pipeline_VITIS_LOOP_529_113 : p_ZL13weight_memory_6 | {1 2 }
	Port: snn_top_hls_Pipeline_VITIS_LOOP_529_113 : p_ZL13weight_memory_7 | {1 2 }
  - Chain level:
	State 1
		store_ln529 : 1
		j_9 : 1
		icmp_ln529 : 2
		add_ln529 : 2
		br_ln529 : 3
		trunc_ln529 : 2
		tmp : 2
		zext_ln530 : 3
		tmp_s : 4
		sext_ln530 : 5
		zext_ln530_5 : 6
		p_ZL13weight_memory_0_addr : 7
		p_ZL13weight_memory_1_addr : 7
		p_ZL13weight_memory_2_addr : 7
		p_ZL13weight_memory_3_addr : 7
		p_ZL13weight_memory_4_addr : 7
		p_ZL13weight_memory_5_addr : 7
		p_ZL13weight_memory_6_addr : 7
		p_ZL13weight_memory_7_addr : 7
		p_ZL13weight_memory_0_load : 8
		p_ZL13weight_memory_1_load : 8
		p_ZL13weight_memory_2_load : 8
		p_ZL13weight_memory_3_load : 8
		p_ZL13weight_memory_4_load : 8
		p_ZL13weight_memory_5_load : 8
		p_ZL13weight_memory_6_load : 8
		p_ZL13weight_memory_7_load : 8
		store_ln529 : 3
	State 2
		tmp_5 : 1
		write_ln0 : 1
	State 3
		weight_sum_9 : 1
		store_ln526 : 2


============================================================
+ Verbose Summary: Datapath Resource usage 
============================================================

* Functional unit list:
|----------|--------------------------------------|---------|---------|
| Operation|            Functional Unit           |    FF   |   LUT   |
|----------|--------------------------------------|---------|---------|
| sparsemux|             tmp_5_fu_281             |    0    |    42   |
|----------|--------------------------------------|---------|---------|
|    add   |           add_ln529_fu_230           |    0    |    13   |
|          |          weight_sum_9_fu_326         |    0    |    23   |
|----------|--------------------------------------|---------|---------|
|   icmp   |           icmp_ln529_fu_224          |    0    |    13   |
|----------|--------------------------------------|---------|---------|
|   read   | weight_sum_24_reload_read_read_fu_94 |    0    |    0    |
|----------|--------------------------------------|---------|---------|
|   write  |        write_ln0_write_fu_100        |    0    |    0    |
|----------|--------------------------------------|---------|---------|
|   trunc  |          trunc_ln529_fu_236          |    0    |    0    |
|----------|--------------------------------------|---------|---------|
| bitselect|              tmp_fu_240              |    0    |    0    |
|----------|--------------------------------------|---------|---------|
|   zext   |           zext_ln530_fu_248          |    0    |    0    |
|          |          zext_ln530_5_fu_264         |    0    |    0    |
|----------|--------------------------------------|---------|---------|
|bitconcatenate|             tmp_s_fu_252             |    0    |    0    |
|----------|--------------------------------------|---------|---------|
|   sext   |           sext_ln530_fu_260          |    0    |    0    |
|          |          sext_ln530_6_fu_323         |    0    |    0    |
|----------|--------------------------------------|---------|---------|
|   Total  |                                      |    0    |    91   |
|----------|--------------------------------------|---------|---------|

Memories:
N/A

* Register list:
+----------------------------------+--------+
|                                  |   FF   |
+----------------------------------+--------+
|        icmp_ln529_reg_356        |    1   |
|             j_reg_349            |    5   |
|p_ZL13weight_memory_0_addr_reg_365|    9   |
|p_ZL13weight_memory_1_addr_reg_370|    9   |
|p_ZL13weight_memory_2_addr_reg_375|    9   |
|p_ZL13weight_memory_3_addr_reg_380|    9   |
|p_ZL13weight_memory_4_addr_reg_385|    9   |
|p_ZL13weight_memory_5_addr_reg_390|    9   |
|p_ZL13weight_memory_6_addr_reg_395|    9   |
|p_ZL13weight_memory_7_addr_reg_400|    9   |
|           tmp_5_reg_405          |    8   |
|        trunc_ln529_reg_360       |    3   |
|        weight_sum_reg_341        |   16   |
+----------------------------------+--------+
|               Total              |   105  |
+----------------------------------+--------+

* Multiplexer (MUX) list: 
|-------------------|------|------|------|--------||---------||---------||---------|
|        Comp       |  Pin | Size |  BW  | S x BW ||  Delay  ||    FF   ||   LUT   |
|-------------------|------|------|------|--------||---------||---------||---------|
| grp_access_fu_163 |  p0  |   2  |   9  |   18   ||    0    ||    9    |
| grp_access_fu_169 |  p0  |   2  |   9  |   18   ||    0    ||    9    |
| grp_access_fu_175 |  p0  |   2  |   9  |   18   ||    0    ||    9    |
| grp_access_fu_181 |  p0  |   2  |   9  |   18   ||    0    ||    9    |
| grp_access_fu_187 |  p0  |   2  |   9  |   18   ||    0    ||    9    |
| grp_access_fu_193 |  p0  |   2  |   9  |   18   ||    0    ||    9    |
| grp_access_fu_199 |  p0  |   2  |   9  |   18   ||    0    ||    9    |
| grp_access_fu_205 |  p0  |   2  |   9  |   18   ||    0    ||    9    |
|-------------------|------|------|------|--------||---------||---------||---------|
|       Total       |      |      |      |   144  ||  12.704 ||    0    ||    72   |
|-------------------|------|------|------|--------||---------||---------||---------|



* Summary:
+-----------+--------+--------+--------+
|           |  Delay |   FF   |   LUT  |
+-----------+--------+--------+--------+
|  Function |    -   |    0   |   91   |
|   Memory  |    -   |    -   |    -   |
|Multiplexer|   12   |    0   |   72   |
|  Register |    -   |   105  |    -   |
+-----------+--------+--------+--------+
|   Total   |   12   |   105  |   163  |
+-----------+--------+--------+--------+
