

================================================================
== Vitis HLS Report for 'snn_top_hls_Pipeline_VITIS_LOOP_529_1'
================================================================
* Date:           Mon Dec  8 20:06:24 2025

* Version:        2025.2 (Build 6295257 on Nov 14 2025)
* Project:        hls_output
* Solution:       hls (Vivado IP Flow Target)
* Product family: zynq
* Target device:  xc7z020-clg400-1


================================================================
== Performance Estimates
================================================================
+ Timing: 
    * Summary: 
    +--------+----------+----------+------------+
    |  Clock |  Target  | Estimated| Uncertainty|
    +--------+----------+----------+------------+
    |ap_clk  |  10.00 ns|  5.558 ns|     2.70 ns|
    +--------+----------+----------+------------+

+ Latency: 
    * Summary: 
    +---------+---------+----------+----------+-----+-----+-------------------+
    |  Latency (cycles) |  Latency (absolute) |  Interval |      Pipeline     |
    |   min   |   max   |    min   |    max   | min | max |        Type       |
    +---------+---------+----------+----------+-----+-----+-------------------+
    |       19|       19|  0.190 us|  0.190 us|    0|    0|  loop pipeline stp|
    +---------+---------+----------+----------+-----+-----+-------------------+

    + Detail: 
        * Instance: 
        N/A

        * Loop: 
        +--------------------+---------+---------+----------+-----------+-----------+------+----------+
        |                    |  Latency (cycles) | Iteration|  Initiation Interval  | Trip |          |
        |      Loop Name     |   min   |   max   |  Latency |  achieved |   target  | Count| Pipelined|
        +--------------------+---------+---------+----------+-----------+-----------+------+----------+
        |- VITIS_LOOP_529_1  |       17|       17|         3|          1|          1|    16|       yes|
        +--------------------+---------+---------+----------+-----------+-----------+------+----------+



================================================================
== Utilization Estimates
================================================================
* Summary: 
+-----------------+---------+-----+--------+-------+-----+
|       Name      | BRAM_18K| DSP |   FF   |  LUT  | URAM|
+-----------------+---------+-----+--------+-------+-----+
|DSP              |        -|    -|       -|      -|    -|
|Expression       |        -|    -|       0|     41|    -|
|FIFO             |        -|    -|       -|      -|    -|
|Instance         |        -|    -|       0|     42|    -|
|Memory           |        -|    -|       -|      -|    -|
|Multiplexer      |        -|    -|       0|     45|    -|
|Register         |        -|    -|      34|      -|    -|
+-----------------+---------+-----+--------+-------+-----+
|Total            |        0|    0|      34|    128|    0|
+-----------------+---------+-----+--------+-------+-----+
|Available        |      280|  220|  106400|  53200|    0|
+-----------------+---------+-----+--------+-------+-----+
|Utilization (%)  |        0|    0|      ~0|     ~0|    0|
+-----------------+---------+-----+--------+-------+-----+

+ Detail: 
    * Instance: 
    +---------------------------+----------------------+---------+----+---+----+-----+
    |          Instance         |        Module        | BRAM_18K| DSP| FF| LUT| URAM|
    +---------------------------+----------------------+---------+----+---+----+-----+
    |sparsemux_17_3_8_1_1_U262  |sparsemux_17_3_8_1_1  |        0|   0|  0|  42|    0|
    +---------------------------+----------------------+---------+----+---+----+-----+
    |Total                      |                      |        0|   0|  0|  42|    0|
    +---------------------------+----------------------+---------+----+---+----+-----+

    * DSP: 
    N/A

    * Memory: 
    N/A

    * FIFO: 
    N/A

    * Expression: 
    +-------------------------+----------+----+---+----+------------+------------+
    |      Variable Name      | Operation| DSP| FF| LUT| Bitwidth P0| Bitwidth P1|
    +-------------------------+----------+----+---+----+------------+------------+
    |add_ln529_fu_220_p2      |         +|   0|  0|  13|           5|           1|
    |weight_sum_13_fu_300_p2  |         +|   0|  0|  12|          12|          12|
    |icmp_ln529_fu_214_p2     |      icmp|   0|  0|  14|           5|           6|
    |ap_enable_pp0            |       xor|   0|  0|   2|           1|           2|
    +-------------------------+----------+----+---+----+------------+------------+
    |Total                    |          |   0|  0|  41|          23|          21|
    +-------------------------+----------+----+---+----+------------+------------+

    * Multiplexer: 
    +-------------------------+----+-----------+-----+-----------+
    |           Name          | LUT| Input Size| Bits| Total Bits|
    +-------------------------+----+-----------+-----+-----------+
    |ap_done_int              |   9|          2|    1|          2|
    |ap_enable_reg_pp0_iter1  |   9|          2|    1|          2|
    |ap_sig_allocacmp_j       |   9|          2|    5|         10|
    |j_2_fu_86                |   9|          2|    5|         10|
    |weight_sum_fu_82         |   9|          2|   12|         24|
    +-------------------------+----+-----------+-----+-----------+
    |Total                    |  45|         10|   24|         48|
    +-------------------------+----+-----------+-----+-----------+

    * Register: 
    +----------------------------------+----+----+-----+-----------+
    |               Name               | FF | LUT| Bits| Const Bits|
    +----------------------------------+----+----+-----+-----------+
    |ap_CS_fsm                         |   1|   0|    1|          0|
    |ap_done_reg                       |   1|   0|    1|          0|
    |ap_enable_reg_pp0_iter1           |   1|   0|    1|          0|
    |ap_enable_reg_pp0_iter2           |   1|   0|    1|          0|
    |ap_loop_exit_ready_pp0_iter1_reg  |   1|   0|    1|          0|
    |icmp_ln529_reg_330                |   1|   0|    1|          0|
    |j_2_fu_86                         |   5|   0|    5|          0|
    |tmp_2_reg_379                     |   8|   0|    8|          0|
    |trunc_ln529_reg_334               |   3|   0|    3|          0|
    |weight_sum_fu_82                  |  12|   0|   12|          0|
    +----------------------------------+----+----+-----+-----------+
    |Total                             |  34|   0|   34|          0|
    +----------------------------------+----+----+-----+-----------+



================================================================
== Interface
================================================================
* Summary: 
+--------------------------------+-----+-----+------------+---------------------------------------+--------------+
|            RTL Ports           | Dir | Bits|  Protocol  |             Source Object             |    C Type    |
+--------------------------------+-----+-----+------------+---------------------------------------+--------------+
|ap_clk                          |   in|    1|  ap_ctrl_hs|  snn_top_hls_Pipeline_VITIS_LOOP_529_1|  return value|
|ap_rst                          |   in|    1|  ap_ctrl_hs|  snn_top_hls_Pipeline_VITIS_LOOP_529_1|  return value|
|ap_start                        |   in|    1|  ap_ctrl_hs|  snn_top_hls_Pipeline_VITIS_LOOP_529_1|  return value|
|ap_done                         |  out|    1|  ap_ctrl_hs|  snn_top_hls_Pipeline_VITIS_LOOP_529_1|  return value|
|ap_idle                         |  out|    1|  ap_ctrl_hs|  snn_top_hls_Pipeline_VITIS_LOOP_529_1|  return value|
|ap_ready                        |  out|    1|  ap_ctrl_hs|  snn_top_hls_Pipeline_VITIS_LOOP_529_1|  return value|
|weight_sum_out                  |  out|   12|      ap_vld|                         weight_sum_out|       pointer|
|weight_sum_out_ap_vld           |  out|    1|      ap_vld|                         weight_sum_out|       pointer|
|p_ZL13weight_memory_0_address0  |  out|    9|   ap_memory|                  p_ZL13weight_memory_0|         array|
|p_ZL13weight_memory_0_ce0       |  out|    1|   ap_memory|                  p_ZL13weight_memory_0|         array|
|p_ZL13weight_memory_0_q0        |   in|    8|   ap_memory|                  p_ZL13weight_memory_0|         array|
|p_ZL13weight_memory_1_address0  |  out|    9|   ap_memory|                  p_ZL13weight_memory_1|         array|
|p_ZL13weight_memory_1_ce0       |  out|    1|   ap_memory|                  p_ZL13weight_memory_1|         array|
|p_ZL13weight_memory_1_q0        |   in|    8|   ap_memory|                  p_ZL13weight_memory_1|         array|
|p_ZL13weight_memory_2_address0  |  out|    9|   ap_memory|                  p_ZL13weight_memory_2|         array|
|p_ZL13weight_memory_2_ce0       |  out|    1|   ap_memory|                  p_ZL13weight_memory_2|         array|
|p_ZL13weight_memory_2_q0        |   in|    8|   ap_memory|                  p_ZL13weight_memory_2|         array|
|p_ZL13weight_memory_3_address0  |  out|    9|   ap_memory|                  p_ZL13weight_memory_3|         array|
|p_ZL13weight_memory_3_ce0       |  out|    1|   ap_memory|                  p_ZL13weight_memory_3|         array|
|p_ZL13weight_memory_3_q0        |   in|    8|   ap_memory|                  p_ZL13weight_memory_3|         array|
|p_ZL13weight_memory_4_address0  |  out|    9|   ap_memory|                  p_ZL13weight_memory_4|         array|
|p_ZL13weight_memory_4_ce0       |  out|    1|   ap_memory|                  p_ZL13weight_memory_4|         array|
|p_ZL13weight_memory_4_q0        |   in|    8|   ap_memory|                  p_ZL13weight_memory_4|         array|
|p_ZL13weight_memory_5_address0  |  out|    9|   ap_memory|                  p_ZL13weight_memory_5|         array|
|p_ZL13weight_memory_5_ce0       |  out|    1|   ap_memory|                  p_ZL13weight_memory_5|         array|
|p_ZL13weight_memory_5_q0        |   in|    8|   ap_memory|                  p_ZL13weight_memory_5|         array|
|p_ZL13weight_memory_6_address0  |  out|    9|   ap_memory|                  p_ZL13weight_memory_6|         array|
|p_ZL13weight_memory_6_ce0       |  out|    1|   ap_memory|                  p_ZL13weight_memory_6|         array|
|p_ZL13weight_memory_6_q0        |   in|    8|   ap_memory|                  p_ZL13weight_memory_6|         array|
|p_ZL13weight_memory_7_address0  |  out|    9|   ap_memory|                  p_ZL13weight_memory_7|         array|
|p_ZL13weight_memory_7_ce0       |  out|    1|   ap_memory|                  p_ZL13weight_memory_7|         array|
|p_ZL13weight_memory_7_q0        |   in|    8|   ap_memory|                  p_ZL13weight_memory_7|         array|
+--------------------------------+-----+-----+------------+---------------------------------------+--------------+

============================================================
+ Verbose Summary: Synthesis Manager
============================================================
InlineROM: 1
ExposeGlobal: 0
============================================================
+ Verbose Summary: CDFG Model
============================================================
IsTopModel: 0
ResetActiveHigh: 1
IsCombinational: 2
IsDatapathOnly: 2
HasWiredReturn: 1
HasMFsm: 2
HasVarLatency: 1
IsPipeline: 0
IsRtlPipelined: 0
IsInstanceOverlapped: 0
IsDontTouch: 0
HasImplIP: 0
IsGatedGlobalClock: 0

+ Individual pipeline summary: 
  * Pipeline-0: initiation interval (II) = 1, depth = 3


============================================================
+ Verbose Summary: Schedule
============================================================
* Number of FSM states : 3
* Pipeline : 1
  Pipeline-0 : II = 1, D = 3, States = { 1 2 3 }
* Dataflow Pipeline: 0

* FSM state transitions: 
1 --> 2 
2 --> 3 
3 --> 

* FSM state operations: 

State 1 <SV = 0> <Delay = 4.95>
ST_1 : Operation 6 [1/1] (0.00ns)   --->   "%weight_sum = alloca i32 1" [src/snn_top_hls.cpp:526]   --->   Operation 6 'alloca' 'weight_sum' <Predicate = true> <Delay = 0.00>
ST_1 : Operation 7 [1/1] (0.00ns)   --->   "%j_2 = alloca i32 1" [src/snn_top_hls.cpp:529]   --->   Operation 7 'alloca' 'j_2' <Predicate = true> <Delay = 0.00>
ST_1 : Operation 8 [1/1] (0.00ns)   --->   "%specmemcore_ln0 = specmemcore void @_ssdm_op_SpecMemCore, i8 %p_ZL13weight_memory_0, i64 666, i64 22, i64 18446744073709551615, i1 0"   --->   Operation 8 'specmemcore' 'specmemcore_ln0' <Predicate = true> <Delay = 0.00>
ST_1 : Operation 9 [1/1] (0.00ns)   --->   "%specmemcore_ln0 = specmemcore void @_ssdm_op_SpecMemCore, i8 %p_ZL13weight_memory_1, i64 666, i64 22, i64 18446744073709551615, i1 0"   --->   Operation 9 'specmemcore' 'specmemcore_ln0' <Predicate = true> <Delay = 0.00>
ST_1 : Operation 10 [1/1] (0.00ns)   --->   "%specmemcore_ln0 = specmemcore void @_ssdm_op_SpecMemCore, i8 %p_ZL13weight_memory_2, i64 666, i64 22, i64 18446744073709551615, i1 0"   --->   Operation 10 'specmemcore' 'specmemcore_ln0' <Predicate = true> <Delay = 0.00>
ST_1 : Operation 11 [1/1] (0.00ns)   --->   "%specmemcore_ln0 = specmemcore void @_ssdm_op_SpecMemCore, i8 %p_ZL13weight_memory_3, i64 666, i64 22, i64 18446744073709551615, i1 0"   --->   Operation 11 'specmemcore' 'specmemcore_ln0' <Predicate = true> <Delay = 0.00>
ST_1 : Operation 12 [1/1] (0.00ns)   --->   "%specmemcore_ln0 = specmemcore void @_ssdm_op_SpecMemCore, i8 %p_ZL13weight_memory_4, i64 666, i64 22, i64 18446744073709551615, i1 0"   --->   Operation 12 'specmemcore' 'specmemcore_ln0' <Predicate = true> <Delay = 0.00>
ST_1 : Operation 13 [1/1] (0.00ns)   --->   "%specmemcore_ln0 = specmemcore void @_ssdm_op_SpecMemCore, i8 %p_ZL13weight_memory_5, i64 666, i64 22, i64 18446744073709551615, i1 0"   --->   Operation 13 'specmemcore' 'specmemcore_ln0' <Predicate = true> <Delay = 0.00>
ST_1 : Operation 14 [1/1] (0.00ns)   --->   "%specmemcore_ln0 = specmemcore void @_ssdm_op_SpecMemCore, i8 %p_ZL13weight_memory_6, i64 666, i64 22, i64 18446744073709551615, i1 0"   --->   Operation 14 'specmemcore' 'specmemcore_ln0' <Predicate = true> <Delay = 0.00>
ST_1 : Operation 15 [1/1] (0.00ns)   --->   "%specmemcore_ln0 = specmemcore void @_ssdm_op_SpecMemCore, i8 %p_ZL13weight_memory_7, i64 666, i64 22, i64 18446744073709551615, i1 0"   --->   Operation 15 'specmemcore' 'specmemcore_ln0' <Predicate = true> <Delay = 0.00>
ST_1 : Operation 16 [1/1] (1.58ns)   --->   "%store_ln529 = store i5 0, i5 %j_2" [src/snn_top_hls.cpp:529]   --->   Operation 16 'store' 'store_ln529' <Predicate = true> <Delay = 1.58>
ST_1 : Operation 17 [1/1] (1.58ns)   --->   "%store_ln526 = store i12 0, i12 %weight_sum" [src/snn_top_hls.cpp:526]   --->   Operation 17 'store' 'store_ln526' <Predicate = true> <Delay = 1.58>
ST_1 : Operation 18 [1/1] (0.00ns)   --->   "%br_ln0 = br void %for.inc226"   --->   Operation 18 'br' 'br_ln0' <Predicate = true> <Delay = 0.00>
ST_1 : Operation 19 [1/1] (0.00ns)   --->   "%j = load i5 %j_2" [src/snn_top_hls.cpp:529]   --->   Operation 19 'load' 'j' <Predicate = true> <Delay = 0.00>
ST_1 : Operation 20 [1/1] (1.78ns)   --->   "%icmp_ln529 = icmp_eq  i5 %j, i5 16" [src/snn_top_hls.cpp:529]   --->   Operation 20 'icmp' 'icmp_ln529' <Predicate = true> <Delay = 1.78> <CoreInst = "Cmp">   --->   Core 9 'Cmp' <Latency = 0> <II = 1> <Delay = 1.82> <FuncUnit> <Opcode : 'seteq' 'setne' 'setle' 'setge' 'setlt' 'setgt'> <InPorts = 2> <OutPorts = 1>
ST_1 : Operation 21 [1/1] (1.78ns)   --->   "%add_ln529 = add i5 %j, i5 1" [src/snn_top_hls.cpp:529]   --->   Operation 21 'add' 'add_ln529' <Predicate = true> <Delay = 1.78> <CoreInst = "Adder">   --->   Core 1 'Adder' <Latency = 0> <II = 1> <Delay = 1.78> <FuncUnit> <Opcode : 'add' 'sub'> <InPorts = 2> <OutPorts = 1>
ST_1 : Operation 22 [1/1] (0.00ns)   --->   "%br_ln529 = br i1 %icmp_ln529, void %for.inc226.split, void %for.inc226.1.preheader.exitStub" [src/snn_top_hls.cpp:529]   --->   Operation 22 'br' 'br_ln529' <Predicate = true> <Delay = 0.00>
ST_1 : Operation 23 [1/1] (0.00ns)   --->   "%trunc_ln529 = trunc i5 %j" [src/snn_top_hls.cpp:529]   --->   Operation 23 'trunc' 'trunc_ln529' <Predicate = (!icmp_ln529)> <Delay = 0.00>
ST_1 : Operation 24 [1/1] (0.00ns)   --->   "%tmp = bitselect i1 @_ssdm_op_BitSelect.i1.i5.i32, i5 %j, i32 3" [src/snn_top_hls.cpp:526]   --->   Operation 24 'bitselect' 'tmp' <Predicate = (!icmp_ln529)> <Delay = 0.00>
ST_1 : Operation 25 [1/1] (0.00ns)   --->   "%zext_ln526 = zext i1 %tmp" [src/snn_top_hls.cpp:526]   --->   Operation 25 'zext' 'zext_ln526' <Predicate = (!icmp_ln529)> <Delay = 0.00>
ST_1 : Operation 26 [1/1] (0.00ns)   --->   "%p_ZL13weight_memory_0_addr = getelementptr i8 %p_ZL13weight_memory_0, i64 0, i64 %zext_ln526" [src/snn_top_hls.cpp:530]   --->   Operation 26 'getelementptr' 'p_ZL13weight_memory_0_addr' <Predicate = (!icmp_ln529)> <Delay = 0.00>
ST_1 : Operation 27 [1/1] (0.00ns)   --->   "%p_ZL13weight_memory_1_addr = getelementptr i8 %p_ZL13weight_memory_1, i64 0, i64 %zext_ln526" [src/snn_top_hls.cpp:530]   --->   Operation 27 'getelementptr' 'p_ZL13weight_memory_1_addr' <Predicate = (!icmp_ln529)> <Delay = 0.00>
ST_1 : Operation 28 [1/1] (0.00ns)   --->   "%p_ZL13weight_memory_2_addr = getelementptr i8 %p_ZL13weight_memory_2, i64 0, i64 %zext_ln526" [src/snn_top_hls.cpp:530]   --->   Operation 28 'getelementptr' 'p_ZL13weight_memory_2_addr' <Predicate = (!icmp_ln529)> <Delay = 0.00>
ST_1 : Operation 29 [1/1] (0.00ns)   --->   "%p_ZL13weight_memory_3_addr = getelementptr i8 %p_ZL13weight_memory_3, i64 0, i64 %zext_ln526" [src/snn_top_hls.cpp:530]   --->   Operation 29 'getelementptr' 'p_ZL13weight_memory_3_addr' <Predicate = (!icmp_ln529)> <Delay = 0.00>
ST_1 : Operation 30 [1/1] (0.00ns)   --->   "%p_ZL13weight_memory_4_addr = getelementptr i8 %p_ZL13weight_memory_4, i64 0, i64 %zext_ln526" [src/snn_top_hls.cpp:530]   --->   Operation 30 'getelementptr' 'p_ZL13weight_memory_4_addr' <Predicate = (!icmp_ln529)> <Delay = 0.00>
ST_1 : Operation 31 [1/1] (0.00ns)   --->   "%p_ZL13weight_memory_5_addr = getelementptr i8 %p_ZL13weight_memory_5, i64 0, i64 %zext_ln526" [src/snn_top_hls.cpp:530]   --->   Operation 31 'getelementptr' 'p_ZL13weight_memory_5_addr' <Predicate = (!icmp_ln529)> <Delay = 0.00>
ST_1 : Operation 32 [1/1] (0.00ns)   --->   "%p_ZL13weight_memory_6_addr = getelementptr i8 %p_ZL13weight_memory_6, i64 0, i64 %zext_ln526" [src/snn_top_hls.cpp:530]   --->   Operation 32 'getelementptr' 'p_ZL13weight_memory_6_addr' <Predicate = (!icmp_ln529)> <Delay = 0.00>
ST_1 : Operation 33 [1/1] (0.00ns)   --->   "%p_ZL13weight_memory_7_addr = getelementptr i8 %p_ZL13weight_memory_7, i64 0, i64 %zext_ln526" [src/snn_top_hls.cpp:530]   --->   Operation 33 'getelementptr' 'p_ZL13weight_memory_7_addr' <Predicate = (!icmp_ln529)> <Delay = 0.00>
ST_1 : Operation 34 [2/2] (3.25ns)   --->   "%p_ZL13weight_memory_0_load = load i9 %p_ZL13weight_memory_0_addr" [src/snn_top_hls.cpp:530]   --->   Operation 34 'load' 'p_ZL13weight_memory_0_load' <Predicate = (!icmp_ln529)> <Delay = 3.25> <CoreInst = "RAM_2P_BRAM">   --->   Core 90 'RAM_2P_BRAM' <Latency = 1> <II = 1> <Delay = 3.25> <Storage> <Opcode : 'load' 'store'> <Ports = 2> <Width = 8> <Depth = 512> <RAM>
ST_1 : Operation 35 [2/2] (3.25ns)   --->   "%p_ZL13weight_memory_1_load = load i9 %p_ZL13weight_memory_1_addr" [src/snn_top_hls.cpp:530]   --->   Operation 35 'load' 'p_ZL13weight_memory_1_load' <Predicate = (!icmp_ln529)> <Delay = 3.25> <CoreInst = "RAM_2P_BRAM">   --->   Core 90 'RAM_2P_BRAM' <Latency = 1> <II = 1> <Delay = 3.25> <Storage> <Opcode : 'load' 'store'> <Ports = 2> <Width = 8> <Depth = 512> <RAM>
ST_1 : Operation 36 [2/2] (3.25ns)   --->   "%p_ZL13weight_memory_2_load = load i9 %p_ZL13weight_memory_2_addr" [src/snn_top_hls.cpp:530]   --->   Operation 36 'load' 'p_ZL13weight_memory_2_load' <Predicate = (!icmp_ln529)> <Delay = 3.25> <CoreInst = "RAM_2P_BRAM">   --->   Core 90 'RAM_2P_BRAM' <Latency = 1> <II = 1> <Delay = 3.25> <Storage> <Opcode : 'load' 'store'> <Ports = 2> <Width = 8> <Depth = 512> <RAM>
ST_1 : Operation 37 [2/2] (3.25ns)   --->   "%p_ZL13weight_memory_3_load = load i9 %p_ZL13weight_memory_3_addr" [src/snn_top_hls.cpp:530]   --->   Operation 37 'load' 'p_ZL13weight_memory_3_load' <Predicate = (!icmp_ln529)> <Delay = 3.25> <CoreInst = "RAM_2P_BRAM">   --->   Core 90 'RAM_2P_BRAM' <Latency = 1> <II = 1> <Delay = 3.25> <Storage> <Opcode : 'load' 'store'> <Ports = 2> <Width = 8> <Depth = 512> <RAM>
ST_1 : Operation 38 [2/2] (3.25ns)   --->   "%p_ZL13weight_memory_4_load = load i9 %p_ZL13weight_memory_4_addr" [src/snn_top_hls.cpp:530]   --->   Operation 38 'load' 'p_ZL13weight_memory_4_load' <Predicate = (!icmp_ln529)> <Delay = 3.25> <CoreInst = "RAM_2P_BRAM">   --->   Core 90 'RAM_2P_BRAM' <Latency = 1> <II = 1> <Delay = 3.25> <Storage> <Opcode : 'load' 'store'> <Ports = 2> <Width = 8> <Depth = 512> <RAM>
ST_1 : Operation 39 [2/2] (3.25ns)   --->   "%p_ZL13weight_memory_5_load = load i9 %p_ZL13weight_memory_5_addr" [src/snn_top_hls.cpp:530]   --->   Operation 39 'load' 'p_ZL13weight_memory_5_load' <Predicate = (!icmp_ln529)> <Delay = 3.25> <CoreInst = "RAM_2P_BRAM">   --->   Core 90 'RAM_2P_BRAM' <Latency = 1> <II = 1> <Delay = 3.25> <Storage> <Opcode : 'load' 'store'> <Ports = 2> <Width = 8> <Depth = 512> <RAM>
ST_1 : Operation 40 [2/2] (3.25ns)   --->   "%p_ZL13weight_memory_6_load = load i9 %p_ZL13weight_memory_6_addr" [src/snn_top_hls.cpp:530]   --->   Operation 40 'load' 'p_ZL13weight_memory_6_load' <Predicate = (!icmp_ln529)> <Delay = 3.25> <CoreInst = "RAM_2P_BRAM">   --->   Core 90 'RAM_2P_BRAM' <Latency = 1> <II = 1> <Delay = 3.25> <Storage> <Opcode : 'load' 'store'> <Ports = 2> <Width = 8> <Depth = 512> <RAM>
ST_1 : Operation 41 [2/2] (3.25ns)   --->   "%p_ZL13weight_memory_7_load = load i9 %p_ZL13weight_memory_7_addr" [src/snn_top_hls.cpp:530]   --->   Operation 41 'load' 'p_ZL13weight_memory_7_load' <Predicate = (!icmp_ln529)> <Delay = 3.25> <CoreInst = "RAM_2P_BRAM">   --->   Core 90 'RAM_2P_BRAM' <Latency = 1> <II = 1> <Delay = 3.25> <Storage> <Opcode : 'load' 'store'> <Ports = 2> <Width = 8> <Depth = 512> <RAM>
ST_1 : Operation 42 [1/1] (1.58ns)   --->   "%store_ln529 = store i5 %add_ln529, i5 %j_2" [src/snn_top_hls.cpp:529]   --->   Operation 42 'store' 'store_ln529' <Predicate = (!icmp_ln529)> <Delay = 1.58>

State 2 <SV = 1> <Delay = 5.55>
ST_2 : Operation 43 [1/2] ( I:3.25ns O:3.25ns )   --->   "%p_ZL13weight_memory_0_load = load i9 %p_ZL13weight_memory_0_addr" [src/snn_top_hls.cpp:530]   --->   Operation 43 'load' 'p_ZL13weight_memory_0_load' <Predicate = true> <Delay = 3.25> <CoreInst = "RAM_2P_BRAM">   --->   Core 90 'RAM_2P_BRAM' <Latency = 1> <II = 1> <Delay = 3.25> <Storage> <Opcode : 'load' 'store'> <Ports = 2> <Width = 8> <Depth = 512> <RAM>
ST_2 : Operation 44 [1/2] ( I:3.25ns O:3.25ns )   --->   "%p_ZL13weight_memory_1_load = load i9 %p_ZL13weight_memory_1_addr" [src/snn_top_hls.cpp:530]   --->   Operation 44 'load' 'p_ZL13weight_memory_1_load' <Predicate = true> <Delay = 3.25> <CoreInst = "RAM_2P_BRAM">   --->   Core 90 'RAM_2P_BRAM' <Latency = 1> <II = 1> <Delay = 3.25> <Storage> <Opcode : 'load' 'store'> <Ports = 2> <Width = 8> <Depth = 512> <RAM>
ST_2 : Operation 45 [1/2] ( I:3.25ns O:3.25ns )   --->   "%p_ZL13weight_memory_2_load = load i9 %p_ZL13weight_memory_2_addr" [src/snn_top_hls.cpp:530]   --->   Operation 45 'load' 'p_ZL13weight_memory_2_load' <Predicate = true> <Delay = 3.25> <CoreInst = "RAM_2P_BRAM">   --->   Core 90 'RAM_2P_BRAM' <Latency = 1> <II = 1> <Delay = 3.25> <Storage> <Opcode : 'load' 'store'> <Ports = 2> <Width = 8> <Depth = 512> <RAM>
ST_2 : Operation 46 [1/2] ( I:3.25ns O:3.25ns )   --->   "%p_ZL13weight_memory_3_load = load i9 %p_ZL13weight_memory_3_addr" [src/snn_top_hls.cpp:530]   --->   Operation 46 'load' 'p_ZL13weight_memory_3_load' <Predicate = true> <Delay = 3.25> <CoreInst = "RAM_2P_BRAM">   --->   Core 90 'RAM_2P_BRAM' <Latency = 1> <II = 1> <Delay = 3.25> <Storage> <Opcode : 'load' 'store'> <Ports = 2> <Width = 8> <Depth = 512> <RAM>
ST_2 : Operation 47 [1/2] ( I:3.25ns O:3.25ns )   --->   "%p_ZL13weight_memory_4_load = load i9 %p_ZL13weight_memory_4_addr" [src/snn_top_hls.cpp:530]   --->   Operation 47 'load' 'p_ZL13weight_memory_4_load' <Predicate = true> <Delay = 3.25> <CoreInst = "RAM_2P_BRAM">   --->   Core 90 'RAM_2P_BRAM' <Latency = 1> <II = 1> <Delay = 3.25> <Storage> <Opcode : 'load' 'store'> <Ports = 2> <Width = 8> <Depth = 512> <RAM>
ST_2 : Operation 48 [1/2] ( I:3.25ns O:3.25ns )   --->   "%p_ZL13weight_memory_5_load = load i9 %p_ZL13weight_memory_5_addr" [src/snn_top_hls.cpp:530]   --->   Operation 48 'load' 'p_ZL13weight_memory_5_load' <Predicate = true> <Delay = 3.25> <CoreInst = "RAM_2P_BRAM">   --->   Core 90 'RAM_2P_BRAM' <Latency = 1> <II = 1> <Delay = 3.25> <Storage> <Opcode : 'load' 'store'> <Ports = 2> <Width = 8> <Depth = 512> <RAM>
ST_2 : Operation 49 [1/2] ( I:3.25ns O:3.25ns )   --->   "%p_ZL13weight_memory_6_load = load i9 %p_ZL13weight_memory_6_addr" [src/snn_top_hls.cpp:530]   --->   Operation 49 'load' 'p_ZL13weight_memory_6_load' <Predicate = true> <Delay = 3.25> <CoreInst = "RAM_2P_BRAM">   --->   Core 90 'RAM_2P_BRAM' <Latency = 1> <II = 1> <Delay = 3.25> <Storage> <Opcode : 'load' 'store'> <Ports = 2> <Width = 8> <Depth = 512> <RAM>
ST_2 : Operation 50 [1/2] ( I:3.25ns O:3.25ns )   --->   "%p_ZL13weight_memory_7_load = load i9 %p_ZL13weight_memory_7_addr" [src/snn_top_hls.cpp:530]   --->   Operation 50 'load' 'p_ZL13weight_memory_7_load' <Predicate = true> <Delay = 3.25> <CoreInst = "RAM_2P_BRAM">   --->   Core 90 'RAM_2P_BRAM' <Latency = 1> <II = 1> <Delay = 3.25> <Storage> <Opcode : 'load' 'store'> <Ports = 2> <Width = 8> <Depth = 512> <RAM>
ST_2 : Operation 51 [1/1] (2.30ns)   --->   "%tmp_2 = sparsemux i8 @_ssdm_op_SparseMux.ap_auto.8i8.i8.i3, i3 0, i8 %p_ZL13weight_memory_0_load, i3 1, i8 %p_ZL13weight_memory_1_load, i3 2, i8 %p_ZL13weight_memory_2_load, i3 3, i8 %p_ZL13weight_memory_3_load, i3 4, i8 %p_ZL13weight_memory_4_load, i3 5, i8 %p_ZL13weight_memory_5_load, i3 6, i8 %p_ZL13weight_memory_6_load, i3 7, i8 %p_ZL13weight_memory_7_load, i8 0, i3 %trunc_ln529" [src/snn_top_hls.cpp:530]   --->   Operation 51 'sparsemux' 'tmp_2' <Predicate = true> <Delay = 2.30> <CoreInst = "BinarySparseMux_DontCare">   --->   Core 137 'BinarySparseMux_DontCare' <Latency = 0> <II = 1> <Delay = 2.30> <FuncUnit> <Opcode : 'sparsemux'> <InPorts = 2> <OutPorts = 1>
ST_2 : Operation 60 [1/1] (0.00ns)   --->   "%weight_sum_load_13 = load i12 %weight_sum"   --->   Operation 60 'load' 'weight_sum_load_13' <Predicate = (icmp_ln529)> <Delay = 0.00>
ST_2 : Operation 61 [1/1] (0.00ns)   --->   "%write_ln0 = write void @_ssdm_op_Write.ap_auto.i12P0A, i12 %weight_sum_out, i12 %weight_sum_load_13"   --->   Operation 61 'write' 'write_ln0' <Predicate = (icmp_ln529)> <Delay = 0.00>
ST_2 : Operation 62 [1/1] (1.58ns)   --->   "%ret_ln0 = ret"   --->   Operation 62 'ret' 'ret_ln0' <Predicate = (icmp_ln529)> <Delay = 1.58>

State 3 <SV = 2> <Delay = 3.13>
ST_3 : Operation 52 [1/1] (0.00ns)   --->   "%weight_sum_load = load i12 %weight_sum" [src/snn_top_hls.cpp:530]   --->   Operation 52 'load' 'weight_sum_load' <Predicate = true> <Delay = 0.00>
ST_3 : Operation 53 [1/1] (0.00ns)   --->   "%specpipeline_ln526 = specpipeline void @_ssdm_op_SpecPipeline, i32 4294967295, i32 0, i32 0, i32 0, i32 4294967295, void @empty_0" [src/snn_top_hls.cpp:526]   --->   Operation 53 'specpipeline' 'specpipeline_ln526' <Predicate = true> <Delay = 0.00>
ST_3 : Operation 54 [1/1] (0.00ns)   --->   "%speclooptripcount_ln526 = speclooptripcount void @_ssdm_op_SpecLoopTripCount, i64 16, i64 16, i64 16" [src/snn_top_hls.cpp:526]   --->   Operation 54 'speclooptripcount' 'speclooptripcount_ln526' <Predicate = true> <Delay = 0.00>
ST_3 : Operation 55 [1/1] (0.00ns)   --->   "%specloopname_ln529 = specloopname void @_ssdm_op_SpecLoopName, void @empty_3" [src/snn_top_hls.cpp:529]   --->   Operation 55 'specloopname' 'specloopname_ln529' <Predicate = true> <Delay = 0.00>
ST_3 : Operation 56 [1/1] (0.00ns)   --->   "%sext_ln530 = sext i8 %tmp_2" [src/snn_top_hls.cpp:530]   --->   Operation 56 'sext' 'sext_ln530' <Predicate = true> <Delay = 0.00>
ST_3 : Operation 57 [1/1] (1.54ns)   --->   "%weight_sum_13 = add i12 %sext_ln530, i12 %weight_sum_load" [src/snn_top_hls.cpp:530]   --->   Operation 57 'add' 'weight_sum_13' <Predicate = true> <Delay = 1.54> <CoreInst = "Adder">   --->   Core 1 'Adder' <Latency = 0> <II = 1> <Delay = 1.54> <FuncUnit> <Opcode : 'add' 'sub'> <InPorts = 2> <OutPorts = 1>
ST_3 : Operation 58 [1/1] (1.58ns)   --->   "%store_ln526 = store i12 %weight_sum_13, i12 %weight_sum" [src/snn_top_hls.cpp:526]   --->   Operation 58 'store' 'store_ln526' <Predicate = true> <Delay = 1.58>
ST_3 : Operation 59 [1/1] (0.00ns)   --->   "%br_ln529 = br void %for.inc226" [src/snn_top_hls.cpp:529]   --->   Operation 59 'br' 'br_ln529' <Predicate = true> <Delay = 0.00>


============================================================
+ Verbose Summary: Binding
============================================================
STG Binding: 
---------------- STG Properties BEGIN ----------------
- Is combinational: 0
- Is one-state seq: 0
- Is datapath-only: 0
- Is pipelined: 0
- Is top level: 0
Port [ Return ] is wired: 1; IO mode=ap_ctrl_hs:ce=0
Port [ weight_sum_out]:  wired=1; compound=0; hidden=0; nouse=0; global=0; static=0; extern=0; dir=1; type=0; pingpong=0; private_global=0; IO mode=ap_vld:ce=0
Port [ p_ZL13weight_memory_0]:  wired=1; compound=1; hidden=0; nouse=0; global=1; static=1; extern=0; dir=0; type=1; pingpong=0; private_global=0; MemPort=[13]; IO mode=ap_memory:ce=0
Port [ p_ZL13weight_memory_1]:  wired=1; compound=1; hidden=0; nouse=0; global=1; static=1; extern=0; dir=0; type=1; pingpong=0; private_global=0; MemPort=[13]; IO mode=ap_memory:ce=0
Port [ p_ZL13weight_memory_2]:  wired=1; compound=1; hidden=0; nouse=0; global=1; static=1; extern=0; dir=0; type=1; pingpong=0; private_global=0; MemPort=[13]; IO mode=ap_memory:ce=0
Port [ p_ZL13weight_memory_3]:  wired=1; compound=1; hidden=0; nouse=0; global=1; static=1; extern=0; dir=0; type=1; pingpong=0; private_global=0; MemPort=[13]; IO mode=ap_memory:ce=0
Port [ p_ZL13weight_memory_4]:  wired=1; compound=1; hidden=0; nouse=0; global=1; static=1; extern=0; dir=0; type=1; pingpong=0; private_global=0; MemPort=[13]; IO mode=ap_memory:ce=0
Port [ p_ZL13weight_memory_5]:  wired=1; compound=1; hidden=0; nouse=0; global=1; static=1; extern=0; dir=0; type=1; pingpong=0; private_global=0; MemPort=[13]; IO mode=ap_memory:ce=0
Port [ p_ZL13weight_memory_6]:  wired=1; compound=1; hidden=0; nouse=0; global=1; static=1; extern=0; dir=0; type=1; pingpong=0; private_global=0; MemPort=[13]; IO mode=ap_memory:ce=0
Port [ p_ZL13weight_memory_7]:  wired=1; compound=1; hidden=0; nouse=0; global=1; static=1; extern=0; dir=0; type=1; pingpong=0; private_global=0; MemPort=[13]; IO mode=ap_memory:ce=0
---------------- STG Properties END ------------------

---------------- Datapath Model BEGIN ----------------

<LifeTime>
<method=bitvector/>
weight_sum                 (alloca           ) [ 0111]
j_2                        (alloca           ) [ 0100]
specmemcore_ln0            (specmemcore      ) [ 0000]
specmemcore_ln0            (specmemcore      ) [ 0000]
specmemcore_ln0            (specmemcore      ) [ 0000]
specmemcore_ln0            (specmemcore      ) [ 0000]
specmemcore_ln0            (specmemcore      ) [ 0000]
specmemcore_ln0            (specmemcore      ) [ 0000]
specmemcore_ln0            (specmemcore      ) [ 0000]
specmemcore_ln0            (specmemcore      ) [ 0000]
store_ln529                (store            ) [ 0000]
store_ln526                (store            ) [ 0000]
br_ln0                     (br               ) [ 0000]
j                          (load             ) [ 0000]
icmp_ln529                 (icmp             ) [ 0110]
add_ln529                  (add              ) [ 0000]
br_ln529                   (br               ) [ 0000]
trunc_ln529                (trunc            ) [ 0110]
tmp                        (bitselect        ) [ 0000]
zext_ln526                 (zext             ) [ 0000]
p_ZL13weight_memory_0_addr (getelementptr    ) [ 0110]
p_ZL13weight_memory_1_addr (getelementptr    ) [ 0110]
p_ZL13weight_memory_2_addr (getelementptr    ) [ 0110]
p_ZL13weight_memory_3_addr (getelementptr    ) [ 0110]
p_ZL13weight_memory_4_addr (getelementptr    ) [ 0110]
p_ZL13weight_memory_5_addr (getelementptr    ) [ 0110]
p_ZL13weight_memory_6_addr (getelementptr    ) [ 0110]
p_ZL13weight_memory_7_addr (getelementptr    ) [ 0110]
store_ln529                (store            ) [ 0000]
p_ZL13weight_memory_0_load (load             ) [ 0000]
p_ZL13weight_memory_1_load (load             ) [ 0000]
p_ZL13weight_memory_2_load (load             ) [ 0000]
p_ZL13weight_memory_3_load (load             ) [ 0000]
p_ZL13weight_memory_4_load (load             ) [ 0000]
p_ZL13weight_memory_5_load (load             ) [ 0000]
p_ZL13weight_memory_6_load (load             ) [ 0000]
p_ZL13weight_memory_7_load (load             ) [ 0000]
tmp_2                      (sparsemux        ) [ 0101]
weight_sum_load            (load             ) [ 0000]
specpipeline_ln526         (specpipeline     ) [ 0000]
speclooptripcount_ln526    (speclooptripcount) [ 0000]
specloopname_ln529         (specloopname     ) [ 0000]
sext_ln530                 (sext             ) [ 0000]
weight_sum_13              (add              ) [ 0000]
store_ln526                (store            ) [ 0000]
br_ln529                   (br               ) [ 0000]
weight_sum_load_13         (load             ) [ 0000]
write_ln0                  (write            ) [ 0000]
ret_ln0                    (ret              ) [ 0000]
</LifeTime>

<model>

<comp_list>
<comp id="0" class="1000" name="weight_sum_out">
<pin_list>
<pin id="1" dir="1" index="0" bw="1" slack="0"/>
</pin_list>
<bind>
<StgValue><ssdm name="weight_sum_out"/></StgValue>
</bind>
</comp>

<comp id="2" class="1000" name="p_ZL13weight_memory_0">
<pin_list>
<pin id="3" dir="1" index="0" bw="1" slack="0"/>
</pin_list>
<bind>
<StgValue><ssdm name="p_ZL13weight_memory_0"/><MemPortTyVec>1 3 </MemPortTyVec>
</StgValue>
</bind>
</comp>

<comp id="4" class="1000" name="p_ZL13weight_memory_1">
<pin_list>
<pin id="5" dir="1" index="0" bw="1" slack="0"/>
</pin_list>
<bind>
<StgValue><ssdm name="p_ZL13weight_memory_1"/><MemPortTyVec>1 3 </MemPortTyVec>
</StgValue>
</bind>
</comp>

<comp id="6" class="1000" name="p_ZL13weight_memory_2">
<pin_list>
<pin id="7" dir="1" index="0" bw="1" slack="0"/>
</pin_list>
<bind>
<StgValue><ssdm name="p_ZL13weight_memory_2"/><MemPortTyVec>1 3 </MemPortTyVec>
</StgValue>
</bind>
</comp>

<comp id="8" class="1000" name="p_ZL13weight_memory_3">
<pin_list>
<pin id="9" dir="1" index="0" bw="1" slack="0"/>
</pin_list>
<bind>
<StgValue><ssdm name="p_ZL13weight_memory_3"/><MemPortTyVec>1 3 </MemPortTyVec>
</StgValue>
</bind>
</comp>

<comp id="10" class="1000" name="p_ZL13weight_memory_4">
<pin_list>
<pin id="11" dir="1" index="0" bw="1" slack="0"/>
</pin_list>
<bind>
<StgValue><ssdm name="p_ZL13weight_memory_4"/><MemPortTyVec>1 3 </MemPortTyVec>
</StgValue>
</bind>
</comp>

<comp id="12" class="1000" name="p_ZL13weight_memory_5">
<pin_list>
<pin id="13" dir="1" index="0" bw="1" slack="0"/>
</pin_list>
<bind>
<StgValue><ssdm name="p_ZL13weight_memory_5"/><MemPortTyVec>1 3 </MemPortTyVec>
</StgValue>
</bind>
</comp>

<comp id="14" class="1000" name="p_ZL13weight_memory_6">
<pin_list>
<pin id="15" dir="1" index="0" bw="1" slack="0"/>
</pin_list>
<bind>
<StgValue><ssdm name="p_ZL13weight_memory_6"/><MemPortTyVec>1 3 </MemPortTyVec>
</StgValue>
</bind>
</comp>

<comp id="16" class="1000" name="p_ZL13weight_memory_7">
<pin_list>
<pin id="17" dir="1" index="0" bw="1" slack="0"/>
</pin_list>
<bind>
<StgValue><ssdm name="p_ZL13weight_memory_7"/><MemPortTyVec>1 3 </MemPortTyVec>
</StgValue>
</bind>
</comp>

<comp id="18" class="1001" name="const_18">
<pin_list>
<pin id="19" dir="1" index="0" bw="1" slack="0"/>
</pin_list>
<bind>
<StgValue><ssdm name=""/></StgValue>
</bind>
</comp>

<comp id="20" class="1001" name="const_20">
<pin_list>
<pin id="21" dir="1" index="0" bw="1" slack="2147483647"/>
</pin_list>
<bind>
<StgValue><ssdm name="_ssdm_op_SpecMemCore"/></StgValue>
</bind>
</comp>

<comp id="22" class="1001" name="const_22">
<pin_list>
<pin id="23" dir="1" index="0" bw="1" slack="2147483647"/>
</pin_list>
<bind>
<StgValue><ssdm name=""/></StgValue>
</bind>
</comp>

<comp id="24" class="1001" name="const_24">
<pin_list>
<pin id="25" dir="1" index="0" bw="1" slack="2147483647"/>
</pin_list>
<bind>
<StgValue><ssdm name=""/></StgValue>
</bind>
</comp>

<comp id="26" class="1001" name="const_26">
<pin_list>
<pin id="27" dir="1" index="0" bw="1" slack="2147483647"/>
</pin_list>
<bind>
<StgValue><ssdm name=""/></StgValue>
</bind>
</comp>

<comp id="28" class="1001" name="const_28">
<pin_list>
<pin id="29" dir="1" index="0" bw="1" slack="2147483647"/>
</pin_list>
<bind>
<StgValue><ssdm name=""/></StgValue>
</bind>
</comp>

<comp id="30" class="1001" name="const_30">
<pin_list>
<pin id="31" dir="1" index="0" bw="1" slack="0"/>
</pin_list>
<bind>
<StgValue><ssdm name=""/></StgValue>
</bind>
</comp>

<comp id="32" class="1001" name="const_32">
<pin_list>
<pin id="33" dir="1" index="0" bw="1" slack="0"/>
</pin_list>
<bind>
<StgValue><ssdm name=""/></StgValue>
</bind>
</comp>

<comp id="34" class="1001" name="const_34">
<pin_list>
<pin id="35" dir="1" index="0" bw="1" slack="0"/>
</pin_list>
<bind>
<StgValue><ssdm name=""/></StgValue>
</bind>
</comp>

<comp id="36" class="1001" name="const_36">
<pin_list>
<pin id="37" dir="1" index="0" bw="1" slack="0"/>
</pin_list>
<bind>
<StgValue><ssdm name=""/></StgValue>
</bind>
</comp>

<comp id="38" class="1001" name="const_38">
<pin_list>
<pin id="39" dir="1" index="0" bw="1" slack="0"/>
</pin_list>
<bind>
<StgValue><ssdm name="_ssdm_op_BitSelect.i1.i5.i32"/></StgValue>
</bind>
</comp>

<comp id="40" class="1001" name="const_40">
<pin_list>
<pin id="41" dir="1" index="0" bw="1" slack="0"/>
</pin_list>
<bind>
<StgValue><ssdm name=""/></StgValue>
</bind>
</comp>

<comp id="42" class="1001" name="const_42">
<pin_list>
<pin id="43" dir="1" index="0" bw="1" slack="0"/>
</pin_list>
<bind>
<StgValue><ssdm name=""/></StgValue>
</bind>
</comp>

<comp id="44" class="1001" name="const_44">
<pin_list>
<pin id="45" dir="1" index="0" bw="1" slack="0"/>
</pin_list>
<bind>
<StgValue><ssdm name="_ssdm_op_SparseMux.ap_auto.8i8.i8.i3"/></StgValue>
</bind>
</comp>

<comp id="46" class="1001" name="const_46">
<pin_list>
<pin id="47" dir="1" index="0" bw="1" slack="0"/>
</pin_list>
<bind>
<StgValue><ssdm name=""/></StgValue>
</bind>
</comp>

<comp id="48" class="1001" name="const_48">
<pin_list>
<pin id="49" dir="1" index="0" bw="1" slack="0"/>
</pin_list>
<bind>
<StgValue><ssdm name=""/></StgValue>
</bind>
</comp>

<comp id="50" class="1001" name="const_50">
<pin_list>
<pin id="51" dir="1" index="0" bw="1" slack="0"/>
</pin_list>
<bind>
<StgValue><ssdm name=""/></StgValue>
</bind>
</comp>

<comp id="52" class="1001" name="const_52">
<pin_list>
<pin id="53" dir="1" index="0" bw="1" slack="0"/>
</pin_list>
<bind>
<StgValue><ssdm name=""/></StgValue>
</bind>
</comp>

<comp id="54" class="1001" name="const_54">
<pin_list>
<pin id="55" dir="1" index="0" bw="1" slack="0"/>
</pin_list>
<bind>
<StgValue><ssdm name=""/></StgValue>
</bind>
</comp>

<comp id="56" class="1001" name="const_56">
<pin_list>
<pin id="57" dir="1" index="0" bw="1" slack="0"/>
</pin_list>
<bind>
<StgValue><ssdm name=""/></StgValue>
</bind>
</comp>

<comp id="58" class="1001" name="const_58">
<pin_list>
<pin id="59" dir="1" index="0" bw="1" slack="0"/>
</pin_list>
<bind>
<StgValue><ssdm name=""/></StgValue>
</bind>
</comp>

<comp id="60" class="1001" name="const_60">
<pin_list>
<pin id="61" dir="1" index="0" bw="1" slack="0"/>
</pin_list>
<bind>
<StgValue><ssdm name=""/></StgValue>
</bind>
</comp>

<comp id="62" class="1001" name="const_62">
<pin_list>
<pin id="63" dir="1" index="0" bw="1" slack="0"/>
</pin_list>
<bind>
<StgValue><ssdm name=""/></StgValue>
</bind>
</comp>

<comp id="64" class="1001" name="const_64">
<pin_list>
<pin id="65" dir="1" index="0" bw="1" slack="2147483647"/>
</pin_list>
<bind>
<StgValue><ssdm name="_ssdm_op_SpecPipeline"/></StgValue>
</bind>
</comp>

<comp id="66" class="1001" name="const_66">
<pin_list>
<pin id="67" dir="1" index="0" bw="1" slack="2147483647"/>
</pin_list>
<bind>
<StgValue><ssdm name=""/></StgValue>
</bind>
</comp>

<comp id="68" class="1001" name="const_68">
<pin_list>
<pin id="69" dir="1" index="0" bw="1" slack="2147483647"/>
</pin_list>
<bind>
<StgValue><ssdm name=""/></StgValue>
</bind>
</comp>

<comp id="70" class="1001" name="const_70">
<pin_list>
<pin id="71" dir="1" index="0" bw="1" slack="2147483647"/>
</pin_list>
<bind>
<StgValue><ssdm name="empty_0"/></StgValue>
</bind>
</comp>

<comp id="72" class="1001" name="const_72">
<pin_list>
<pin id="73" dir="1" index="0" bw="1" slack="2147483647"/>
</pin_list>
<bind>
<StgValue><ssdm name="_ssdm_op_SpecLoopTripCount"/></StgValue>
</bind>
</comp>

<comp id="74" class="1001" name="const_74">
<pin_list>
<pin id="75" dir="1" index="0" bw="1" slack="2147483647"/>
</pin_list>
<bind>
<StgValue><ssdm name=""/></StgValue>
</bind>
</comp>

<comp id="76" class="1001" name="const_76">
<pin_list>
<pin id="77" dir="1" index="0" bw="1" slack="2147483647"/>
</pin_list>
<bind>
<StgValue><ssdm name="_ssdm_op_SpecLoopName"/></StgValue>
</bind>
</comp>

<comp id="78" class="1001" name="const_78">
<pin_list>
<pin id="79" dir="1" index="0" bw="1" slack="2147483647"/>
</pin_list>
<bind>
<StgValue><ssdm name="empty_3"/></StgValue>
</bind>
</comp>

<comp id="80" class="1001" name="const_80">
<pin_list>
<pin id="81" dir="1" index="0" bw="1" slack="0"/>
</pin_list>
<bind>
<StgValue><ssdm name="_ssdm_op_Write.ap_auto.i12P0A"/></StgValue>
</bind>
</comp>

<comp id="82" class="1004" name="weight_sum_fu_82">
<pin_list>
<pin id="83" dir="0" index="0" bw="1" slack="0"/>
<pin id="84" dir="1" index="1" bw="12" slack="0"/>
</pin_list>
<bind>
<opcode="alloca(26) " fcode="alloca"/>
<opset="weight_sum/1 "/>
</bind>
</comp>

<comp id="86" class="1004" name="j_2_fu_86">
<pin_list>
<pin id="87" dir="0" index="0" bw="1" slack="0"/>
<pin id="88" dir="1" index="1" bw="5" slack="0"/>
</pin_list>
<bind>
<opcode="alloca(26) " fcode="alloca"/>
<opset="j_2/1 "/>
</bind>
</comp>

<comp id="90" class="1004" name="write_ln0_write_fu_90">
<pin_list>
<pin id="91" dir="0" index="0" bw="0" slack="0"/>
<pin id="92" dir="0" index="1" bw="12" slack="0"/>
<pin id="93" dir="0" index="2" bw="12" slack="0"/>
<pin id="94" dir="1" index="3" bw="0" slack="2147483647"/>
</pin_list>
<bind>
<opcode="write(1151) " fcode="write"/>
<opset="write_ln0/2 "/>
</bind>
</comp>

<comp id="97" class="1004" name="p_ZL13weight_memory_0_addr_gep_fu_97">
<pin_list>
<pin id="98" dir="0" index="0" bw="8" slack="0"/>
<pin id="99" dir="0" index="1" bw="1" slack="0"/>
<pin id="100" dir="0" index="2" bw="1" slack="0"/>
<pin id="101" dir="1" index="3" bw="9" slack="0"/>
</pin_list>
<bind>
<opcode="getelementptr(29) " fcode="getelementptr"/>
<opset="p_ZL13weight_memory_0_addr/1 "/>
</bind>
</comp>

<comp id="104" class="1004" name="p_ZL13weight_memory_1_addr_gep_fu_104">
<pin_list>
<pin id="105" dir="0" index="0" bw="8" slack="0"/>
<pin id="106" dir="0" index="1" bw="1" slack="0"/>
<pin id="107" dir="0" index="2" bw="1" slack="0"/>
<pin id="108" dir="1" index="3" bw="9" slack="0"/>
</pin_list>
<bind>
<opcode="getelementptr(29) " fcode="getelementptr"/>
<opset="p_ZL13weight_memory_1_addr/1 "/>
</bind>
</comp>

<comp id="111" class="1004" name="p_ZL13weight_memory_2_addr_gep_fu_111">
<pin_list>
<pin id="112" dir="0" index="0" bw="8" slack="0"/>
<pin id="113" dir="0" index="1" bw="1" slack="0"/>
<pin id="114" dir="0" index="2" bw="1" slack="0"/>
<pin id="115" dir="1" index="3" bw="9" slack="0"/>
</pin_list>
<bind>
<opcode="getelementptr(29) " fcode="getelementptr"/>
<opset="p_ZL13weight_memory_2_addr/1 "/>
</bind>
</comp>

<comp id="118" class="1004" name="p_ZL13weight_memory_3_addr_gep_fu_118">
<pin_list>
<pin id="119" dir="0" index="0" bw="8" slack="0"/>
<pin id="120" dir="0" index="1" bw="1" slack="0"/>
<pin id="121" dir="0" index="2" bw="1" slack="0"/>
<pin id="122" dir="1" index="3" bw="9" slack="0"/>
</pin_list>
<bind>
<opcode="getelementptr(29) " fcode="getelementptr"/>
<opset="p_ZL13weight_memory_3_addr/1 "/>
</bind>
</comp>

<comp id="125" class="1004" name="p_ZL13weight_memory_4_addr_gep_fu_125">
<pin_list>
<pin id="126" dir="0" index="0" bw="8" slack="0"/>
<pin id="127" dir="0" index="1" bw="1" slack="0"/>
<pin id="128" dir="0" index="2" bw="1" slack="0"/>
<pin id="129" dir="1" index="3" bw="9" slack="0"/>
</pin_list>
<bind>
<opcode="getelementptr(29) " fcode="getelementptr"/>
<opset="p_ZL13weight_memory_4_addr/1 "/>
</bind>
</comp>

<comp id="132" class="1004" name="p_ZL13weight_memory_5_addr_gep_fu_132">
<pin_list>
<pin id="133" dir="0" index="0" bw="8" slack="0"/>
<pin id="134" dir="0" index="1" bw="1" slack="0"/>
<pin id="135" dir="0" index="2" bw="1" slack="0"/>
<pin id="136" dir="1" index="3" bw="9" slack="0"/>
</pin_list>
<bind>
<opcode="getelementptr(29) " fcode="getelementptr"/>
<opset="p_ZL13weight_memory_5_addr/1 "/>
</bind>
</comp>

<comp id="139" class="1004" name="p_ZL13weight_memory_6_addr_gep_fu_139">
<pin_list>
<pin id="140" dir="0" index="0" bw="8" slack="0"/>
<pin id="141" dir="0" index="1" bw="1" slack="0"/>
<pin id="142" dir="0" index="2" bw="1" slack="0"/>
<pin id="143" dir="1" index="3" bw="9" slack="0"/>
</pin_list>
<bind>
<opcode="getelementptr(29) " fcode="getelementptr"/>
<opset="p_ZL13weight_memory_6_addr/1 "/>
</bind>
</comp>

<comp id="146" class="1004" name="p_ZL13weight_memory_7_addr_gep_fu_146">
<pin_list>
<pin id="147" dir="0" index="0" bw="8" slack="0"/>
<pin id="148" dir="0" index="1" bw="1" slack="0"/>
<pin id="149" dir="0" index="2" bw="1" slack="0"/>
<pin id="150" dir="1" index="3" bw="9" slack="0"/>
</pin_list>
<bind>
<opcode="getelementptr(29) " fcode="getelementptr"/>
<opset="p_ZL13weight_memory_7_addr/1 "/>
</bind>
</comp>

<comp id="153" class="1004" name="grp_access_fu_153">
<pin_list>
<pin id="154" dir="0" index="0" bw="9" slack="0"/>
<pin id="155" dir="0" index="1" bw="8" slack="2147483647"/>
<pin id="156" dir="0" index="2" bw="0" slack="2147483647"/>
<pin id="157" dir="1" index="3" bw="8" slack="0"/>
</pin_list>
<bind>
<opcode="load(27) " fcode="load"/>
<opset="p_ZL13weight_memory_0_load/1 "/>
</bind>
</comp>

<comp id="159" class="1004" name="grp_access_fu_159">
<pin_list>
<pin id="160" dir="0" index="0" bw="9" slack="0"/>
<pin id="161" dir="0" index="1" bw="8" slack="2147483647"/>
<pin id="162" dir="0" index="2" bw="0" slack="2147483647"/>
<pin id="163" dir="1" index="3" bw="8" slack="0"/>
</pin_list>
<bind>
<opcode="load(27) " fcode="load"/>
<opset="p_ZL13weight_memory_1_load/1 "/>
</bind>
</comp>

<comp id="165" class="1004" name="grp_access_fu_165">
<pin_list>
<pin id="166" dir="0" index="0" bw="9" slack="0"/>
<pin id="167" dir="0" index="1" bw="8" slack="2147483647"/>
<pin id="168" dir="0" index="2" bw="0" slack="2147483647"/>
<pin id="169" dir="1" index="3" bw="8" slack="0"/>
</pin_list>
<bind>
<opcode="load(27) " fcode="load"/>
<opset="p_ZL13weight_memory_2_load/1 "/>
</bind>
</comp>

<comp id="171" class="1004" name="grp_access_fu_171">
<pin_list>
<pin id="172" dir="0" index="0" bw="9" slack="0"/>
<pin id="173" dir="0" index="1" bw="8" slack="2147483647"/>
<pin id="174" dir="0" index="2" bw="0" slack="2147483647"/>
<pin id="175" dir="1" index="3" bw="8" slack="0"/>
</pin_list>
<bind>
<opcode="load(27) " fcode="load"/>
<opset="p_ZL13weight_memory_3_load/1 "/>
</bind>
</comp>

<comp id="177" class="1004" name="grp_access_fu_177">
<pin_list>
<pin id="178" dir="0" index="0" bw="9" slack="0"/>
<pin id="179" dir="0" index="1" bw="8" slack="2147483647"/>
<pin id="180" dir="0" index="2" bw="0" slack="2147483647"/>
<pin id="181" dir="1" index="3" bw="8" slack="0"/>
</pin_list>
<bind>
<opcode="load(27) " fcode="load"/>
<opset="p_ZL13weight_memory_4_load/1 "/>
</bind>
</comp>

<comp id="183" class="1004" name="grp_access_fu_183">
<pin_list>
<pin id="184" dir="0" index="0" bw="9" slack="0"/>
<pin id="185" dir="0" index="1" bw="8" slack="2147483647"/>
<pin id="186" dir="0" index="2" bw="0" slack="2147483647"/>
<pin id="187" dir="1" index="3" bw="8" slack="0"/>
</pin_list>
<bind>
<opcode="load(27) " fcode="load"/>
<opset="p_ZL13weight_memory_5_load/1 "/>
</bind>
</comp>

<comp id="189" class="1004" name="grp_access_fu_189">
<pin_list>
<pin id="190" dir="0" index="0" bw="9" slack="0"/>
<pin id="191" dir="0" index="1" bw="8" slack="2147483647"/>
<pin id="192" dir="0" index="2" bw="0" slack="2147483647"/>
<pin id="193" dir="1" index="3" bw="8" slack="0"/>
</pin_list>
<bind>
<opcode="load(27) " fcode="load"/>
<opset="p_ZL13weight_memory_6_load/1 "/>
</bind>
</comp>

<comp id="195" class="1004" name="grp_access_fu_195">
<pin_list>
<pin id="196" dir="0" index="0" bw="9" slack="0"/>
<pin id="197" dir="0" index="1" bw="8" slack="2147483647"/>
<pin id="198" dir="0" index="2" bw="0" slack="2147483647"/>
<pin id="199" dir="1" index="3" bw="8" slack="0"/>
</pin_list>
<bind>
<opcode="load(27) " fcode="load"/>
<opset="p_ZL13weight_memory_7_load/1 "/>
</bind>
</comp>

<comp id="201" class="1004" name="store_ln529_store_fu_201">
<pin_list>
<pin id="202" dir="0" index="0" bw="1" slack="0"/>
<pin id="203" dir="0" index="1" bw="5" slack="0"/>
<pin id="204" dir="1" index="2" bw="0" slack="2147483647"/>
</pin_list>
<bind>
<opcode="store(28) " fcode="store"/>
<opset="store_ln529/1 "/>
</bind>
</comp>

<comp id="206" class="1004" name="store_ln526_store_fu_206">
<pin_list>
<pin id="207" dir="0" index="0" bw="1" slack="0"/>
<pin id="208" dir="0" index="1" bw="12" slack="0"/>
<pin id="209" dir="1" index="2" bw="0" slack="2147483647"/>
</pin_list>
<bind>
<opcode="store(28) " fcode="store"/>
<opset="store_ln526/1 "/>
</bind>
</comp>

<comp id="211" class="1004" name="j_load_fu_211">
<pin_list>
<pin id="212" dir="0" index="0" bw="5" slack="0"/>
<pin id="213" dir="1" index="1" bw="5" slack="0"/>
</pin_list>
<bind>
<opcode="load(27) " fcode="load"/>
<opset="j/1 "/>
</bind>
</comp>

<comp id="214" class="1004" name="icmp_ln529_fu_214">
<pin_list>
<pin id="215" dir="0" index="0" bw="5" slack="0"/>
<pin id="216" dir="0" index="1" bw="5" slack="0"/>
<pin id="217" dir="1" index="2" bw="1" slack="1"/>
</pin_list>
<bind>
<opcode="icmp(45) " fcode="icmp"/>
<opset="icmp_ln529/1 "/>
</bind>
</comp>

<comp id="220" class="1004" name="add_ln529_fu_220">
<pin_list>
<pin id="221" dir="0" index="0" bw="5" slack="0"/>
<pin id="222" dir="0" index="1" bw="1" slack="0"/>
<pin id="223" dir="1" index="2" bw="5" slack="0"/>
</pin_list>
<bind>
<opcode="add(8) " fcode="add"/>
<opset="add_ln529/1 "/>
</bind>
</comp>

<comp id="226" class="1004" name="trunc_ln529_fu_226">
<pin_list>
<pin id="227" dir="0" index="0" bw="5" slack="0"/>
<pin id="228" dir="1" index="1" bw="3" slack="1"/>
</pin_list>
<bind>
<opcode="trunc(33) " fcode="trunc"/>
<opset="trunc_ln529/1 "/>
</bind>
</comp>

<comp id="230" class="1004" name="tmp_fu_230">
<pin_list>
<pin id="231" dir="0" index="0" bw="1" slack="0"/>
<pin id="232" dir="0" index="1" bw="5" slack="0"/>
<pin id="233" dir="0" index="2" bw="3" slack="0"/>
<pin id="234" dir="1" index="3" bw="1" slack="0"/>
</pin_list>
<bind>
<opcode="bitselect(1000) " fcode="bitselect"/>
<opset="tmp/1 "/>
</bind>
</comp>

<comp id="238" class="1004" name="zext_ln526_fu_238">
<pin_list>
<pin id="239" dir="0" index="0" bw="1" slack="0"/>
<pin id="240" dir="1" index="1" bw="64" slack="0"/>
</pin_list>
<bind>
<opcode="zext(34) " fcode="zext"/>
<opset="zext_ln526/1 "/>
</bind>
</comp>

<comp id="250" class="1004" name="store_ln529_store_fu_250">
<pin_list>
<pin id="251" dir="0" index="0" bw="5" slack="0"/>
<pin id="252" dir="0" index="1" bw="5" slack="0"/>
<pin id="253" dir="1" index="2" bw="0" slack="2147483647"/>
</pin_list>
<bind>
<opcode="store(28) " fcode="store"/>
<opset="store_ln529/1 "/>
</bind>
</comp>

<comp id="255" class="1004" name="tmp_2_fu_255">
<pin_list>
<pin id="256" dir="0" index="0" bw="8" slack="0"/>
<pin id="257" dir="0" index="1" bw="3" slack="0"/>
<pin id="258" dir="0" index="2" bw="8" slack="0"/>
<pin id="259" dir="0" index="3" bw="3" slack="0"/>
<pin id="260" dir="0" index="4" bw="8" slack="0"/>
<pin id="261" dir="0" index="5" bw="3" slack="0"/>
<pin id="262" dir="0" index="6" bw="8" slack="0"/>
<pin id="263" dir="0" index="7" bw="3" slack="0"/>
<pin id="264" dir="0" index="8" bw="8" slack="0"/>
<pin id="265" dir="0" index="9" bw="3" slack="0"/>
<pin id="266" dir="0" index="10" bw="8" slack="0"/>
<pin id="267" dir="0" index="11" bw="3" slack="0"/>
<pin id="268" dir="0" index="12" bw="8" slack="0"/>
<pin id="269" dir="0" index="13" bw="3" slack="0"/>
<pin id="270" dir="0" index="14" bw="8" slack="0"/>
<pin id="271" dir="0" index="15" bw="3" slack="0"/>
<pin id="272" dir="0" index="16" bw="8" slack="0"/>
<pin id="273" dir="0" index="17" bw="8" slack="0"/>
<pin id="274" dir="0" index="18" bw="3" slack="1"/>
<pin id="275" dir="1" index="19" bw="8" slack="1"/>
</pin_list>
<bind>
<opcode="sparsemux(1197) " fcode="sparsemux"/>
<opset="tmp_2/2 "/>
</bind>
</comp>

<comp id="294" class="1004" name="weight_sum_load_load_fu_294">
<pin_list>
<pin id="295" dir="0" index="0" bw="12" slack="2"/>
<pin id="296" dir="1" index="1" bw="12" slack="0"/>
</pin_list>
<bind>
<opcode="load(27) " fcode="load"/>
<opset="weight_sum_load/3 "/>
</bind>
</comp>

<comp id="297" class="1004" name="sext_ln530_fu_297">
<pin_list>
<pin id="298" dir="0" index="0" bw="8" slack="1"/>
<pin id="299" dir="1" index="1" bw="12" slack="0"/>
</pin_list>
<bind>
<opcode="sext(35) " fcode="sext"/>
<opset="sext_ln530/3 "/>
</bind>
</comp>

<comp id="300" class="1004" name="weight_sum_13_fu_300">
<pin_list>
<pin id="301" dir="0" index="0" bw="8" slack="0"/>
<pin id="302" dir="0" index="1" bw="12" slack="0"/>
<pin id="303" dir="1" index="2" bw="12" slack="0"/>
</pin_list>
<bind>
<opcode="add(8) " fcode="add"/>
<opset="weight_sum_13/3 "/>
</bind>
</comp>

<comp id="306" class="1004" name="store_ln526_store_fu_306">
<pin_list>
<pin id="307" dir="0" index="0" bw="12" slack="0"/>
<pin id="308" dir="0" index="1" bw="12" slack="2"/>
<pin id="309" dir="1" index="2" bw="0" slack="2147483647"/>
</pin_list>
<bind>
<opcode="store(28) " fcode="store"/>
<opset="store_ln526/3 "/>
</bind>
</comp>

<comp id="311" class="1004" name="weight_sum_load_13_load_fu_311">
<pin_list>
<pin id="312" dir="0" index="0" bw="12" slack="1"/>
<pin id="313" dir="1" index="1" bw="12" slack="0"/>
</pin_list>
<bind>
<opcode="load(27) " fcode="load"/>
<opset="weight_sum_load_13/2 "/>
</bind>
</comp>

<comp id="315" class="1005" name="weight_sum_reg_315">
<pin_list>
<pin id="316" dir="0" index="0" bw="12" slack="0"/>
<pin id="317" dir="1" index="1" bw="12" slack="0"/>
</pin_list>
<bind>
<opset="weight_sum "/>
</bind>
</comp>

<comp id="323" class="1005" name="j_2_reg_323">
<pin_list>
<pin id="324" dir="0" index="0" bw="5" slack="0"/>
<pin id="325" dir="1" index="1" bw="5" slack="0"/>
</pin_list>
<bind>
<opset="j_2 "/>
</bind>
</comp>

<comp id="330" class="1005" name="icmp_ln529_reg_330">
<pin_list>
<pin id="331" dir="0" index="0" bw="1" slack="1"/>
<pin id="332" dir="1" index="1" bw="1" slack="2147483647"/>
</pin_list>
<bind>
<opset="icmp_ln529 "/>
</bind>
</comp>

<comp id="334" class="1005" name="trunc_ln529_reg_334">
<pin_list>
<pin id="335" dir="0" index="0" bw="3" slack="1"/>
<pin id="336" dir="1" index="1" bw="3" slack="1"/>
</pin_list>
<bind>
<opset="trunc_ln529 "/>
</bind>
</comp>

<comp id="339" class="1005" name="p_ZL13weight_memory_0_addr_reg_339">
<pin_list>
<pin id="340" dir="0" index="0" bw="9" slack="1"/>
<pin id="341" dir="1" index="1" bw="9" slack="1"/>
</pin_list>
<bind>
<opset="p_ZL13weight_memory_0_addr "/>
</bind>
</comp>

<comp id="344" class="1005" name="p_ZL13weight_memory_1_addr_reg_344">
<pin_list>
<pin id="345" dir="0" index="0" bw="9" slack="1"/>
<pin id="346" dir="1" index="1" bw="9" slack="1"/>
</pin_list>
<bind>
<opset="p_ZL13weight_memory_1_addr "/>
</bind>
</comp>

<comp id="349" class="1005" name="p_ZL13weight_memory_2_addr_reg_349">
<pin_list>
<pin id="350" dir="0" index="0" bw="9" slack="1"/>
<pin id="351" dir="1" index="1" bw="9" slack="1"/>
</pin_list>
<bind>
<opset="p_ZL13weight_memory_2_addr "/>
</bind>
</comp>

<comp id="354" class="1005" name="p_ZL13weight_memory_3_addr_reg_354">
<pin_list>
<pin id="355" dir="0" index="0" bw="9" slack="1"/>
<pin id="356" dir="1" index="1" bw="9" slack="1"/>
</pin_list>
<bind>
<opset="p_ZL13weight_memory_3_addr "/>
</bind>
</comp>

<comp id="359" class="1005" name="p_ZL13weight_memory_4_addr_reg_359">
<pin_list>
<pin id="360" dir="0" index="0" bw="9" slack="1"/>
<pin id="361" dir="1" index="1" bw="9" slack="1"/>
</pin_list>
<bind>
<opset="p_ZL13weight_memory_4_addr "/>
</bind>
</comp>

<comp id="364" class="1005" name="p_ZL13weight_memory_5_addr_reg_364">
<pin_list>
<pin id="365" dir="0" index="0" bw="9" slack="1"/>
<pin id="366" dir="1" index="1" bw="9" slack="1"/>
</pin_list>
<bind>
<opset="p_ZL13weight_memory_5_addr "/>
</bind>
</comp>

<comp id="369" class="1005" name="p_ZL13weight_memory_6_addr_reg_369">
<pin_list>
<pin id="370" dir="0" index="0" bw="9" slack="1"/>
<pin id="371" dir="1" index="1" bw="9" slack="1"/>
</pin_list>
<bind>
<opset="p_ZL13weight_memory_6_addr "/>
</bind>
</comp>

<comp id="374" class="1005" name="p_ZL13weight_memory_7_addr_reg_374">
<pin_list>
<pin id="375" dir="0" index="0" bw="9" slack="1"/>
<pin id="376" dir="1" index="1" bw="9" slack="1"/>
</pin_list>
<bind>
<opset="p_ZL13weight_memory_7_addr "/>
</bind>
</comp>

<comp id="379" class="1005" name="tmp_2_reg_379">
<pin_list>
<pin id="380" dir="0" index="0" bw="8" slack="1"/>
<pin id="381" dir="1" index="1" bw="8" slack="1"/>
</pin_list>
<bind>
<opset="tmp_2 "/>
</bind>
</comp>

</comp_list>

<net_list>
<net id="85"><net_src comp="18" pin="0"/><net_sink comp="82" pin=0"/></net>

<net id="89"><net_src comp="18" pin="0"/><net_sink comp="86" pin=0"/></net>

<net id="95"><net_src comp="80" pin="0"/><net_sink comp="90" pin=0"/></net>

<net id="96"><net_src comp="0" pin="0"/><net_sink comp="90" pin=1"/></net>

<net id="102"><net_src comp="2" pin="0"/><net_sink comp="97" pin=0"/></net>

<net id="103"><net_src comp="42" pin="0"/><net_sink comp="97" pin=1"/></net>

<net id="109"><net_src comp="4" pin="0"/><net_sink comp="104" pin=0"/></net>

<net id="110"><net_src comp="42" pin="0"/><net_sink comp="104" pin=1"/></net>

<net id="116"><net_src comp="6" pin="0"/><net_sink comp="111" pin=0"/></net>

<net id="117"><net_src comp="42" pin="0"/><net_sink comp="111" pin=1"/></net>

<net id="123"><net_src comp="8" pin="0"/><net_sink comp="118" pin=0"/></net>

<net id="124"><net_src comp="42" pin="0"/><net_sink comp="118" pin=1"/></net>

<net id="130"><net_src comp="10" pin="0"/><net_sink comp="125" pin=0"/></net>

<net id="131"><net_src comp="42" pin="0"/><net_sink comp="125" pin=1"/></net>

<net id="137"><net_src comp="12" pin="0"/><net_sink comp="132" pin=0"/></net>

<net id="138"><net_src comp="42" pin="0"/><net_sink comp="132" pin=1"/></net>

<net id="144"><net_src comp="14" pin="0"/><net_sink comp="139" pin=0"/></net>

<net id="145"><net_src comp="42" pin="0"/><net_sink comp="139" pin=1"/></net>

<net id="151"><net_src comp="16" pin="0"/><net_sink comp="146" pin=0"/></net>

<net id="152"><net_src comp="42" pin="0"/><net_sink comp="146" pin=1"/></net>

<net id="158"><net_src comp="97" pin="3"/><net_sink comp="153" pin=0"/></net>

<net id="164"><net_src comp="104" pin="3"/><net_sink comp="159" pin=0"/></net>

<net id="170"><net_src comp="111" pin="3"/><net_sink comp="165" pin=0"/></net>

<net id="176"><net_src comp="118" pin="3"/><net_sink comp="171" pin=0"/></net>

<net id="182"><net_src comp="125" pin="3"/><net_sink comp="177" pin=0"/></net>

<net id="188"><net_src comp="132" pin="3"/><net_sink comp="183" pin=0"/></net>

<net id="194"><net_src comp="139" pin="3"/><net_sink comp="189" pin=0"/></net>

<net id="200"><net_src comp="146" pin="3"/><net_sink comp="195" pin=0"/></net>

<net id="205"><net_src comp="30" pin="0"/><net_sink comp="201" pin=0"/></net>

<net id="210"><net_src comp="32" pin="0"/><net_sink comp="206" pin=0"/></net>

<net id="218"><net_src comp="211" pin="1"/><net_sink comp="214" pin=0"/></net>

<net id="219"><net_src comp="34" pin="0"/><net_sink comp="214" pin=1"/></net>

<net id="224"><net_src comp="211" pin="1"/><net_sink comp="220" pin=0"/></net>

<net id="225"><net_src comp="36" pin="0"/><net_sink comp="220" pin=1"/></net>

<net id="229"><net_src comp="211" pin="1"/><net_sink comp="226" pin=0"/></net>

<net id="235"><net_src comp="38" pin="0"/><net_sink comp="230" pin=0"/></net>

<net id="236"><net_src comp="211" pin="1"/><net_sink comp="230" pin=1"/></net>

<net id="237"><net_src comp="40" pin="0"/><net_sink comp="230" pin=2"/></net>

<net id="241"><net_src comp="230" pin="3"/><net_sink comp="238" pin=0"/></net>

<net id="242"><net_src comp="238" pin="1"/><net_sink comp="97" pin=2"/></net>

<net id="243"><net_src comp="238" pin="1"/><net_sink comp="104" pin=2"/></net>

<net id="244"><net_src comp="238" pin="1"/><net_sink comp="111" pin=2"/></net>

<net id="245"><net_src comp="238" pin="1"/><net_sink comp="118" pin=2"/></net>

<net id="246"><net_src comp="238" pin="1"/><net_sink comp="125" pin=2"/></net>

<net id="247"><net_src comp="238" pin="1"/><net_sink comp="132" pin=2"/></net>

<net id="248"><net_src comp="238" pin="1"/><net_sink comp="139" pin=2"/></net>

<net id="249"><net_src comp="238" pin="1"/><net_sink comp="146" pin=2"/></net>

<net id="254"><net_src comp="220" pin="2"/><net_sink comp="250" pin=0"/></net>

<net id="276"><net_src comp="44" pin="0"/><net_sink comp="255" pin=0"/></net>

<net id="277"><net_src comp="46" pin="0"/><net_sink comp="255" pin=1"/></net>

<net id="278"><net_src comp="153" pin="3"/><net_sink comp="255" pin=2"/></net>

<net id="279"><net_src comp="48" pin="0"/><net_sink comp="255" pin=3"/></net>

<net id="280"><net_src comp="159" pin="3"/><net_sink comp="255" pin=4"/></net>

<net id="281"><net_src comp="50" pin="0"/><net_sink comp="255" pin=5"/></net>

<net id="282"><net_src comp="165" pin="3"/><net_sink comp="255" pin=6"/></net>

<net id="283"><net_src comp="52" pin="0"/><net_sink comp="255" pin=7"/></net>

<net id="284"><net_src comp="171" pin="3"/><net_sink comp="255" pin=8"/></net>

<net id="285"><net_src comp="54" pin="0"/><net_sink comp="255" pin=9"/></net>

<net id="286"><net_src comp="177" pin="3"/><net_sink comp="255" pin=10"/></net>

<net id="287"><net_src comp="56" pin="0"/><net_sink comp="255" pin=11"/></net>

<net id="288"><net_src comp="183" pin="3"/><net_sink comp="255" pin=12"/></net>

<net id="289"><net_src comp="58" pin="0"/><net_sink comp="255" pin=13"/></net>

<net id="290"><net_src comp="189" pin="3"/><net_sink comp="255" pin=14"/></net>

<net id="291"><net_src comp="60" pin="0"/><net_sink comp="255" pin=15"/></net>

<net id="292"><net_src comp="195" pin="3"/><net_sink comp="255" pin=16"/></net>

<net id="293"><net_src comp="62" pin="0"/><net_sink comp="255" pin=17"/></net>

<net id="304"><net_src comp="297" pin="1"/><net_sink comp="300" pin=0"/></net>

<net id="305"><net_src comp="294" pin="1"/><net_sink comp="300" pin=1"/></net>

<net id="310"><net_src comp="300" pin="2"/><net_sink comp="306" pin=0"/></net>

<net id="314"><net_src comp="311" pin="1"/><net_sink comp="90" pin=2"/></net>

<net id="318"><net_src comp="82" pin="1"/><net_sink comp="315" pin=0"/></net>

<net id="319"><net_src comp="315" pin="1"/><net_sink comp="206" pin=1"/></net>

<net id="320"><net_src comp="315" pin="1"/><net_sink comp="294" pin=0"/></net>

<net id="321"><net_src comp="315" pin="1"/><net_sink comp="306" pin=1"/></net>

<net id="322"><net_src comp="315" pin="1"/><net_sink comp="311" pin=0"/></net>

<net id="326"><net_src comp="86" pin="1"/><net_sink comp="323" pin=0"/></net>

<net id="327"><net_src comp="323" pin="1"/><net_sink comp="201" pin=1"/></net>

<net id="328"><net_src comp="323" pin="1"/><net_sink comp="211" pin=0"/></net>

<net id="329"><net_src comp="323" pin="1"/><net_sink comp="250" pin=1"/></net>

<net id="333"><net_src comp="214" pin="2"/><net_sink comp="330" pin=0"/></net>

<net id="337"><net_src comp="226" pin="1"/><net_sink comp="334" pin=0"/></net>

<net id="338"><net_src comp="334" pin="1"/><net_sink comp="255" pin=18"/></net>

<net id="342"><net_src comp="97" pin="3"/><net_sink comp="339" pin=0"/></net>

<net id="343"><net_src comp="339" pin="1"/><net_sink comp="153" pin=0"/></net>

<net id="347"><net_src comp="104" pin="3"/><net_sink comp="344" pin=0"/></net>

<net id="348"><net_src comp="344" pin="1"/><net_sink comp="159" pin=0"/></net>

<net id="352"><net_src comp="111" pin="3"/><net_sink comp="349" pin=0"/></net>

<net id="353"><net_src comp="349" pin="1"/><net_sink comp="165" pin=0"/></net>

<net id="357"><net_src comp="118" pin="3"/><net_sink comp="354" pin=0"/></net>

<net id="358"><net_src comp="354" pin="1"/><net_sink comp="171" pin=0"/></net>

<net id="362"><net_src comp="125" pin="3"/><net_sink comp="359" pin=0"/></net>

<net id="363"><net_src comp="359" pin="1"/><net_sink comp="177" pin=0"/></net>

<net id="367"><net_src comp="132" pin="3"/><net_sink comp="364" pin=0"/></net>

<net id="368"><net_src comp="364" pin="1"/><net_sink comp="183" pin=0"/></net>

<net id="372"><net_src comp="139" pin="3"/><net_sink comp="369" pin=0"/></net>

<net id="373"><net_src comp="369" pin="1"/><net_sink comp="189" pin=0"/></net>

<net id="377"><net_src comp="146" pin="3"/><net_sink comp="374" pin=0"/></net>

<net id="378"><net_src comp="374" pin="1"/><net_sink comp="195" pin=0"/></net>

<net id="382"><net_src comp="255" pin="19"/><net_sink comp="379" pin=0"/></net>

<net id="383"><net_src comp="379" pin="1"/><net_sink comp="297" pin=0"/></net>

</net_list>

</model> 
---------------- Datapath Model END ------------------

* FSMD analyzer results:
  - Output states:
	Port: weight_sum_out | {2 }
	Port: p_ZL13weight_memory_0 | {}
	Port: p_ZL13weight_memory_1 | {}
	Port: p_ZL13weight_memory_2 | {}
	Port: p_ZL13weight_memory_3 | {}
	Port: p_ZL13weight_memory_4 | {}
	Port: p_ZL13weight_memory_5 | {}
	Port: p_ZL13weight_memory_6 | {}
	Port: p_ZL13weight_memory_7 | {}
 - Input state : 
	Port: snn_top_hls_Pipeline_VITIS_LOOP_529_1 : p_ZL13weight_memory_0 | {1 2 }
	Port: snn_top_hls_Pipeline_VITIS_LOOP_529_1 : p_ZL13weight_memory_1 | {1 2 }
	Port: snn_top_hls_Pipeline_VITIS_LOOP_529_1 : p_ZL13weight_memory_2 | {1 2 }
	Port: snn_top_hls_Pipeline_VITIS_LOOP_529_1 : p_ZL13weight_memory_3 | {1 2 }
	Port: snn_top_hls_Pipeline_VITIS_LOOP_529_1 : p_ZL13weight_memory_4 | {1 2 }
	Port: snn_top_hls_Pipeline_VITIS_LOOP_529_1 : p_ZL13weight_memory_5 | {1 2 }
	Port: snn_top_hls_Pipeline_VITIS_LOOP_529_1 : p_ZL13weight_memory_6 | {1 2 }
	Port: snn_top_hls_Pipeline_VITIS_LOOP_529_1 : p_ZL13weight_memory_7 | {1 2 }
  - Chain level:
	State 1
		store_ln529 : 1
		store_ln526 : 1
		j : 1
		icmp_ln529 : 2
		add_ln529 : 2
		br_ln529 : 3
		trunc_ln529 : 2
		tmp : 2
		zext_ln526 : 3
		p_ZL13weight_memory_0_addr : 4
		p_ZL13weight_memory_1_addr : 4
		p_ZL13weight_memory_2_addr : 4
		p_ZL13weight_memory_3_addr : 4
		p_ZL13weight_memory_4_addr : 4
		p_ZL13weight_memory_5_addr : 4
		p_ZL13weight_memory_6_addr : 4
		p_ZL13weight_memory_7_addr : 4
		p_ZL13weight_memory_0_load : 5
		p_ZL13weight_memory_1_load : 5
		p_ZL13weight_memory_2_load : 5
		p_ZL13weight_memory_3_load : 5
		p_ZL13weight_memory_4_load : 5
		p_ZL13weight_memory_5_load : 5
		p_ZL13weight_memory_6_load : 5
		p_ZL13weight_memory_7_load : 5
		store_ln529 : 3
	State 2
		tmp_2 : 1
		write_ln0 : 1
	State 3
		weight_sum_13 : 1
		store_ln526 : 2


============================================================
+ Verbose Summary: Datapath Resource usage 
============================================================

* Functional unit list:
|----------|-----------------------|---------|---------|
| Operation|    Functional Unit    |    FF   |   LUT   |
|----------|-----------------------|---------|---------|
| sparsemux|      tmp_2_fu_255     |    0    |    42   |
|----------|-----------------------|---------|---------|
|    add   |    add_ln529_fu_220   |    0    |    13   |
|          |  weight_sum_13_fu_300 |    0    |    12   |
|----------|-----------------------|---------|---------|
|   icmp   |   icmp_ln529_fu_214   |    0    |    13   |
|----------|-----------------------|---------|---------|
|   write  | write_ln0_write_fu_90 |    0    |    0    |
|----------|-----------------------|---------|---------|
|   trunc  |   trunc_ln529_fu_226  |    0    |    0    |
|----------|-----------------------|---------|---------|
| bitselect|       tmp_fu_230      |    0    |    0    |
|----------|-----------------------|---------|---------|
|   zext   |   zext_ln526_fu_238   |    0    |    0    |
|----------|-----------------------|---------|---------|
|   sext   |   sext_ln530_fu_297   |    0    |    0    |
|----------|-----------------------|---------|---------|
|   Total  |                       |    0    |    80   |
|----------|-----------------------|---------|---------|

Memories:
N/A

* Register list:
+----------------------------------+--------+
|                                  |   FF   |
+----------------------------------+--------+
|        icmp_ln529_reg_330        |    1   |
|            j_2_reg_323           |    5   |
|p_ZL13weight_memory_0_addr_reg_339|    9   |
|p_ZL13weight_memory_1_addr_reg_344|    9   |
|p_ZL13weight_memory_2_addr_reg_349|    9   |
|p_ZL13weight_memory_3_addr_reg_354|    9   |
|p_ZL13weight_memory_4_addr_reg_359|    9   |
|p_ZL13weight_memory_5_addr_reg_364|    9   |
|p_ZL13weight_memory_6_addr_reg_369|    9   |
|p_ZL13weight_memory_7_addr_reg_374|    9   |
|           tmp_2_reg_379          |    8   |
|        trunc_ln529_reg_334       |    3   |
|        weight_sum_reg_315        |   12   |
+----------------------------------+--------+
|               Total              |   101  |
+----------------------------------+--------+

* Multiplexer (MUX) list: 
|-------------------|------|------|------|--------||---------||---------||---------|
|        Comp       |  Pin | Size |  BW  | S x BW ||  Delay  ||    FF   ||   LUT   |
|-------------------|------|------|------|--------||---------||---------||---------|
| grp_access_fu_153 |  p0  |   2  |   9  |   18   ||    0    ||    9    |
| grp_access_fu_159 |  p0  |   2  |   9  |   18   ||    0    ||    9    |
| grp_access_fu_165 |  p0  |   2  |   9  |   18   ||    0    ||    9    |
| grp_access_fu_171 |  p0  |   2  |   9  |   18   ||    0    ||    9    |
| grp_access_fu_177 |  p0  |   2  |   9  |   18   ||    0    ||    9    |
| grp_access_fu_183 |  p0  |   2  |   9  |   18   ||    0    ||    9    |
| grp_access_fu_189 |  p0  |   2  |   9  |   18   ||    0    ||    9    |
| grp_access_fu_195 |  p0  |   2  |   9  |   18   ||    0    ||    9    |
|-------------------|------|------|------|--------||---------||---------||---------|
|       Total       |      |      |      |   144  ||  12.704 ||    0    ||    72   |
|-------------------|------|------|------|--------||---------||---------||---------|



* Summary:
+-----------+--------+--------+--------+
|           |  Delay |   FF   |   LUT  |
+-----------+--------+--------+--------+
|  Function |    -   |    0   |   80   |
|   Memory  |    -   |    -   |    -   |
|Multiplexer|   12   |    0   |   72   |
|  Register |    -   |   101  |    -   |
+-----------+--------+--------+--------+
|   Total   |   12   |   101  |   152  |
+-----------+--------+--------+--------+
