

================================================================
== Vitis HLS Report for 'snn_top_hls_Pipeline_INIT_WEIGHT_OUTER_INIT_WEIGHT_INNER'
================================================================
* Date:           Mon Dec  8 20:06:22 2025

* Version:        2025.2 (Build 6295257 on Nov 14 2025)
* Project:        hls_output
* Solution:       hls (Vivado IP Flow Target)
* Product family: zynq
* Target device:  xc7z020-clg400-1


================================================================
== Performance Estimates
================================================================
+ Timing: 
    * Summary: 
    +--------+----------+----------+------------+
    |  Clock |  Target  | Estimated| Uncertainty|
    +--------+----------+----------+------------+
    |ap_clk  |  10.00 ns|  6.321 ns|     2.70 ns|
    +--------+----------+----------+------------+

+ Latency: 
    * Summary: 
    +---------+---------+-----------+-----------+-----+-----+-------------------+
    |  Latency (cycles) |   Latency (absolute)  |  Interval |      Pipeline     |
    |   min   |   max   |    min    |    max    | min | max |        Type       |
    +---------+---------+-----------+-----------+-----+-----+-------------------+
    |     4099|     4099|  40.990 us|  40.990 us|    0|    0|  loop pipeline stp|
    +---------+---------+-----------+-----------+-----+-----+-------------------+

    + Detail: 
        * Instance: 
        N/A

        * Loop: 
        +---------------------------------------+---------+---------+----------+-----------+-----------+------+----------+
        |                                       |  Latency (cycles) | Iteration|  Initiation Interval  | Trip |          |
        |               Loop Name               |   min   |   max   |  Latency |  achieved |   target  | Count| Pipelined|
        +---------------------------------------+---------+---------+----------+-----------+-----------+------+----------+
        |- INIT_WEIGHT_OUTER_INIT_WEIGHT_INNER  |     4097|     4097|         3|          1|          1|  4096|       yes|
        +---------------------------------------+---------+---------+----------+-----------+-----------+------+----------+



================================================================
== Utilization Estimates
================================================================
* Summary: 
+-----------------+---------+-----+--------+-------+-----+
|       Name      | BRAM_18K| DSP |   FF   |  LUT  | URAM|
+-----------------+---------+-----+--------+-------+-----+
|DSP              |        -|    -|       -|      -|    -|
|Expression       |        -|    -|       0|     90|    -|
|FIFO             |        -|    -|       -|      -|    -|
|Instance         |        -|    -|       -|      -|    -|
|Memory           |        -|    -|       -|      -|    -|
|Multiplexer      |        -|    -|       0|     54|    -|
|Register         |        -|    -|      39|      -|    -|
+-----------------+---------+-----+--------+-------+-----+
|Total            |        0|    0|      39|    144|    0|
+-----------------+---------+-----+--------+-------+-----+
|Available        |      280|  220|  106400|  53200|    0|
+-----------------+---------+-----+--------+-------+-----+
|Utilization (%)  |        0|    0|      ~0|     ~0|    0|
+-----------------+---------+-----+--------+-------+-----+

+ Detail: 
    * Instance: 
    N/A

    * DSP: 
    N/A

    * Memory: 
    N/A

    * FIFO: 
    N/A

    * Expression: 
    +--------------------------+----------+----+---+----+------------+------------+
    |       Variable Name      | Operation| DSP| FF| LUT| Bitwidth P0| Bitwidth P1|
    +--------------------------+----------+----+---+----+------------+------------+
    |add_ln379_1_fu_262_p2     |         +|   0|  0|  14|          13|           1|
    |add_ln379_fu_336_p2       |         +|   0|  0|  14|           7|           1|
    |add_ln380_fu_322_p2       |         +|   0|  0|  14|           7|           1|
    |icmp_ln379_fu_256_p2      |      icmp|   0|  0|  17|          13|          14|
    |icmp_ln380_fu_276_p2      |      icmp|   0|  0|  15|           7|           8|
    |select_ln379_1_fu_342_p3  |    select|   0|  0|   7|           1|           7|
    |select_ln379_fu_282_p3    |    select|   0|  0|   7|           1|           1|
    |ap_enable_pp0             |       xor|   0|  0|   2|           1|           2|
    +--------------------------+----------+----+---+----+------------+------------+
    |Total                     |          |   0|  0|  90|          50|          35|
    +--------------------------+----------+----+---+----+------------+------------+

    * Multiplexer: 
    +---------------------------------------+----+-----------+-----+-----------+
    |                  Name                 | LUT| Input Size| Bits| Total Bits|
    +---------------------------------------+----+-----------+-----+-----------+
    |ap_done_int                            |   9|          2|    1|          2|
    |ap_enable_reg_pp0_iter1                |   9|          2|    1|          2|
    |ap_sig_allocacmp_indvar_flatten6_load  |   9|          2|   13|         26|
    |i_fu_86                                |   9|          2|    7|         14|
    |indvar_flatten6_fu_90                  |   9|          2|   13|         26|
    |j_1_fu_82                              |   9|          2|    7|         14|
    +---------------------------------------+----+-----------+-----+-----------+
    |Total                                  |  54|         12|   42|         84|
    +---------------------------------------+----+-----------+-----+-----------+

    * Register: 
    +----------------------------------+----+----+-----+-----------+
    |               Name               | FF | LUT| Bits| Const Bits|
    +----------------------------------+----+----+-----+-----------+
    |ap_CS_fsm                         |   1|   0|    1|          0|
    |ap_done_reg                       |   1|   0|    1|          0|
    |ap_enable_reg_pp0_iter1           |   1|   0|    1|          0|
    |ap_enable_reg_pp0_iter2           |   1|   0|    1|          0|
    |ap_loop_exit_ready_pp0_iter1_reg  |   1|   0|    1|          0|
    |i_fu_86                           |   7|   0|    7|          0|
    |icmp_ln380_reg_402                |   1|   0|    1|          0|
    |indvar_flatten6_fu_90             |  13|   0|   13|          0|
    |j_1_fu_82                         |   7|   0|    7|          0|
    |lshr_ln2_reg_411                  |   3|   0|    3|          0|
    |trunc_ln380_1_reg_407             |   3|   0|    3|          0|
    +----------------------------------+----+----+-----+-----------+
    |Total                             |  39|   0|   39|          0|
    +----------------------------------+----+----+-----+-----------+



================================================================
== Interface
================================================================
* Summary: 
+--------------------------------+-----+-----+------------+----------------------------------------------------------+--------------+
|            RTL Ports           | Dir | Bits|  Protocol  |                       Source Object                      |    C Type    |
+--------------------------------+-----+-----+------------+----------------------------------------------------------+--------------+
|ap_clk                          |   in|    1|  ap_ctrl_hs|  snn_top_hls_Pipeline_INIT_WEIGHT_OUTER_INIT_WEIGHT_INNER|  return value|
|ap_rst                          |   in|    1|  ap_ctrl_hs|  snn_top_hls_Pipeline_INIT_WEIGHT_OUTER_INIT_WEIGHT_INNER|  return value|
|ap_start                        |   in|    1|  ap_ctrl_hs|  snn_top_hls_Pipeline_INIT_WEIGHT_OUTER_INIT_WEIGHT_INNER|  return value|
|ap_done                         |  out|    1|  ap_ctrl_hs|  snn_top_hls_Pipeline_INIT_WEIGHT_OUTER_INIT_WEIGHT_INNER|  return value|
|ap_idle                         |  out|    1|  ap_ctrl_hs|  snn_top_hls_Pipeline_INIT_WEIGHT_OUTER_INIT_WEIGHT_INNER|  return value|
|ap_ready                        |  out|    1|  ap_ctrl_hs|  snn_top_hls_Pipeline_INIT_WEIGHT_OUTER_INIT_WEIGHT_INNER|  return value|
|p_ZL13weight_memory_0_address1  |  out|    9|   ap_memory|                                     p_ZL13weight_memory_0|         array|
|p_ZL13weight_memory_0_ce1       |  out|    1|   ap_memory|                                     p_ZL13weight_memory_0|         array|
|p_ZL13weight_memory_0_we1       |  out|    1|   ap_memory|                                     p_ZL13weight_memory_0|         array|
|p_ZL13weight_memory_0_d1        |  out|    8|   ap_memory|                                     p_ZL13weight_memory_0|         array|
|p_ZL13weight_memory_1_address1  |  out|    9|   ap_memory|                                     p_ZL13weight_memory_1|         array|
|p_ZL13weight_memory_1_ce1       |  out|    1|   ap_memory|                                     p_ZL13weight_memory_1|         array|
|p_ZL13weight_memory_1_we1       |  out|    1|   ap_memory|                                     p_ZL13weight_memory_1|         array|
|p_ZL13weight_memory_1_d1        |  out|    8|   ap_memory|                                     p_ZL13weight_memory_1|         array|
|p_ZL13weight_memory_2_address1  |  out|    9|   ap_memory|                                     p_ZL13weight_memory_2|         array|
|p_ZL13weight_memory_2_ce1       |  out|    1|   ap_memory|                                     p_ZL13weight_memory_2|         array|
|p_ZL13weight_memory_2_we1       |  out|    1|   ap_memory|                                     p_ZL13weight_memory_2|         array|
|p_ZL13weight_memory_2_d1        |  out|    8|   ap_memory|                                     p_ZL13weight_memory_2|         array|
|p_ZL13weight_memory_3_address1  |  out|    9|   ap_memory|                                     p_ZL13weight_memory_3|         array|
|p_ZL13weight_memory_3_ce1       |  out|    1|   ap_memory|                                     p_ZL13weight_memory_3|         array|
|p_ZL13weight_memory_3_we1       |  out|    1|   ap_memory|                                     p_ZL13weight_memory_3|         array|
|p_ZL13weight_memory_3_d1        |  out|    8|   ap_memory|                                     p_ZL13weight_memory_3|         array|
|p_ZL13weight_memory_4_address1  |  out|    9|   ap_memory|                                     p_ZL13weight_memory_4|         array|
|p_ZL13weight_memory_4_ce1       |  out|    1|   ap_memory|                                     p_ZL13weight_memory_4|         array|
|p_ZL13weight_memory_4_we1       |  out|    1|   ap_memory|                                     p_ZL13weight_memory_4|         array|
|p_ZL13weight_memory_4_d1        |  out|    8|   ap_memory|                                     p_ZL13weight_memory_4|         array|
|p_ZL13weight_memory_5_address1  |  out|    9|   ap_memory|                                     p_ZL13weight_memory_5|         array|
|p_ZL13weight_memory_5_ce1       |  out|    1|   ap_memory|                                     p_ZL13weight_memory_5|         array|
|p_ZL13weight_memory_5_we1       |  out|    1|   ap_memory|                                     p_ZL13weight_memory_5|         array|
|p_ZL13weight_memory_5_d1        |  out|    8|   ap_memory|                                     p_ZL13weight_memory_5|         array|
|p_ZL13weight_memory_6_address1  |  out|    9|   ap_memory|                                     p_ZL13weight_memory_6|         array|
|p_ZL13weight_memory_6_ce1       |  out|    1|   ap_memory|                                     p_ZL13weight_memory_6|         array|
|p_ZL13weight_memory_6_we1       |  out|    1|   ap_memory|                                     p_ZL13weight_memory_6|         array|
|p_ZL13weight_memory_6_d1        |  out|    8|   ap_memory|                                     p_ZL13weight_memory_6|         array|
|p_ZL13weight_memory_7_address1  |  out|    9|   ap_memory|                                     p_ZL13weight_memory_7|         array|
|p_ZL13weight_memory_7_ce1       |  out|    1|   ap_memory|                                     p_ZL13weight_memory_7|         array|
|p_ZL13weight_memory_7_we1       |  out|    1|   ap_memory|                                     p_ZL13weight_memory_7|         array|
|p_ZL13weight_memory_7_d1        |  out|    8|   ap_memory|                                     p_ZL13weight_memory_7|         array|
+--------------------------------+-----+-----+------------+----------------------------------------------------------+--------------+

============================================================
+ Verbose Summary: Synthesis Manager
============================================================
InlineROM: 1
ExposeGlobal: 0
============================================================
+ Verbose Summary: CDFG Model
============================================================
IsTopModel: 0
ResetActiveHigh: 1
IsCombinational: 2
IsDatapathOnly: 2
HasWiredReturn: 1
HasMFsm: 2
HasVarLatency: 1
IsPipeline: 0
IsRtlPipelined: 0
IsInstanceOverlapped: 0
IsDontTouch: 0
HasImplIP: 0
IsGatedGlobalClock: 0

+ Individual pipeline summary: 
  * Pipeline-0: initiation interval (II) = 1, depth = 3


============================================================
+ Verbose Summary: Schedule
============================================================
* Number of FSM states : 3
* Pipeline : 1
  Pipeline-0 : II = 1, D = 3, States = { 1 2 3 }
* Dataflow Pipeline: 0

* FSM state transitions: 
1 --> 2 
2 --> 3 
3 --> 

* FSM state operations: 

State 1 <SV = 0> <Delay = 4.85>
ST_1 : Operation 6 [1/1] (0.00ns)   --->   "%j_1 = alloca i32 1" [src/snn_top_hls.cpp:380]   --->   Operation 6 'alloca' 'j_1' <Predicate = true> <Delay = 0.00>
ST_1 : Operation 7 [1/1] (0.00ns)   --->   "%i = alloca i32 1" [src/snn_top_hls.cpp:379]   --->   Operation 7 'alloca' 'i' <Predicate = true> <Delay = 0.00>
ST_1 : Operation 8 [1/1] (0.00ns)   --->   "%indvar_flatten6 = alloca i32 1"   --->   Operation 8 'alloca' 'indvar_flatten6' <Predicate = true> <Delay = 0.00>
ST_1 : Operation 9 [1/1] (0.00ns)   --->   "%specmemcore_ln0 = specmemcore void @_ssdm_op_SpecMemCore, i8 %p_ZL13weight_memory_0, i64 666, i64 22, i64 18446744073709551615, i1 0"   --->   Operation 9 'specmemcore' 'specmemcore_ln0' <Predicate = true> <Delay = 0.00>
ST_1 : Operation 10 [1/1] (0.00ns)   --->   "%specmemcore_ln0 = specmemcore void @_ssdm_op_SpecMemCore, i8 %p_ZL13weight_memory_1, i64 666, i64 22, i64 18446744073709551615, i1 0"   --->   Operation 10 'specmemcore' 'specmemcore_ln0' <Predicate = true> <Delay = 0.00>
ST_1 : Operation 11 [1/1] (0.00ns)   --->   "%specmemcore_ln0 = specmemcore void @_ssdm_op_SpecMemCore, i8 %p_ZL13weight_memory_2, i64 666, i64 22, i64 18446744073709551615, i1 0"   --->   Operation 11 'specmemcore' 'specmemcore_ln0' <Predicate = true> <Delay = 0.00>
ST_1 : Operation 12 [1/1] (0.00ns)   --->   "%specmemcore_ln0 = specmemcore void @_ssdm_op_SpecMemCore, i8 %p_ZL13weight_memory_3, i64 666, i64 22, i64 18446744073709551615, i1 0"   --->   Operation 12 'specmemcore' 'specmemcore_ln0' <Predicate = true> <Delay = 0.00>
ST_1 : Operation 13 [1/1] (0.00ns)   --->   "%specmemcore_ln0 = specmemcore void @_ssdm_op_SpecMemCore, i8 %p_ZL13weight_memory_4, i64 666, i64 22, i64 18446744073709551615, i1 0"   --->   Operation 13 'specmemcore' 'specmemcore_ln0' <Predicate = true> <Delay = 0.00>
ST_1 : Operation 14 [1/1] (0.00ns)   --->   "%specmemcore_ln0 = specmemcore void @_ssdm_op_SpecMemCore, i8 %p_ZL13weight_memory_5, i64 666, i64 22, i64 18446744073709551615, i1 0"   --->   Operation 14 'specmemcore' 'specmemcore_ln0' <Predicate = true> <Delay = 0.00>
ST_1 : Operation 15 [1/1] (0.00ns)   --->   "%specmemcore_ln0 = specmemcore void @_ssdm_op_SpecMemCore, i8 %p_ZL13weight_memory_6, i64 666, i64 22, i64 18446744073709551615, i1 0"   --->   Operation 15 'specmemcore' 'specmemcore_ln0' <Predicate = true> <Delay = 0.00>
ST_1 : Operation 16 [1/1] (0.00ns)   --->   "%specmemcore_ln0 = specmemcore void @_ssdm_op_SpecMemCore, i8 %p_ZL13weight_memory_7, i64 666, i64 22, i64 18446744073709551615, i1 0"   --->   Operation 16 'specmemcore' 'specmemcore_ln0' <Predicate = true> <Delay = 0.00>
ST_1 : Operation 17 [1/1] (1.58ns)   --->   "%store_ln0 = store i13 0, i13 %indvar_flatten6"   --->   Operation 17 'store' 'store_ln0' <Predicate = true> <Delay = 1.58>
ST_1 : Operation 18 [1/1] (1.58ns)   --->   "%store_ln379 = store i7 0, i7 %i" [src/snn_top_hls.cpp:379]   --->   Operation 18 'store' 'store_ln379' <Predicate = true> <Delay = 1.58>
ST_1 : Operation 19 [1/1] (1.58ns)   --->   "%store_ln380 = store i7 0, i7 %j_1" [src/snn_top_hls.cpp:380]   --->   Operation 19 'store' 'store_ln380' <Predicate = true> <Delay = 1.58>
ST_1 : Operation 20 [1/1] (0.00ns)   --->   "%br_ln0 = br void %for.inc75"   --->   Operation 20 'br' 'br_ln0' <Predicate = true> <Delay = 0.00>
ST_1 : Operation 21 [1/1] (0.00ns)   --->   "%indvar_flatten6_load = load i13 %indvar_flatten6" [src/snn_top_hls.cpp:379]   --->   Operation 21 'load' 'indvar_flatten6_load' <Predicate = true> <Delay = 0.00>
ST_1 : Operation 22 [1/1] (1.67ns)   --->   "%icmp_ln379 = icmp_eq  i13 %indvar_flatten6_load, i13 4096" [src/snn_top_hls.cpp:379]   --->   Operation 22 'icmp' 'icmp_ln379' <Predicate = true> <Delay = 1.67> <CoreInst = "Cmp">   --->   Core 9 'Cmp' <Latency = 0> <II = 1> <Delay = 1.81> <FuncUnit> <Opcode : 'seteq' 'setne' 'setle' 'setge' 'setlt' 'setgt'> <InPorts = 2> <OutPorts = 1>
ST_1 : Operation 23 [1/1] (1.67ns)   --->   "%add_ln379_1 = add i13 %indvar_flatten6_load, i13 1" [src/snn_top_hls.cpp:379]   --->   Operation 23 'add' 'add_ln379_1' <Predicate = true> <Delay = 1.67> <CoreInst = "Adder">   --->   Core 1 'Adder' <Latency = 0> <II = 1> <Delay = 1.67> <FuncUnit> <Opcode : 'add' 'sub'> <InPorts = 2> <OutPorts = 1>
ST_1 : Operation 24 [1/1] (0.00ns)   --->   "%br_ln379 = br i1 %icmp_ln379, void %for.inc78, void %for.end80.exitStub" [src/snn_top_hls.cpp:379]   --->   Operation 24 'br' 'br_ln379' <Predicate = true> <Delay = 0.00>
ST_1 : Operation 25 [1/1] (1.58ns)   --->   "%store_ln379 = store i13 %add_ln379_1, i13 %indvar_flatten6" [src/snn_top_hls.cpp:379]   --->   Operation 25 'store' 'store_ln379' <Predicate = (!icmp_ln379)> <Delay = 1.58>

State 2 <SV = 1> <Delay = 6.32>
ST_2 : Operation 26 [1/1] (0.00ns)   --->   "%j_1_load = load i7 %j_1" [src/snn_top_hls.cpp:380]   --->   Operation 26 'load' 'j_1_load' <Predicate = true> <Delay = 0.00>
ST_2 : Operation 27 [1/1] (1.87ns)   --->   "%icmp_ln380 = icmp_eq  i7 %j_1_load, i7 64" [src/snn_top_hls.cpp:380]   --->   Operation 27 'icmp' 'icmp_ln380' <Predicate = true> <Delay = 1.87> <CoreInst = "Cmp">   --->   Core 9 'Cmp' <Latency = 0> <II = 1> <Delay = 1.91> <FuncUnit> <Opcode : 'seteq' 'setne' 'setle' 'setge' 'setlt' 'setgt'> <InPorts = 2> <OutPorts = 1>
ST_2 : Operation 28 [1/1] (0.99ns)   --->   "%select_ln379 = select i1 %icmp_ln380, i7 0, i7 %j_1_load" [src/snn_top_hls.cpp:379]   --->   Operation 28 'select' 'select_ln379' <Predicate = true> <Delay = 0.99> <CoreInst = "Sel">   --->   Core 73 'Sel' <Latency = 0> <II = 1> <Delay = 0.99> <FuncUnit> <Opcode : 'select'> <InPorts = 3> <OutPorts = 1>
ST_2 : Operation 29 [1/1] (0.00ns)   --->   "%trunc_ln380_1 = trunc i7 %select_ln379" [src/snn_top_hls.cpp:380]   --->   Operation 29 'trunc' 'trunc_ln380_1' <Predicate = true> <Delay = 0.00>
ST_2 : Operation 30 [1/1] (0.00ns)   --->   "%lshr_ln2 = partselect i3 @_ssdm_op_PartSelect.i3.i7.i32.i32, i7 %select_ln379, i32 3, i32 5" [src/snn_top_hls.cpp:382]   --->   Operation 30 'partselect' 'lshr_ln2' <Predicate = true> <Delay = 0.00>
ST_2 : Operation 31 [1/1] (1.65ns)   --->   "%switch_ln382 = switch i3 %trunc_ln380_1, void %arrayidx743.case.7, i3 0, void %arrayidx743.case.0, i3 1, void %arrayidx743.case.1, i3 2, void %arrayidx743.case.2, i3 3, void %arrayidx743.case.3, i3 4, void %arrayidx743.case.4, i3 5, void %arrayidx743.case.5, i3 6, void %arrayidx743.case.6" [src/snn_top_hls.cpp:382]   --->   Operation 31 'switch' 'switch_ln382' <Predicate = true> <Delay = 1.65>
ST_2 : Operation 32 [1/1] (1.87ns)   --->   "%add_ln380 = add i7 %select_ln379, i7 1" [src/snn_top_hls.cpp:380]   --->   Operation 32 'add' 'add_ln380' <Predicate = true> <Delay = 1.87> <CoreInst = "Adder">   --->   Core 1 'Adder' <Latency = 0> <II = 1> <Delay = 1.87> <FuncUnit> <Opcode : 'add' 'sub'> <InPorts = 2> <OutPorts = 1>
ST_2 : Operation 33 [1/1] (1.58ns)   --->   "%store_ln380 = store i7 %add_ln380, i7 %j_1" [src/snn_top_hls.cpp:380]   --->   Operation 33 'store' 'store_ln380' <Predicate = true> <Delay = 1.58>
ST_2 : Operation 69 [1/1] (1.58ns)   --->   "%ret_ln0 = ret"   --->   Operation 69 'ret' 'ret_ln0' <Predicate = (icmp_ln379)> <Delay = 1.58>

State 3 <SV = 2> <Delay = 6.11>
ST_3 : Operation 34 [1/1] (0.00ns)   --->   "%i_load = load i7 %i" [src/snn_top_hls.cpp:379]   --->   Operation 34 'load' 'i_load' <Predicate = true> <Delay = 0.00>
ST_3 : Operation 35 [1/1] (1.87ns)   --->   "%add_ln379 = add i7 %i_load, i7 1" [src/snn_top_hls.cpp:379]   --->   Operation 35 'add' 'add_ln379' <Predicate = (icmp_ln380)> <Delay = 1.87> <CoreInst = "Adder">   --->   Core 1 'Adder' <Latency = 0> <II = 1> <Delay = 1.87> <FuncUnit> <Opcode : 'add' 'sub'> <InPorts = 2> <OutPorts = 1>
ST_3 : Operation 36 [1/1] (0.00ns)   --->   "%specloopname_ln0 = specloopname void @_ssdm_op_SpecLoopName, void @INIT_WEIGHT_OUTER_INIT_WEIGHT_INNER_str"   --->   Operation 36 'specloopname' 'specloopname_ln0' <Predicate = true> <Delay = 0.00>
ST_3 : Operation 37 [1/1] (0.00ns)   --->   "%speclooptripcount_ln0 = speclooptripcount void @_ssdm_op_SpecLoopTripCount, i64 4096, i64 4096, i64 4096"   --->   Operation 37 'speclooptripcount' 'speclooptripcount_ln0' <Predicate = true> <Delay = 0.00>
ST_3 : Operation 38 [1/1] (0.99ns)   --->   "%select_ln379_1 = select i1 %icmp_ln380, i7 %add_ln379, i7 %i_load" [src/snn_top_hls.cpp:379]   --->   Operation 38 'select' 'select_ln379_1' <Predicate = true> <Delay = 0.99> <CoreInst = "Sel">   --->   Core 73 'Sel' <Latency = 0> <II = 1> <Delay = 0.99> <FuncUnit> <Opcode : 'select'> <InPorts = 3> <OutPorts = 1>
ST_3 : Operation 39 [1/1] (0.00ns)   --->   "%trunc_ln380 = trunc i7 %select_ln379_1" [src/snn_top_hls.cpp:380]   --->   Operation 39 'trunc' 'trunc_ln380' <Predicate = true> <Delay = 0.00>
ST_3 : Operation 40 [1/1] (0.00ns)   --->   "%specpipeline_ln381 = specpipeline void @_ssdm_op_SpecPipeline, i32 1, i32 0, i32 0, i32 0, i32 4294967295, void @empty_0" [src/snn_top_hls.cpp:381]   --->   Operation 40 'specpipeline' 'specpipeline_ln381' <Predicate = true> <Delay = 0.00>
ST_3 : Operation 41 [1/1] (0.00ns)   --->   "%tmp_s = bitconcatenate i9 @_ssdm_op_BitConcatenate.i9.i6.i3, i6 %trunc_ln380, i3 %lshr_ln2" [src/snn_top_hls.cpp:382]   --->   Operation 41 'bitconcatenate' 'tmp_s' <Predicate = true> <Delay = 0.00>
ST_3 : Operation 42 [1/1] (0.00ns)   --->   "%zext_ln382 = zext i9 %tmp_s" [src/snn_top_hls.cpp:382]   --->   Operation 42 'zext' 'zext_ln382' <Predicate = true> <Delay = 0.00>
ST_3 : Operation 43 [1/1] (0.00ns)   --->   "%p_ZL13weight_memory_0_addr = getelementptr i8 %p_ZL13weight_memory_0, i64 0, i64 %zext_ln382" [src/snn_top_hls.cpp:382]   --->   Operation 43 'getelementptr' 'p_ZL13weight_memory_0_addr' <Predicate = true> <Delay = 0.00>
ST_3 : Operation 44 [1/1] (0.00ns)   --->   "%p_ZL13weight_memory_1_addr = getelementptr i8 %p_ZL13weight_memory_1, i64 0, i64 %zext_ln382" [src/snn_top_hls.cpp:382]   --->   Operation 44 'getelementptr' 'p_ZL13weight_memory_1_addr' <Predicate = true> <Delay = 0.00>
ST_3 : Operation 45 [1/1] (0.00ns)   --->   "%p_ZL13weight_memory_2_addr = getelementptr i8 %p_ZL13weight_memory_2, i64 0, i64 %zext_ln382" [src/snn_top_hls.cpp:382]   --->   Operation 45 'getelementptr' 'p_ZL13weight_memory_2_addr' <Predicate = true> <Delay = 0.00>
ST_3 : Operation 46 [1/1] (0.00ns)   --->   "%p_ZL13weight_memory_3_addr = getelementptr i8 %p_ZL13weight_memory_3, i64 0, i64 %zext_ln382" [src/snn_top_hls.cpp:382]   --->   Operation 46 'getelementptr' 'p_ZL13weight_memory_3_addr' <Predicate = true> <Delay = 0.00>
ST_3 : Operation 47 [1/1] (0.00ns)   --->   "%p_ZL13weight_memory_4_addr = getelementptr i8 %p_ZL13weight_memory_4, i64 0, i64 %zext_ln382" [src/snn_top_hls.cpp:382]   --->   Operation 47 'getelementptr' 'p_ZL13weight_memory_4_addr' <Predicate = true> <Delay = 0.00>
ST_3 : Operation 48 [1/1] (0.00ns)   --->   "%p_ZL13weight_memory_5_addr = getelementptr i8 %p_ZL13weight_memory_5, i64 0, i64 %zext_ln382" [src/snn_top_hls.cpp:382]   --->   Operation 48 'getelementptr' 'p_ZL13weight_memory_5_addr' <Predicate = true> <Delay = 0.00>
ST_3 : Operation 49 [1/1] (0.00ns)   --->   "%p_ZL13weight_memory_6_addr = getelementptr i8 %p_ZL13weight_memory_6, i64 0, i64 %zext_ln382" [src/snn_top_hls.cpp:382]   --->   Operation 49 'getelementptr' 'p_ZL13weight_memory_6_addr' <Predicate = true> <Delay = 0.00>
ST_3 : Operation 50 [1/1] (0.00ns)   --->   "%p_ZL13weight_memory_7_addr = getelementptr i8 %p_ZL13weight_memory_7, i64 0, i64 %zext_ln382" [src/snn_top_hls.cpp:382]   --->   Operation 50 'getelementptr' 'p_ZL13weight_memory_7_addr' <Predicate = true> <Delay = 0.00>
ST_3 : Operation 51 [1/1] ( I:3.25ns O:3.25ns )   --->   "%store_ln382 = store i8 0, i9 %p_ZL13weight_memory_6_addr" [src/snn_top_hls.cpp:382]   --->   Operation 51 'store' 'store_ln382' <Predicate = (trunc_ln380_1 == 6)> <Delay = 3.25> <CoreInst = "RAM_2P_BRAM">   --->   Core 90 'RAM_2P_BRAM' <Latency = 1> <II = 1> <Delay = 3.25> <Storage> <Opcode : 'load' 'store'> <Ports = 2> <Width = 8> <Depth = 512> <RAM>
ST_3 : Operation 52 [1/1] (0.00ns)   --->   "%br_ln382 = br void %arrayidx743.exit" [src/snn_top_hls.cpp:382]   --->   Operation 52 'br' 'br_ln382' <Predicate = (trunc_ln380_1 == 6)> <Delay = 0.00>
ST_3 : Operation 53 [1/1] ( I:3.25ns O:3.25ns )   --->   "%store_ln382 = store i8 0, i9 %p_ZL13weight_memory_5_addr" [src/snn_top_hls.cpp:382]   --->   Operation 53 'store' 'store_ln382' <Predicate = (trunc_ln380_1 == 5)> <Delay = 3.25> <CoreInst = "RAM_2P_BRAM">   --->   Core 90 'RAM_2P_BRAM' <Latency = 1> <II = 1> <Delay = 3.25> <Storage> <Opcode : 'load' 'store'> <Ports = 2> <Width = 8> <Depth = 512> <RAM>
ST_3 : Operation 54 [1/1] (0.00ns)   --->   "%br_ln382 = br void %arrayidx743.exit" [src/snn_top_hls.cpp:382]   --->   Operation 54 'br' 'br_ln382' <Predicate = (trunc_ln380_1 == 5)> <Delay = 0.00>
ST_3 : Operation 55 [1/1] ( I:3.25ns O:3.25ns )   --->   "%store_ln382 = store i8 0, i9 %p_ZL13weight_memory_4_addr" [src/snn_top_hls.cpp:382]   --->   Operation 55 'store' 'store_ln382' <Predicate = (trunc_ln380_1 == 4)> <Delay = 3.25> <CoreInst = "RAM_2P_BRAM">   --->   Core 90 'RAM_2P_BRAM' <Latency = 1> <II = 1> <Delay = 3.25> <Storage> <Opcode : 'load' 'store'> <Ports = 2> <Width = 8> <Depth = 512> <RAM>
ST_3 : Operation 56 [1/1] (0.00ns)   --->   "%br_ln382 = br void %arrayidx743.exit" [src/snn_top_hls.cpp:382]   --->   Operation 56 'br' 'br_ln382' <Predicate = (trunc_ln380_1 == 4)> <Delay = 0.00>
ST_3 : Operation 57 [1/1] ( I:3.25ns O:3.25ns )   --->   "%store_ln382 = store i8 0, i9 %p_ZL13weight_memory_3_addr" [src/snn_top_hls.cpp:382]   --->   Operation 57 'store' 'store_ln382' <Predicate = (trunc_ln380_1 == 3)> <Delay = 3.25> <CoreInst = "RAM_2P_BRAM">   --->   Core 90 'RAM_2P_BRAM' <Latency = 1> <II = 1> <Delay = 3.25> <Storage> <Opcode : 'load' 'store'> <Ports = 2> <Width = 8> <Depth = 512> <RAM>
ST_3 : Operation 58 [1/1] (0.00ns)   --->   "%br_ln382 = br void %arrayidx743.exit" [src/snn_top_hls.cpp:382]   --->   Operation 58 'br' 'br_ln382' <Predicate = (trunc_ln380_1 == 3)> <Delay = 0.00>
ST_3 : Operation 59 [1/1] ( I:3.25ns O:3.25ns )   --->   "%store_ln382 = store i8 0, i9 %p_ZL13weight_memory_2_addr" [src/snn_top_hls.cpp:382]   --->   Operation 59 'store' 'store_ln382' <Predicate = (trunc_ln380_1 == 2)> <Delay = 3.25> <CoreInst = "RAM_2P_BRAM">   --->   Core 90 'RAM_2P_BRAM' <Latency = 1> <II = 1> <Delay = 3.25> <Storage> <Opcode : 'load' 'store'> <Ports = 2> <Width = 8> <Depth = 512> <RAM>
ST_3 : Operation 60 [1/1] (0.00ns)   --->   "%br_ln382 = br void %arrayidx743.exit" [src/snn_top_hls.cpp:382]   --->   Operation 60 'br' 'br_ln382' <Predicate = (trunc_ln380_1 == 2)> <Delay = 0.00>
ST_3 : Operation 61 [1/1] ( I:3.25ns O:3.25ns )   --->   "%store_ln382 = store i8 0, i9 %p_ZL13weight_memory_1_addr" [src/snn_top_hls.cpp:382]   --->   Operation 61 'store' 'store_ln382' <Predicate = (trunc_ln380_1 == 1)> <Delay = 3.25> <CoreInst = "RAM_2P_BRAM">   --->   Core 90 'RAM_2P_BRAM' <Latency = 1> <II = 1> <Delay = 3.25> <Storage> <Opcode : 'load' 'store'> <Ports = 2> <Width = 8> <Depth = 512> <RAM>
ST_3 : Operation 62 [1/1] (0.00ns)   --->   "%br_ln382 = br void %arrayidx743.exit" [src/snn_top_hls.cpp:382]   --->   Operation 62 'br' 'br_ln382' <Predicate = (trunc_ln380_1 == 1)> <Delay = 0.00>
ST_3 : Operation 63 [1/1] ( I:3.25ns O:3.25ns )   --->   "%store_ln382 = store i8 0, i9 %p_ZL13weight_memory_0_addr" [src/snn_top_hls.cpp:382]   --->   Operation 63 'store' 'store_ln382' <Predicate = (trunc_ln380_1 == 0)> <Delay = 3.25> <CoreInst = "RAM_2P_BRAM">   --->   Core 90 'RAM_2P_BRAM' <Latency = 1> <II = 1> <Delay = 3.25> <Storage> <Opcode : 'load' 'store'> <Ports = 2> <Width = 8> <Depth = 512> <RAM>
ST_3 : Operation 64 [1/1] (0.00ns)   --->   "%br_ln382 = br void %arrayidx743.exit" [src/snn_top_hls.cpp:382]   --->   Operation 64 'br' 'br_ln382' <Predicate = (trunc_ln380_1 == 0)> <Delay = 0.00>
ST_3 : Operation 65 [1/1] ( I:3.25ns O:3.25ns )   --->   "%store_ln382 = store i8 0, i9 %p_ZL13weight_memory_7_addr" [src/snn_top_hls.cpp:382]   --->   Operation 65 'store' 'store_ln382' <Predicate = (trunc_ln380_1 == 7)> <Delay = 3.25> <CoreInst = "RAM_2P_BRAM">   --->   Core 90 'RAM_2P_BRAM' <Latency = 1> <II = 1> <Delay = 3.25> <Storage> <Opcode : 'load' 'store'> <Ports = 2> <Width = 8> <Depth = 512> <RAM>
ST_3 : Operation 66 [1/1] (0.00ns)   --->   "%br_ln382 = br void %arrayidx743.exit" [src/snn_top_hls.cpp:382]   --->   Operation 66 'br' 'br_ln382' <Predicate = (trunc_ln380_1 == 7)> <Delay = 0.00>
ST_3 : Operation 67 [1/1] (1.58ns)   --->   "%store_ln379 = store i7 %select_ln379_1, i7 %i" [src/snn_top_hls.cpp:379]   --->   Operation 67 'store' 'store_ln379' <Predicate = true> <Delay = 1.58>
ST_3 : Operation 68 [1/1] (0.00ns)   --->   "%br_ln380 = br void %for.inc75" [src/snn_top_hls.cpp:380]   --->   Operation 68 'br' 'br_ln380' <Predicate = true> <Delay = 0.00>


============================================================
+ Verbose Summary: Binding
============================================================
STG Binding: 
---------------- STG Properties BEGIN ----------------
- Is combinational: 0
- Is one-state seq: 0
- Is datapath-only: 0
- Is pipelined: 0
- Is top level: 0
Port [ Return ] is wired: 1; IO mode=ap_ctrl_hs:ce=0
Port [ p_ZL13weight_memory_0]:  wired=1; compound=1; hidden=0; nouse=0; global=1; static=1; extern=0; dir=1; type=1; pingpong=0; private_global=0; MemPort=[30]; IO mode=ap_memory:ce=0
Port [ p_ZL13weight_memory_1]:  wired=1; compound=1; hidden=0; nouse=0; global=1; static=1; extern=0; dir=1; type=1; pingpong=0; private_global=0; MemPort=[30]; IO mode=ap_memory:ce=0
Port [ p_ZL13weight_memory_2]:  wired=1; compound=1; hidden=0; nouse=0; global=1; static=1; extern=0; dir=1; type=1; pingpong=0; private_global=0; MemPort=[30]; IO mode=ap_memory:ce=0
Port [ p_ZL13weight_memory_3]:  wired=1; compound=1; hidden=0; nouse=0; global=1; static=1; extern=0; dir=1; type=1; pingpong=0; private_global=0; MemPort=[30]; IO mode=ap_memory:ce=0
Port [ p_ZL13weight_memory_4]:  wired=1; compound=1; hidden=0; nouse=0; global=1; static=1; extern=0; dir=1; type=1; pingpong=0; private_global=0; MemPort=[30]; IO mode=ap_memory:ce=0
Port [ p_ZL13weight_memory_5]:  wired=1; compound=1; hidden=0; nouse=0; global=1; static=1; extern=0; dir=1; type=1; pingpong=0; private_global=0; MemPort=[30]; IO mode=ap_memory:ce=0
Port [ p_ZL13weight_memory_6]:  wired=1; compound=1; hidden=0; nouse=0; global=1; static=1; extern=0; dir=1; type=1; pingpong=0; private_global=0; MemPort=[30]; IO mode=ap_memory:ce=0
Port [ p_ZL13weight_memory_7]:  wired=1; compound=1; hidden=0; nouse=0; global=1; static=1; extern=0; dir=1; type=1; pingpong=0; private_global=0; MemPort=[30]; IO mode=ap_memory:ce=0
---------------- STG Properties END ------------------

---------------- Datapath Model BEGIN ----------------

<LifeTime>
<method=bitvector/>
j_1                        (alloca           ) [ 0110]
i                          (alloca           ) [ 0111]
indvar_flatten6            (alloca           ) [ 0100]
specmemcore_ln0            (specmemcore      ) [ 0000]
specmemcore_ln0            (specmemcore      ) [ 0000]
specmemcore_ln0            (specmemcore      ) [ 0000]
specmemcore_ln0            (specmemcore      ) [ 0000]
specmemcore_ln0            (specmemcore      ) [ 0000]
specmemcore_ln0            (specmemcore      ) [ 0000]
specmemcore_ln0            (specmemcore      ) [ 0000]
specmemcore_ln0            (specmemcore      ) [ 0000]
store_ln0                  (store            ) [ 0000]
store_ln379                (store            ) [ 0000]
store_ln380                (store            ) [ 0000]
br_ln0                     (br               ) [ 0000]
indvar_flatten6_load       (load             ) [ 0000]
icmp_ln379                 (icmp             ) [ 0110]
add_ln379_1                (add              ) [ 0000]
br_ln379                   (br               ) [ 0000]
store_ln379                (store            ) [ 0000]
j_1_load                   (load             ) [ 0000]
icmp_ln380                 (icmp             ) [ 0101]
select_ln379               (select           ) [ 0000]
trunc_ln380_1              (trunc            ) [ 0101]
lshr_ln2                   (partselect       ) [ 0101]
switch_ln382               (switch           ) [ 0000]
add_ln380                  (add              ) [ 0000]
store_ln380                (store            ) [ 0000]
i_load                     (load             ) [ 0000]
add_ln379                  (add              ) [ 0000]
specloopname_ln0           (specloopname     ) [ 0000]
speclooptripcount_ln0      (speclooptripcount) [ 0000]
select_ln379_1             (select           ) [ 0000]
trunc_ln380                (trunc            ) [ 0000]
specpipeline_ln381         (specpipeline     ) [ 0000]
tmp_s                      (bitconcatenate   ) [ 0000]
zext_ln382                 (zext             ) [ 0000]
p_ZL13weight_memory_0_addr (getelementptr    ) [ 0000]
p_ZL13weight_memory_1_addr (getelementptr    ) [ 0000]
p_ZL13weight_memory_2_addr (getelementptr    ) [ 0000]
p_ZL13weight_memory_3_addr (getelementptr    ) [ 0000]
p_ZL13weight_memory_4_addr (getelementptr    ) [ 0000]
p_ZL13weight_memory_5_addr (getelementptr    ) [ 0000]
p_ZL13weight_memory_6_addr (getelementptr    ) [ 0000]
p_ZL13weight_memory_7_addr (getelementptr    ) [ 0000]
store_ln382                (store            ) [ 0000]
br_ln382                   (br               ) [ 0000]
store_ln382                (store            ) [ 0000]
br_ln382                   (br               ) [ 0000]
store_ln382                (store            ) [ 0000]
br_ln382                   (br               ) [ 0000]
store_ln382                (store            ) [ 0000]
br_ln382                   (br               ) [ 0000]
store_ln382                (store            ) [ 0000]
br_ln382                   (br               ) [ 0000]
store_ln382                (store            ) [ 0000]
br_ln382                   (br               ) [ 0000]
store_ln382                (store            ) [ 0000]
br_ln382                   (br               ) [ 0000]
store_ln382                (store            ) [ 0000]
br_ln382                   (br               ) [ 0000]
store_ln379                (store            ) [ 0000]
br_ln380                   (br               ) [ 0000]
ret_ln0                    (ret              ) [ 0000]
</LifeTime>

<model>

<comp_list>
<comp id="0" class="1000" name="p_ZL13weight_memory_0">
<pin_list>
<pin id="1" dir="1" index="0" bw="1" slack="0"/>
</pin_list>
<bind>
<StgValue><ssdm name="p_ZL13weight_memory_0"/><MemPortTyVec>3 0 </MemPortTyVec>
</StgValue>
</bind>
</comp>

<comp id="2" class="1000" name="p_ZL13weight_memory_1">
<pin_list>
<pin id="3" dir="1" index="0" bw="1" slack="0"/>
</pin_list>
<bind>
<StgValue><ssdm name="p_ZL13weight_memory_1"/><MemPortTyVec>3 0 </MemPortTyVec>
</StgValue>
</bind>
</comp>

<comp id="4" class="1000" name="p_ZL13weight_memory_2">
<pin_list>
<pin id="5" dir="1" index="0" bw="1" slack="0"/>
</pin_list>
<bind>
<StgValue><ssdm name="p_ZL13weight_memory_2"/><MemPortTyVec>3 0 </MemPortTyVec>
</StgValue>
</bind>
</comp>

<comp id="6" class="1000" name="p_ZL13weight_memory_3">
<pin_list>
<pin id="7" dir="1" index="0" bw="1" slack="0"/>
</pin_list>
<bind>
<StgValue><ssdm name="p_ZL13weight_memory_3"/><MemPortTyVec>3 0 </MemPortTyVec>
</StgValue>
</bind>
</comp>

<comp id="8" class="1000" name="p_ZL13weight_memory_4">
<pin_list>
<pin id="9" dir="1" index="0" bw="1" slack="0"/>
</pin_list>
<bind>
<StgValue><ssdm name="p_ZL13weight_memory_4"/><MemPortTyVec>3 0 </MemPortTyVec>
</StgValue>
</bind>
</comp>

<comp id="10" class="1000" name="p_ZL13weight_memory_5">
<pin_list>
<pin id="11" dir="1" index="0" bw="1" slack="0"/>
</pin_list>
<bind>
<StgValue><ssdm name="p_ZL13weight_memory_5"/><MemPortTyVec>3 0 </MemPortTyVec>
</StgValue>
</bind>
</comp>

<comp id="12" class="1000" name="p_ZL13weight_memory_6">
<pin_list>
<pin id="13" dir="1" index="0" bw="1" slack="0"/>
</pin_list>
<bind>
<StgValue><ssdm name="p_ZL13weight_memory_6"/><MemPortTyVec>3 0 </MemPortTyVec>
</StgValue>
</bind>
</comp>

<comp id="14" class="1000" name="p_ZL13weight_memory_7">
<pin_list>
<pin id="15" dir="1" index="0" bw="1" slack="0"/>
</pin_list>
<bind>
<StgValue><ssdm name="p_ZL13weight_memory_7"/><MemPortTyVec>3 0 </MemPortTyVec>
</StgValue>
</bind>
</comp>

<comp id="16" class="1001" name="const_16">
<pin_list>
<pin id="17" dir="1" index="0" bw="1" slack="0"/>
</pin_list>
<bind>
<StgValue><ssdm name=""/></StgValue>
</bind>
</comp>

<comp id="18" class="1001" name="const_18">
<pin_list>
<pin id="19" dir="1" index="0" bw="1" slack="2147483647"/>
</pin_list>
<bind>
<StgValue><ssdm name="_ssdm_op_SpecMemCore"/></StgValue>
</bind>
</comp>

<comp id="20" class="1001" name="const_20">
<pin_list>
<pin id="21" dir="1" index="0" bw="1" slack="2147483647"/>
</pin_list>
<bind>
<StgValue><ssdm name=""/></StgValue>
</bind>
</comp>

<comp id="22" class="1001" name="const_22">
<pin_list>
<pin id="23" dir="1" index="0" bw="1" slack="2147483647"/>
</pin_list>
<bind>
<StgValue><ssdm name=""/></StgValue>
</bind>
</comp>

<comp id="24" class="1001" name="const_24">
<pin_list>
<pin id="25" dir="1" index="0" bw="1" slack="2147483647"/>
</pin_list>
<bind>
<StgValue><ssdm name=""/></StgValue>
</bind>
</comp>

<comp id="26" class="1001" name="const_26">
<pin_list>
<pin id="27" dir="1" index="0" bw="1" slack="2147483647"/>
</pin_list>
<bind>
<StgValue><ssdm name=""/></StgValue>
</bind>
</comp>

<comp id="28" class="1001" name="const_28">
<pin_list>
<pin id="29" dir="1" index="0" bw="1" slack="0"/>
</pin_list>
<bind>
<StgValue><ssdm name=""/></StgValue>
</bind>
</comp>

<comp id="30" class="1001" name="const_30">
<pin_list>
<pin id="31" dir="1" index="0" bw="1" slack="0"/>
</pin_list>
<bind>
<StgValue><ssdm name=""/></StgValue>
</bind>
</comp>

<comp id="32" class="1001" name="const_32">
<pin_list>
<pin id="33" dir="1" index="0" bw="1" slack="0"/>
</pin_list>
<bind>
<StgValue><ssdm name=""/></StgValue>
</bind>
</comp>

<comp id="34" class="1001" name="const_34">
<pin_list>
<pin id="35" dir="1" index="0" bw="1" slack="0"/>
</pin_list>
<bind>
<StgValue><ssdm name=""/></StgValue>
</bind>
</comp>

<comp id="36" class="1001" name="const_36">
<pin_list>
<pin id="37" dir="1" index="0" bw="1" slack="0"/>
</pin_list>
<bind>
<StgValue><ssdm name=""/></StgValue>
</bind>
</comp>

<comp id="38" class="1001" name="const_38">
<pin_list>
<pin id="39" dir="1" index="0" bw="1" slack="0"/>
</pin_list>
<bind>
<StgValue><ssdm name="_ssdm_op_PartSelect.i3.i7.i32.i32"/></StgValue>
</bind>
</comp>

<comp id="40" class="1001" name="const_40">
<pin_list>
<pin id="41" dir="1" index="0" bw="1" slack="0"/>
</pin_list>
<bind>
<StgValue><ssdm name=""/></StgValue>
</bind>
</comp>

<comp id="42" class="1001" name="const_42">
<pin_list>
<pin id="43" dir="1" index="0" bw="1" slack="0"/>
</pin_list>
<bind>
<StgValue><ssdm name=""/></StgValue>
</bind>
</comp>

<comp id="44" class="1001" name="const_44">
<pin_list>
<pin id="45" dir="1" index="0" bw="1" slack="0"/>
</pin_list>
<bind>
<StgValue><ssdm name=""/></StgValue>
</bind>
</comp>

<comp id="46" class="1001" name="const_46">
<pin_list>
<pin id="47" dir="1" index="0" bw="1" slack="0"/>
</pin_list>
<bind>
<StgValue><ssdm name=""/></StgValue>
</bind>
</comp>

<comp id="48" class="1001" name="const_48">
<pin_list>
<pin id="49" dir="1" index="0" bw="1" slack="0"/>
</pin_list>
<bind>
<StgValue><ssdm name=""/></StgValue>
</bind>
</comp>

<comp id="50" class="1001" name="const_50">
<pin_list>
<pin id="51" dir="1" index="0" bw="1" slack="0"/>
</pin_list>
<bind>
<StgValue><ssdm name=""/></StgValue>
</bind>
</comp>

<comp id="52" class="1001" name="const_52">
<pin_list>
<pin id="53" dir="1" index="0" bw="1" slack="0"/>
</pin_list>
<bind>
<StgValue><ssdm name=""/></StgValue>
</bind>
</comp>

<comp id="54" class="1001" name="const_54">
<pin_list>
<pin id="55" dir="1" index="0" bw="1" slack="0"/>
</pin_list>
<bind>
<StgValue><ssdm name=""/></StgValue>
</bind>
</comp>

<comp id="56" class="1001" name="const_56">
<pin_list>
<pin id="57" dir="1" index="0" bw="1" slack="0"/>
</pin_list>
<bind>
<StgValue><ssdm name=""/></StgValue>
</bind>
</comp>

<comp id="58" class="1001" name="const_58">
<pin_list>
<pin id="59" dir="1" index="0" bw="1" slack="0"/>
</pin_list>
<bind>
<StgValue><ssdm name=""/></StgValue>
</bind>
</comp>

<comp id="60" class="1001" name="const_60">
<pin_list>
<pin id="61" dir="1" index="0" bw="1" slack="2147483647"/>
</pin_list>
<bind>
<StgValue><ssdm name="_ssdm_op_SpecLoopName"/></StgValue>
</bind>
</comp>

<comp id="62" class="1001" name="const_62">
<pin_list>
<pin id="63" dir="1" index="0" bw="1" slack="2147483647"/>
</pin_list>
<bind>
<StgValue><ssdm name="INIT_WEIGHT_OUTER_INIT_WEIGHT_INNER_str"/></StgValue>
</bind>
</comp>

<comp id="64" class="1001" name="const_64">
<pin_list>
<pin id="65" dir="1" index="0" bw="1" slack="2147483647"/>
</pin_list>
<bind>
<StgValue><ssdm name="_ssdm_op_SpecLoopTripCount"/></StgValue>
</bind>
</comp>

<comp id="66" class="1001" name="const_66">
<pin_list>
<pin id="67" dir="1" index="0" bw="1" slack="2147483647"/>
</pin_list>
<bind>
<StgValue><ssdm name=""/></StgValue>
</bind>
</comp>

<comp id="68" class="1001" name="const_68">
<pin_list>
<pin id="69" dir="1" index="0" bw="1" slack="2147483647"/>
</pin_list>
<bind>
<StgValue><ssdm name="_ssdm_op_SpecPipeline"/></StgValue>
</bind>
</comp>

<comp id="70" class="1001" name="const_70">
<pin_list>
<pin id="71" dir="1" index="0" bw="1" slack="2147483647"/>
</pin_list>
<bind>
<StgValue><ssdm name=""/></StgValue>
</bind>
</comp>

<comp id="72" class="1001" name="const_72">
<pin_list>
<pin id="73" dir="1" index="0" bw="1" slack="2147483647"/>
</pin_list>
<bind>
<StgValue><ssdm name=""/></StgValue>
</bind>
</comp>

<comp id="74" class="1001" name="const_74">
<pin_list>
<pin id="75" dir="1" index="0" bw="1" slack="2147483647"/>
</pin_list>
<bind>
<StgValue><ssdm name="empty_0"/></StgValue>
</bind>
</comp>

<comp id="76" class="1001" name="const_76">
<pin_list>
<pin id="77" dir="1" index="0" bw="1" slack="0"/>
</pin_list>
<bind>
<StgValue><ssdm name="_ssdm_op_BitConcatenate.i9.i6.i3"/></StgValue>
</bind>
</comp>

<comp id="78" class="1001" name="const_78">
<pin_list>
<pin id="79" dir="1" index="0" bw="1" slack="0"/>
</pin_list>
<bind>
<StgValue><ssdm name=""/></StgValue>
</bind>
</comp>

<comp id="80" class="1001" name="const_80">
<pin_list>
<pin id="81" dir="1" index="0" bw="1" slack="0"/>
</pin_list>
<bind>
<StgValue><ssdm name=""/></StgValue>
</bind>
</comp>

<comp id="82" class="1004" name="j_1_fu_82">
<pin_list>
<pin id="83" dir="0" index="0" bw="1" slack="0"/>
<pin id="84" dir="1" index="1" bw="7" slack="0"/>
</pin_list>
<bind>
<opcode="alloca(26) " fcode="alloca"/>
<opset="j_1/1 "/>
</bind>
</comp>

<comp id="86" class="1004" name="i_fu_86">
<pin_list>
<pin id="87" dir="0" index="0" bw="1" slack="0"/>
<pin id="88" dir="1" index="1" bw="7" slack="0"/>
</pin_list>
<bind>
<opcode="alloca(26) " fcode="alloca"/>
<opset="i/1 "/>
</bind>
</comp>

<comp id="90" class="1004" name="indvar_flatten6_fu_90">
<pin_list>
<pin id="91" dir="0" index="0" bw="1" slack="0"/>
<pin id="92" dir="1" index="1" bw="13" slack="0"/>
</pin_list>
<bind>
<opcode="alloca(26) " fcode="alloca"/>
<opset="indvar_flatten6/1 "/>
</bind>
</comp>

<comp id="94" class="1004" name="p_ZL13weight_memory_0_addr_gep_fu_94">
<pin_list>
<pin id="95" dir="0" index="0" bw="8" slack="0"/>
<pin id="96" dir="0" index="1" bw="1" slack="0"/>
<pin id="97" dir="0" index="2" bw="9" slack="0"/>
<pin id="98" dir="1" index="3" bw="9" slack="0"/>
</pin_list>
<bind>
<opcode="getelementptr(29) " fcode="getelementptr"/>
<opset="p_ZL13weight_memory_0_addr/3 "/>
</bind>
</comp>

<comp id="101" class="1004" name="p_ZL13weight_memory_1_addr_gep_fu_101">
<pin_list>
<pin id="102" dir="0" index="0" bw="8" slack="0"/>
<pin id="103" dir="0" index="1" bw="1" slack="0"/>
<pin id="104" dir="0" index="2" bw="9" slack="0"/>
<pin id="105" dir="1" index="3" bw="9" slack="0"/>
</pin_list>
<bind>
<opcode="getelementptr(29) " fcode="getelementptr"/>
<opset="p_ZL13weight_memory_1_addr/3 "/>
</bind>
</comp>

<comp id="108" class="1004" name="p_ZL13weight_memory_2_addr_gep_fu_108">
<pin_list>
<pin id="109" dir="0" index="0" bw="8" slack="0"/>
<pin id="110" dir="0" index="1" bw="1" slack="0"/>
<pin id="111" dir="0" index="2" bw="9" slack="0"/>
<pin id="112" dir="1" index="3" bw="9" slack="0"/>
</pin_list>
<bind>
<opcode="getelementptr(29) " fcode="getelementptr"/>
<opset="p_ZL13weight_memory_2_addr/3 "/>
</bind>
</comp>

<comp id="115" class="1004" name="p_ZL13weight_memory_3_addr_gep_fu_115">
<pin_list>
<pin id="116" dir="0" index="0" bw="8" slack="0"/>
<pin id="117" dir="0" index="1" bw="1" slack="0"/>
<pin id="118" dir="0" index="2" bw="9" slack="0"/>
<pin id="119" dir="1" index="3" bw="9" slack="0"/>
</pin_list>
<bind>
<opcode="getelementptr(29) " fcode="getelementptr"/>
<opset="p_ZL13weight_memory_3_addr/3 "/>
</bind>
</comp>

<comp id="122" class="1004" name="p_ZL13weight_memory_4_addr_gep_fu_122">
<pin_list>
<pin id="123" dir="0" index="0" bw="8" slack="0"/>
<pin id="124" dir="0" index="1" bw="1" slack="0"/>
<pin id="125" dir="0" index="2" bw="9" slack="0"/>
<pin id="126" dir="1" index="3" bw="9" slack="0"/>
</pin_list>
<bind>
<opcode="getelementptr(29) " fcode="getelementptr"/>
<opset="p_ZL13weight_memory_4_addr/3 "/>
</bind>
</comp>

<comp id="129" class="1004" name="p_ZL13weight_memory_5_addr_gep_fu_129">
<pin_list>
<pin id="130" dir="0" index="0" bw="8" slack="0"/>
<pin id="131" dir="0" index="1" bw="1" slack="0"/>
<pin id="132" dir="0" index="2" bw="9" slack="0"/>
<pin id="133" dir="1" index="3" bw="9" slack="0"/>
</pin_list>
<bind>
<opcode="getelementptr(29) " fcode="getelementptr"/>
<opset="p_ZL13weight_memory_5_addr/3 "/>
</bind>
</comp>

<comp id="136" class="1004" name="p_ZL13weight_memory_6_addr_gep_fu_136">
<pin_list>
<pin id="137" dir="0" index="0" bw="8" slack="0"/>
<pin id="138" dir="0" index="1" bw="1" slack="0"/>
<pin id="139" dir="0" index="2" bw="9" slack="0"/>
<pin id="140" dir="1" index="3" bw="9" slack="0"/>
</pin_list>
<bind>
<opcode="getelementptr(29) " fcode="getelementptr"/>
<opset="p_ZL13weight_memory_6_addr/3 "/>
</bind>
</comp>

<comp id="143" class="1004" name="p_ZL13weight_memory_7_addr_gep_fu_143">
<pin_list>
<pin id="144" dir="0" index="0" bw="8" slack="0"/>
<pin id="145" dir="0" index="1" bw="1" slack="0"/>
<pin id="146" dir="0" index="2" bw="9" slack="0"/>
<pin id="147" dir="1" index="3" bw="9" slack="0"/>
</pin_list>
<bind>
<opcode="getelementptr(29) " fcode="getelementptr"/>
<opset="p_ZL13weight_memory_7_addr/3 "/>
</bind>
</comp>

<comp id="150" class="1004" name="store_ln382_access_fu_150">
<pin_list>
<pin id="151" dir="0" index="0" bw="9" slack="2147483647"/>
<pin id="152" dir="0" index="1" bw="8" slack="2147483647"/>
<pin id="153" dir="0" index="2" bw="0" slack="0"/>
<pin id="155" dir="0" index="4" bw="9" slack="0"/>
<pin id="156" dir="0" index="5" bw="8" slack="2147483647"/>
<pin id="157" dir="0" index="6" bw="0" slack="2147483647"/>
<pin id="154" dir="1" index="3" bw="8" slack="2147483647"/>
<pin id="158" dir="1" index="7" bw="8" slack="2147483647"/>
</pin_list>
<bind>
<opcode="store(28) " fcode="store"/>
<opset="store_ln382/3 "/>
</bind>
</comp>

<comp id="161" class="1004" name="store_ln382_access_fu_161">
<pin_list>
<pin id="162" dir="0" index="0" bw="9" slack="2147483647"/>
<pin id="163" dir="0" index="1" bw="8" slack="2147483647"/>
<pin id="164" dir="0" index="2" bw="0" slack="0"/>
<pin id="166" dir="0" index="4" bw="9" slack="0"/>
<pin id="167" dir="0" index="5" bw="8" slack="2147483647"/>
<pin id="168" dir="0" index="6" bw="0" slack="2147483647"/>
<pin id="165" dir="1" index="3" bw="8" slack="2147483647"/>
<pin id="169" dir="1" index="7" bw="8" slack="2147483647"/>
</pin_list>
<bind>
<opcode="store(28) " fcode="store"/>
<opset="store_ln382/3 "/>
</bind>
</comp>

<comp id="172" class="1004" name="store_ln382_access_fu_172">
<pin_list>
<pin id="173" dir="0" index="0" bw="9" slack="2147483647"/>
<pin id="174" dir="0" index="1" bw="8" slack="2147483647"/>
<pin id="175" dir="0" index="2" bw="0" slack="0"/>
<pin id="177" dir="0" index="4" bw="9" slack="0"/>
<pin id="178" dir="0" index="5" bw="8" slack="2147483647"/>
<pin id="179" dir="0" index="6" bw="0" slack="2147483647"/>
<pin id="176" dir="1" index="3" bw="8" slack="2147483647"/>
<pin id="180" dir="1" index="7" bw="8" slack="2147483647"/>
</pin_list>
<bind>
<opcode="store(28) " fcode="store"/>
<opset="store_ln382/3 "/>
</bind>
</comp>

<comp id="183" class="1004" name="store_ln382_access_fu_183">
<pin_list>
<pin id="184" dir="0" index="0" bw="9" slack="2147483647"/>
<pin id="185" dir="0" index="1" bw="8" slack="2147483647"/>
<pin id="186" dir="0" index="2" bw="0" slack="0"/>
<pin id="188" dir="0" index="4" bw="9" slack="0"/>
<pin id="189" dir="0" index="5" bw="8" slack="2147483647"/>
<pin id="190" dir="0" index="6" bw="0" slack="2147483647"/>
<pin id="187" dir="1" index="3" bw="8" slack="2147483647"/>
<pin id="191" dir="1" index="7" bw="8" slack="2147483647"/>
</pin_list>
<bind>
<opcode="store(28) " fcode="store"/>
<opset="store_ln382/3 "/>
</bind>
</comp>

<comp id="194" class="1004" name="store_ln382_access_fu_194">
<pin_list>
<pin id="195" dir="0" index="0" bw="9" slack="2147483647"/>
<pin id="196" dir="0" index="1" bw="8" slack="2147483647"/>
<pin id="197" dir="0" index="2" bw="0" slack="0"/>
<pin id="199" dir="0" index="4" bw="9" slack="0"/>
<pin id="200" dir="0" index="5" bw="8" slack="2147483647"/>
<pin id="201" dir="0" index="6" bw="0" slack="2147483647"/>
<pin id="198" dir="1" index="3" bw="8" slack="2147483647"/>
<pin id="202" dir="1" index="7" bw="8" slack="2147483647"/>
</pin_list>
<bind>
<opcode="store(28) " fcode="store"/>
<opset="store_ln382/3 "/>
</bind>
</comp>

<comp id="205" class="1004" name="store_ln382_access_fu_205">
<pin_list>
<pin id="206" dir="0" index="0" bw="9" slack="2147483647"/>
<pin id="207" dir="0" index="1" bw="8" slack="2147483647"/>
<pin id="208" dir="0" index="2" bw="0" slack="0"/>
<pin id="210" dir="0" index="4" bw="9" slack="0"/>
<pin id="211" dir="0" index="5" bw="8" slack="2147483647"/>
<pin id="212" dir="0" index="6" bw="0" slack="2147483647"/>
<pin id="209" dir="1" index="3" bw="8" slack="2147483647"/>
<pin id="213" dir="1" index="7" bw="8" slack="2147483647"/>
</pin_list>
<bind>
<opcode="store(28) " fcode="store"/>
<opset="store_ln382/3 "/>
</bind>
</comp>

<comp id="216" class="1004" name="store_ln382_access_fu_216">
<pin_list>
<pin id="217" dir="0" index="0" bw="9" slack="2147483647"/>
<pin id="218" dir="0" index="1" bw="8" slack="2147483647"/>
<pin id="219" dir="0" index="2" bw="0" slack="0"/>
<pin id="221" dir="0" index="4" bw="9" slack="0"/>
<pin id="222" dir="0" index="5" bw="8" slack="2147483647"/>
<pin id="223" dir="0" index="6" bw="0" slack="2147483647"/>
<pin id="220" dir="1" index="3" bw="8" slack="2147483647"/>
<pin id="224" dir="1" index="7" bw="8" slack="2147483647"/>
</pin_list>
<bind>
<opcode="store(28) " fcode="store"/>
<opset="store_ln382/3 "/>
</bind>
</comp>

<comp id="227" class="1004" name="store_ln382_access_fu_227">
<pin_list>
<pin id="228" dir="0" index="0" bw="9" slack="2147483647"/>
<pin id="229" dir="0" index="1" bw="8" slack="2147483647"/>
<pin id="230" dir="0" index="2" bw="0" slack="0"/>
<pin id="232" dir="0" index="4" bw="9" slack="0"/>
<pin id="233" dir="0" index="5" bw="8" slack="2147483647"/>
<pin id="234" dir="0" index="6" bw="0" slack="2147483647"/>
<pin id="231" dir="1" index="3" bw="8" slack="2147483647"/>
<pin id="235" dir="1" index="7" bw="8" slack="2147483647"/>
</pin_list>
<bind>
<opcode="store(28) " fcode="store"/>
<opset="store_ln382/3 "/>
</bind>
</comp>

<comp id="238" class="1004" name="store_ln0_store_fu_238">
<pin_list>
<pin id="239" dir="0" index="0" bw="1" slack="0"/>
<pin id="240" dir="0" index="1" bw="13" slack="0"/>
<pin id="241" dir="1" index="2" bw="0" slack="2147483647"/>
</pin_list>
<bind>
<opcode="store(28) " fcode="store"/>
<opset="store_ln0/1 "/>
</bind>
</comp>

<comp id="243" class="1004" name="store_ln379_store_fu_243">
<pin_list>
<pin id="244" dir="0" index="0" bw="1" slack="0"/>
<pin id="245" dir="0" index="1" bw="7" slack="0"/>
<pin id="246" dir="1" index="2" bw="0" slack="2147483647"/>
</pin_list>
<bind>
<opcode="store(28) " fcode="store"/>
<opset="store_ln379/1 "/>
</bind>
</comp>

<comp id="248" class="1004" name="store_ln380_store_fu_248">
<pin_list>
<pin id="249" dir="0" index="0" bw="1" slack="0"/>
<pin id="250" dir="0" index="1" bw="7" slack="0"/>
<pin id="251" dir="1" index="2" bw="0" slack="2147483647"/>
</pin_list>
<bind>
<opcode="store(28) " fcode="store"/>
<opset="store_ln380/1 "/>
</bind>
</comp>

<comp id="253" class="1004" name="indvar_flatten6_load_load_fu_253">
<pin_list>
<pin id="254" dir="0" index="0" bw="13" slack="0"/>
<pin id="255" dir="1" index="1" bw="13" slack="0"/>
</pin_list>
<bind>
<opcode="load(27) " fcode="load"/>
<opset="indvar_flatten6_load/1 "/>
</bind>
</comp>

<comp id="256" class="1004" name="icmp_ln379_fu_256">
<pin_list>
<pin id="257" dir="0" index="0" bw="13" slack="0"/>
<pin id="258" dir="0" index="1" bw="13" slack="0"/>
<pin id="259" dir="1" index="2" bw="1" slack="1"/>
</pin_list>
<bind>
<opcode="icmp(45) " fcode="icmp"/>
<opset="icmp_ln379/1 "/>
</bind>
</comp>

<comp id="262" class="1004" name="add_ln379_1_fu_262">
<pin_list>
<pin id="263" dir="0" index="0" bw="13" slack="0"/>
<pin id="264" dir="0" index="1" bw="1" slack="0"/>
<pin id="265" dir="1" index="2" bw="13" slack="0"/>
</pin_list>
<bind>
<opcode="add(8) " fcode="add"/>
<opset="add_ln379_1/1 "/>
</bind>
</comp>

<comp id="268" class="1004" name="store_ln379_store_fu_268">
<pin_list>
<pin id="269" dir="0" index="0" bw="13" slack="0"/>
<pin id="270" dir="0" index="1" bw="13" slack="0"/>
<pin id="271" dir="1" index="2" bw="0" slack="2147483647"/>
</pin_list>
<bind>
<opcode="store(28) " fcode="store"/>
<opset="store_ln379/1 "/>
</bind>
</comp>

<comp id="273" class="1004" name="j_1_load_load_fu_273">
<pin_list>
<pin id="274" dir="0" index="0" bw="7" slack="1"/>
<pin id="275" dir="1" index="1" bw="7" slack="0"/>
</pin_list>
<bind>
<opcode="load(27) " fcode="load"/>
<opset="j_1_load/2 "/>
</bind>
</comp>

<comp id="276" class="1004" name="icmp_ln380_fu_276">
<pin_list>
<pin id="277" dir="0" index="0" bw="7" slack="0"/>
<pin id="278" dir="0" index="1" bw="7" slack="0"/>
<pin id="279" dir="1" index="2" bw="1" slack="0"/>
</pin_list>
<bind>
<opcode="icmp(45) " fcode="icmp"/>
<opset="icmp_ln380/2 "/>
</bind>
</comp>

<comp id="282" class="1004" name="select_ln379_fu_282">
<pin_list>
<pin id="283" dir="0" index="0" bw="1" slack="0"/>
<pin id="284" dir="0" index="1" bw="7" slack="0"/>
<pin id="285" dir="0" index="2" bw="7" slack="0"/>
<pin id="286" dir="1" index="3" bw="7" slack="0"/>
</pin_list>
<bind>
<opcode="select(49) " fcode="select"/>
<opset="select_ln379/2 "/>
</bind>
</comp>

<comp id="290" class="1004" name="trunc_ln380_1_fu_290">
<pin_list>
<pin id="291" dir="0" index="0" bw="7" slack="0"/>
<pin id="292" dir="1" index="1" bw="3" slack="0"/>
</pin_list>
<bind>
<opcode="trunc(33) " fcode="trunc"/>
<opset="trunc_ln380_1/2 "/>
</bind>
</comp>

<comp id="294" class="1004" name="lshr_ln2_fu_294">
<pin_list>
<pin id="295" dir="0" index="0" bw="3" slack="0"/>
<pin id="296" dir="0" index="1" bw="7" slack="0"/>
<pin id="297" dir="0" index="2" bw="3" slack="0"/>
<pin id="298" dir="0" index="3" bw="4" slack="0"/>
<pin id="299" dir="1" index="4" bw="3" slack="1"/>
</pin_list>
<bind>
<opcode="partselect(1002) " fcode="partselect"/>
<opset="lshr_ln2/2 "/>
</bind>
</comp>

<comp id="304" class="1004" name="switch_ln382_fu_304">
<pin_list>
<pin id="305" dir="0" index="0" bw="3" slack="0"/>
<pin id="306" dir="0" index="1" bw="1" slack="0"/>
<pin id="307" dir="0" index="2" bw="1" slack="0"/>
<pin id="308" dir="0" index="3" bw="3" slack="0"/>
<pin id="309" dir="0" index="4" bw="3" slack="0"/>
<pin id="310" dir="0" index="5" bw="3" slack="0"/>
<pin id="311" dir="0" index="6" bw="3" slack="0"/>
<pin id="312" dir="0" index="7" bw="2" slack="0"/>
<pin id="313" dir="1" index="8" bw="0" slack="2147483647"/>
</pin_list>
<bind>
<opcode="switch(3) " fcode="switch"/>
<opset="switch_ln382/2 "/>
</bind>
</comp>

<comp id="322" class="1004" name="add_ln380_fu_322">
<pin_list>
<pin id="323" dir="0" index="0" bw="7" slack="0"/>
<pin id="324" dir="0" index="1" bw="1" slack="0"/>
<pin id="325" dir="1" index="2" bw="7" slack="0"/>
</pin_list>
<bind>
<opcode="add(8) " fcode="add"/>
<opset="add_ln380/2 "/>
</bind>
</comp>

<comp id="328" class="1004" name="store_ln380_store_fu_328">
<pin_list>
<pin id="329" dir="0" index="0" bw="7" slack="0"/>
<pin id="330" dir="0" index="1" bw="7" slack="1"/>
<pin id="331" dir="1" index="2" bw="0" slack="2147483647"/>
</pin_list>
<bind>
<opcode="store(28) " fcode="store"/>
<opset="store_ln380/2 "/>
</bind>
</comp>

<comp id="333" class="1004" name="i_load_load_fu_333">
<pin_list>
<pin id="334" dir="0" index="0" bw="7" slack="2"/>
<pin id="335" dir="1" index="1" bw="7" slack="0"/>
</pin_list>
<bind>
<opcode="load(27) " fcode="load"/>
<opset="i_load/3 "/>
</bind>
</comp>

<comp id="336" class="1004" name="add_ln379_fu_336">
<pin_list>
<pin id="337" dir="0" index="0" bw="7" slack="0"/>
<pin id="338" dir="0" index="1" bw="1" slack="0"/>
<pin id="339" dir="1" index="2" bw="7" slack="0"/>
</pin_list>
<bind>
<opcode="add(8) " fcode="add"/>
<opset="add_ln379/3 "/>
</bind>
</comp>

<comp id="342" class="1004" name="select_ln379_1_fu_342">
<pin_list>
<pin id="343" dir="0" index="0" bw="1" slack="1"/>
<pin id="344" dir="0" index="1" bw="7" slack="0"/>
<pin id="345" dir="0" index="2" bw="7" slack="0"/>
<pin id="346" dir="1" index="3" bw="7" slack="0"/>
</pin_list>
<bind>
<opcode="select(49) " fcode="select"/>
<opset="select_ln379_1/3 "/>
</bind>
</comp>

<comp id="349" class="1004" name="trunc_ln380_fu_349">
<pin_list>
<pin id="350" dir="0" index="0" bw="7" slack="0"/>
<pin id="351" dir="1" index="1" bw="6" slack="0"/>
</pin_list>
<bind>
<opcode="trunc(33) " fcode="trunc"/>
<opset="trunc_ln380/3 "/>
</bind>
</comp>

<comp id="353" class="1004" name="tmp_s_fu_353">
<pin_list>
<pin id="354" dir="0" index="0" bw="9" slack="0"/>
<pin id="355" dir="0" index="1" bw="6" slack="0"/>
<pin id="356" dir="0" index="2" bw="3" slack="1"/>
<pin id="357" dir="1" index="3" bw="9" slack="0"/>
</pin_list>
<bind>
<opcode="bitconcatenate(1004) " fcode="bitconcatenate"/>
<opset="tmp_s/3 "/>
</bind>
</comp>

<comp id="360" class="1004" name="zext_ln382_fu_360">
<pin_list>
<pin id="361" dir="0" index="0" bw="9" slack="0"/>
<pin id="362" dir="1" index="1" bw="64" slack="0"/>
</pin_list>
<bind>
<opcode="zext(34) " fcode="zext"/>
<opset="zext_ln382/3 "/>
</bind>
</comp>

<comp id="372" class="1004" name="store_ln379_store_fu_372">
<pin_list>
<pin id="373" dir="0" index="0" bw="7" slack="0"/>
<pin id="374" dir="0" index="1" bw="7" slack="2"/>
<pin id="375" dir="1" index="2" bw="0" slack="2147483647"/>
</pin_list>
<bind>
<opcode="store(28) " fcode="store"/>
<opset="store_ln379/3 "/>
</bind>
</comp>

<comp id="377" class="1005" name="j_1_reg_377">
<pin_list>
<pin id="378" dir="0" index="0" bw="7" slack="0"/>
<pin id="379" dir="1" index="1" bw="7" slack="0"/>
</pin_list>
<bind>
<opset="j_1 "/>
</bind>
</comp>

<comp id="384" class="1005" name="i_reg_384">
<pin_list>
<pin id="385" dir="0" index="0" bw="7" slack="0"/>
<pin id="386" dir="1" index="1" bw="7" slack="0"/>
</pin_list>
<bind>
<opset="i "/>
</bind>
</comp>

<comp id="391" class="1005" name="indvar_flatten6_reg_391">
<pin_list>
<pin id="392" dir="0" index="0" bw="13" slack="0"/>
<pin id="393" dir="1" index="1" bw="13" slack="0"/>
</pin_list>
<bind>
<opset="indvar_flatten6 "/>
</bind>
</comp>

<comp id="398" class="1005" name="icmp_ln379_reg_398">
<pin_list>
<pin id="399" dir="0" index="0" bw="1" slack="1"/>
<pin id="400" dir="1" index="1" bw="1" slack="2147483647"/>
</pin_list>
<bind>
<opset="icmp_ln379 "/>
</bind>
</comp>

<comp id="402" class="1005" name="icmp_ln380_reg_402">
<pin_list>
<pin id="403" dir="0" index="0" bw="1" slack="1"/>
<pin id="404" dir="1" index="1" bw="1" slack="1"/>
</pin_list>
<bind>
<opset="icmp_ln380 "/>
</bind>
</comp>

<comp id="407" class="1005" name="trunc_ln380_1_reg_407">
<pin_list>
<pin id="408" dir="0" index="0" bw="3" slack="1"/>
<pin id="409" dir="1" index="1" bw="3" slack="2147483647"/>
</pin_list>
<bind>
<opset="trunc_ln380_1 "/>
</bind>
</comp>

<comp id="411" class="1005" name="lshr_ln2_reg_411">
<pin_list>
<pin id="412" dir="0" index="0" bw="3" slack="1"/>
<pin id="413" dir="1" index="1" bw="3" slack="1"/>
</pin_list>
<bind>
<opset="lshr_ln2 "/>
</bind>
</comp>

</comp_list>

<net_list>
<net id="85"><net_src comp="16" pin="0"/><net_sink comp="82" pin=0"/></net>

<net id="89"><net_src comp="16" pin="0"/><net_sink comp="86" pin=0"/></net>

<net id="93"><net_src comp="16" pin="0"/><net_sink comp="90" pin=0"/></net>

<net id="99"><net_src comp="0" pin="0"/><net_sink comp="94" pin=0"/></net>

<net id="100"><net_src comp="78" pin="0"/><net_sink comp="94" pin=1"/></net>

<net id="106"><net_src comp="2" pin="0"/><net_sink comp="101" pin=0"/></net>

<net id="107"><net_src comp="78" pin="0"/><net_sink comp="101" pin=1"/></net>

<net id="113"><net_src comp="4" pin="0"/><net_sink comp="108" pin=0"/></net>

<net id="114"><net_src comp="78" pin="0"/><net_sink comp="108" pin=1"/></net>

<net id="120"><net_src comp="6" pin="0"/><net_sink comp="115" pin=0"/></net>

<net id="121"><net_src comp="78" pin="0"/><net_sink comp="115" pin=1"/></net>

<net id="127"><net_src comp="8" pin="0"/><net_sink comp="122" pin=0"/></net>

<net id="128"><net_src comp="78" pin="0"/><net_sink comp="122" pin=1"/></net>

<net id="134"><net_src comp="10" pin="0"/><net_sink comp="129" pin=0"/></net>

<net id="135"><net_src comp="78" pin="0"/><net_sink comp="129" pin=1"/></net>

<net id="141"><net_src comp="12" pin="0"/><net_sink comp="136" pin=0"/></net>

<net id="142"><net_src comp="78" pin="0"/><net_sink comp="136" pin=1"/></net>

<net id="148"><net_src comp="14" pin="0"/><net_sink comp="143" pin=0"/></net>

<net id="149"><net_src comp="78" pin="0"/><net_sink comp="143" pin=1"/></net>

<net id="159"><net_src comp="80" pin="0"/><net_sink comp="150" pin=4"/></net>

<net id="160"><net_src comp="136" pin="3"/><net_sink comp="150" pin=2"/></net>

<net id="170"><net_src comp="80" pin="0"/><net_sink comp="161" pin=4"/></net>

<net id="171"><net_src comp="129" pin="3"/><net_sink comp="161" pin=2"/></net>

<net id="181"><net_src comp="80" pin="0"/><net_sink comp="172" pin=4"/></net>

<net id="182"><net_src comp="122" pin="3"/><net_sink comp="172" pin=2"/></net>

<net id="192"><net_src comp="80" pin="0"/><net_sink comp="183" pin=4"/></net>

<net id="193"><net_src comp="115" pin="3"/><net_sink comp="183" pin=2"/></net>

<net id="203"><net_src comp="80" pin="0"/><net_sink comp="194" pin=4"/></net>

<net id="204"><net_src comp="108" pin="3"/><net_sink comp="194" pin=2"/></net>

<net id="214"><net_src comp="80" pin="0"/><net_sink comp="205" pin=4"/></net>

<net id="215"><net_src comp="101" pin="3"/><net_sink comp="205" pin=2"/></net>

<net id="225"><net_src comp="80" pin="0"/><net_sink comp="216" pin=4"/></net>

<net id="226"><net_src comp="94" pin="3"/><net_sink comp="216" pin=2"/></net>

<net id="236"><net_src comp="80" pin="0"/><net_sink comp="227" pin=4"/></net>

<net id="237"><net_src comp="143" pin="3"/><net_sink comp="227" pin=2"/></net>

<net id="242"><net_src comp="28" pin="0"/><net_sink comp="238" pin=0"/></net>

<net id="247"><net_src comp="30" pin="0"/><net_sink comp="243" pin=0"/></net>

<net id="252"><net_src comp="30" pin="0"/><net_sink comp="248" pin=0"/></net>

<net id="260"><net_src comp="253" pin="1"/><net_sink comp="256" pin=0"/></net>

<net id="261"><net_src comp="32" pin="0"/><net_sink comp="256" pin=1"/></net>

<net id="266"><net_src comp="253" pin="1"/><net_sink comp="262" pin=0"/></net>

<net id="267"><net_src comp="34" pin="0"/><net_sink comp="262" pin=1"/></net>

<net id="272"><net_src comp="262" pin="2"/><net_sink comp="268" pin=0"/></net>

<net id="280"><net_src comp="273" pin="1"/><net_sink comp="276" pin=0"/></net>

<net id="281"><net_src comp="36" pin="0"/><net_sink comp="276" pin=1"/></net>

<net id="287"><net_src comp="276" pin="2"/><net_sink comp="282" pin=0"/></net>

<net id="288"><net_src comp="30" pin="0"/><net_sink comp="282" pin=1"/></net>

<net id="289"><net_src comp="273" pin="1"/><net_sink comp="282" pin=2"/></net>

<net id="293"><net_src comp="282" pin="3"/><net_sink comp="290" pin=0"/></net>

<net id="300"><net_src comp="38" pin="0"/><net_sink comp="294" pin=0"/></net>

<net id="301"><net_src comp="282" pin="3"/><net_sink comp="294" pin=1"/></net>

<net id="302"><net_src comp="40" pin="0"/><net_sink comp="294" pin=2"/></net>

<net id="303"><net_src comp="42" pin="0"/><net_sink comp="294" pin=3"/></net>

<net id="314"><net_src comp="290" pin="1"/><net_sink comp="304" pin=0"/></net>

<net id="315"><net_src comp="44" pin="0"/><net_sink comp="304" pin=1"/></net>

<net id="316"><net_src comp="46" pin="0"/><net_sink comp="304" pin=2"/></net>

<net id="317"><net_src comp="48" pin="0"/><net_sink comp="304" pin=3"/></net>

<net id="318"><net_src comp="50" pin="0"/><net_sink comp="304" pin=4"/></net>

<net id="319"><net_src comp="52" pin="0"/><net_sink comp="304" pin=5"/></net>

<net id="320"><net_src comp="54" pin="0"/><net_sink comp="304" pin=6"/></net>

<net id="321"><net_src comp="56" pin="0"/><net_sink comp="304" pin=7"/></net>

<net id="326"><net_src comp="282" pin="3"/><net_sink comp="322" pin=0"/></net>

<net id="327"><net_src comp="58" pin="0"/><net_sink comp="322" pin=1"/></net>

<net id="332"><net_src comp="322" pin="2"/><net_sink comp="328" pin=0"/></net>

<net id="340"><net_src comp="333" pin="1"/><net_sink comp="336" pin=0"/></net>

<net id="341"><net_src comp="58" pin="0"/><net_sink comp="336" pin=1"/></net>

<net id="347"><net_src comp="336" pin="2"/><net_sink comp="342" pin=1"/></net>

<net id="348"><net_src comp="333" pin="1"/><net_sink comp="342" pin=2"/></net>

<net id="352"><net_src comp="342" pin="3"/><net_sink comp="349" pin=0"/></net>

<net id="358"><net_src comp="76" pin="0"/><net_sink comp="353" pin=0"/></net>

<net id="359"><net_src comp="349" pin="1"/><net_sink comp="353" pin=1"/></net>

<net id="363"><net_src comp="353" pin="3"/><net_sink comp="360" pin=0"/></net>

<net id="364"><net_src comp="360" pin="1"/><net_sink comp="94" pin=2"/></net>

<net id="365"><net_src comp="360" pin="1"/><net_sink comp="101" pin=2"/></net>

<net id="366"><net_src comp="360" pin="1"/><net_sink comp="108" pin=2"/></net>

<net id="367"><net_src comp="360" pin="1"/><net_sink comp="115" pin=2"/></net>

<net id="368"><net_src comp="360" pin="1"/><net_sink comp="122" pin=2"/></net>

<net id="369"><net_src comp="360" pin="1"/><net_sink comp="129" pin=2"/></net>

<net id="370"><net_src comp="360" pin="1"/><net_sink comp="136" pin=2"/></net>

<net id="371"><net_src comp="360" pin="1"/><net_sink comp="143" pin=2"/></net>

<net id="376"><net_src comp="342" pin="3"/><net_sink comp="372" pin=0"/></net>

<net id="380"><net_src comp="82" pin="1"/><net_sink comp="377" pin=0"/></net>

<net id="381"><net_src comp="377" pin="1"/><net_sink comp="248" pin=1"/></net>

<net id="382"><net_src comp="377" pin="1"/><net_sink comp="273" pin=0"/></net>

<net id="383"><net_src comp="377" pin="1"/><net_sink comp="328" pin=1"/></net>

<net id="387"><net_src comp="86" pin="1"/><net_sink comp="384" pin=0"/></net>

<net id="388"><net_src comp="384" pin="1"/><net_sink comp="243" pin=1"/></net>

<net id="389"><net_src comp="384" pin="1"/><net_sink comp="333" pin=0"/></net>

<net id="390"><net_src comp="384" pin="1"/><net_sink comp="372" pin=1"/></net>

<net id="394"><net_src comp="90" pin="1"/><net_sink comp="391" pin=0"/></net>

<net id="395"><net_src comp="391" pin="1"/><net_sink comp="238" pin=1"/></net>

<net id="396"><net_src comp="391" pin="1"/><net_sink comp="253" pin=0"/></net>

<net id="397"><net_src comp="391" pin="1"/><net_sink comp="268" pin=1"/></net>

<net id="401"><net_src comp="256" pin="2"/><net_sink comp="398" pin=0"/></net>

<net id="405"><net_src comp="276" pin="2"/><net_sink comp="402" pin=0"/></net>

<net id="406"><net_src comp="402" pin="1"/><net_sink comp="342" pin=0"/></net>

<net id="410"><net_src comp="290" pin="1"/><net_sink comp="407" pin=0"/></net>

<net id="414"><net_src comp="294" pin="4"/><net_sink comp="411" pin=0"/></net>

<net id="415"><net_src comp="411" pin="1"/><net_sink comp="353" pin=2"/></net>

</net_list>

</model> 
---------------- Datapath Model END ------------------

* FSMD analyzer results:
  - Output states:
	Port: p_ZL13weight_memory_0 | {3 }
	Port: p_ZL13weight_memory_1 | {3 }
	Port: p_ZL13weight_memory_2 | {3 }
	Port: p_ZL13weight_memory_3 | {3 }
	Port: p_ZL13weight_memory_4 | {3 }
	Port: p_ZL13weight_memory_5 | {3 }
	Port: p_ZL13weight_memory_6 | {3 }
	Port: p_ZL13weight_memory_7 | {3 }
 - Input state : 
	Port: snn_top_hls_Pipeline_INIT_WEIGHT_OUTER_INIT_WEIGHT_INNER : p_ZL13weight_memory_0 | {}
	Port: snn_top_hls_Pipeline_INIT_WEIGHT_OUTER_INIT_WEIGHT_INNER : p_ZL13weight_memory_1 | {}
	Port: snn_top_hls_Pipeline_INIT_WEIGHT_OUTER_INIT_WEIGHT_INNER : p_ZL13weight_memory_2 | {}
	Port: snn_top_hls_Pipeline_INIT_WEIGHT_OUTER_INIT_WEIGHT_INNER : p_ZL13weight_memory_3 | {}
	Port: snn_top_hls_Pipeline_INIT_WEIGHT_OUTER_INIT_WEIGHT_INNER : p_ZL13weight_memory_4 | {}
	Port: snn_top_hls_Pipeline_INIT_WEIGHT_OUTER_INIT_WEIGHT_INNER : p_ZL13weight_memory_5 | {}
	Port: snn_top_hls_Pipeline_INIT_WEIGHT_OUTER_INIT_WEIGHT_INNER : p_ZL13weight_memory_6 | {}
	Port: snn_top_hls_Pipeline_INIT_WEIGHT_OUTER_INIT_WEIGHT_INNER : p_ZL13weight_memory_7 | {}
  - Chain level:
	State 1
		store_ln0 : 1
		store_ln379 : 1
		store_ln380 : 1
		indvar_flatten6_load : 1
		icmp_ln379 : 2
		add_ln379_1 : 2
		br_ln379 : 3
		store_ln379 : 3
	State 2
		icmp_ln380 : 1
		select_ln379 : 2
		trunc_ln380_1 : 3
		lshr_ln2 : 3
		switch_ln382 : 4
		add_ln380 : 3
		store_ln380 : 4
	State 3
		add_ln379 : 1
		select_ln379_1 : 2
		trunc_ln380 : 3
		tmp_s : 4
		zext_ln382 : 5
		p_ZL13weight_memory_0_addr : 6
		p_ZL13weight_memory_1_addr : 6
		p_ZL13weight_memory_2_addr : 6
		p_ZL13weight_memory_3_addr : 6
		p_ZL13weight_memory_4_addr : 6
		p_ZL13weight_memory_5_addr : 6
		p_ZL13weight_memory_6_addr : 6
		p_ZL13weight_memory_7_addr : 6
		store_ln382 : 7
		store_ln382 : 7
		store_ln382 : 7
		store_ln382 : 7
		store_ln382 : 7
		store_ln382 : 7
		store_ln382 : 7
		store_ln382 : 7
		store_ln379 : 3


============================================================
+ Verbose Summary: Datapath Resource usage 
============================================================

* Functional unit list:
|----------|-----------------------|---------|---------|
| Operation|    Functional Unit    |    FF   |   LUT   |
|----------|-----------------------|---------|---------|
|          |   add_ln379_1_fu_262  |    0    |    14   |
|    add   |    add_ln380_fu_322   |    0    |    14   |
|          |    add_ln379_fu_336   |    0    |    14   |
|----------|-----------------------|---------|---------|
|   icmp   |   icmp_ln379_fu_256   |    0    |    14   |
|          |   icmp_ln380_fu_276   |    0    |    14   |
|----------|-----------------------|---------|---------|
|  select  |  select_ln379_fu_282  |    0    |    7    |
|          | select_ln379_1_fu_342 |    0    |    7    |
|----------|-----------------------|---------|---------|
|   trunc  |  trunc_ln380_1_fu_290 |    0    |    0    |
|          |   trunc_ln380_fu_349  |    0    |    0    |
|----------|-----------------------|---------|---------|
|partselect|    lshr_ln2_fu_294    |    0    |    0    |
|----------|-----------------------|---------|---------|
|  switch  |  switch_ln382_fu_304  |    0    |    0    |
|----------|-----------------------|---------|---------|
|bitconcatenate|      tmp_s_fu_353     |    0    |    0    |
|----------|-----------------------|---------|---------|
|   zext   |   zext_ln382_fu_360   |    0    |    0    |
|----------|-----------------------|---------|---------|
|   Total  |                       |    0    |    84   |
|----------|-----------------------|---------|---------|

Memories:
N/A

* Register list:
+-----------------------+--------+
|                       |   FF   |
+-----------------------+--------+
|       i_reg_384       |    7   |
|   icmp_ln379_reg_398  |    1   |
|   icmp_ln380_reg_402  |    1   |
|indvar_flatten6_reg_391|   13   |
|      j_1_reg_377      |    7   |
|    lshr_ln2_reg_411   |    3   |
| trunc_ln380_1_reg_407 |    3   |
+-----------------------+--------+
|         Total         |   35   |
+-----------------------+--------+

* Multiplexer (MUX) list: 
|--------|------|------|------|--------|
|  Comp  |  Pin | Size |  BW  | S x BW |
|--------|------|------|------|--------|
|  Total |      |      |      |    0   |
|--------|------|------|------|--------|



* Summary:
+-----------+--------+--------+
|           |   FF   |   LUT  |
+-----------+--------+--------+
|  Function |    0   |   84   |
|   Memory  |    -   |    -   |
|Multiplexer|    -   |    -   |
|  Register |   35   |    -   |
+-----------+--------+--------+
|   Total   |   35   |   84   |
+-----------+--------+--------+
