

================================================================
== Vitis HLS Report for 'process_pre_spike_Pipeline_STDP_LTD_LOOP'
================================================================
* Date:           Mon Dec  8 20:06:22 2025

* Version:        2025.2 (Build 6295257 on Nov 14 2025)
* Project:        hls_output
* Solution:       hls (Vivado IP Flow Target)
* Product family: zynq
* Target device:  xc7z020-clg400-1


================================================================
== Performance Estimates
================================================================
+ Timing: 
    * Summary: 
    +--------+----------+----------+------------+
    |  Clock |  Target  | Estimated| Uncertainty|
    +--------+----------+----------+------------+
    |ap_clk  |  10.00 ns|  6.852 ns|     2.70 ns|
    +--------+----------+----------+------------+

+ Latency: 
    * Summary: 
    +---------+---------+----------+----------+-----+-----+-------------------+
    |  Latency (cycles) |  Latency (absolute) |  Interval |      Pipeline     |
    |   min   |   max   |    min   |    max   | min | max |        Type       |
    +---------+---------+----------+----------+-----+-----+-------------------+
    |      100|      100|  1.000 us|  1.000 us|    0|    0|  loop pipeline stp|
    +---------+---------+----------+----------+-----+-----+-------------------+

    + Detail: 
        * Instance: 
        N/A

        * Loop: 
        +-----------------+---------+---------+----------+-----------+-----------+------+----------+
        |                 |  Latency (cycles) | Iteration|  Initiation Interval  | Trip |          |
        |    Loop Name    |   min   |   max   |  Latency |  achieved |   target  | Count| Pipelined|
        +-----------------+---------+---------+----------+-----------+-----------+------+----------+
        |- STDP_LTD_LOOP  |       98|       98|        43|          8|          1|     8|       yes|
        +-----------------+---------+---------+----------+-----------+-----------+------+----------+



================================================================
== Utilization Estimates
================================================================
* Summary: 
+-----------------+---------+-----+--------+-------+-----+
|       Name      | BRAM_18K| DSP |   FF   |  LUT  | URAM|
+-----------------+---------+-----+--------+-------+-----+
|DSP              |        -|    8|       -|      -|    -|
|Expression       |        -|    -|       0|   4227|    -|
|FIFO             |        -|    -|       -|      -|    -|
|Instance         |        -|    8|   23344|  17840|    -|
|Memory           |        -|    -|       -|      -|    -|
|Multiplexer      |        -|    -|       0|    369|    -|
|Register         |        -|    -|    3980|   1120|    -|
+-----------------+---------+-----+--------+-------+-----+
|Total            |        0|   16|   27324|  23556|    0|
+-----------------+---------+-----+--------+-------+-----+
|Available        |      280|  220|  106400|  53200|    0|
+-----------------+---------+-----+--------+-------+-----+
|Utilization (%)  |        0|    7|      25|     44|    0|
+-----------------+---------+-----+--------+-------+-----+

+ Detail: 
    * Instance: 
    +---------------------------+-----------------------+---------+----+------+------+-----+
    |          Instance         |         Module        | BRAM_18K| DSP|  FF  |  LUT | URAM|
    +---------------------------+-----------------------+---------+----+------+------+-----+
    |mul_16ns_16s_31_1_1_U45    |mul_16ns_16s_31_1_1    |        0|   1|     0|     6|    0|
    |mul_16ns_16s_31_1_1_U46    |mul_16ns_16s_31_1_1    |        0|   1|     0|     6|    0|
    |mul_16ns_16s_31_1_1_U47    |mul_16ns_16s_31_1_1    |        0|   1|     0|     6|    0|
    |mul_16ns_16s_31_1_1_U48    |mul_16ns_16s_31_1_1    |        0|   1|     0|     6|    0|
    |mul_16ns_16s_31_1_1_U49    |mul_16ns_16s_31_1_1    |        0|   1|     0|     6|    0|
    |mul_16ns_16s_31_1_1_U50    |mul_16ns_16s_31_1_1    |        0|   1|     0|     6|    0|
    |mul_16ns_16s_31_1_1_U51    |mul_16ns_16s_31_1_1    |        0|   1|     0|     6|    0|
    |mul_16ns_16s_31_1_1_U52    |mul_16ns_16s_31_1_1    |        0|   1|     0|     6|    0|
    |sdiv_24ns_16s_16_28_1_U29  |sdiv_24ns_16s_16_28_1  |        0|   0|  1459|  1112|    0|
    |sdiv_24ns_16s_16_28_1_U30  |sdiv_24ns_16s_16_28_1  |        0|   0|  1459|  1112|    0|
    |sdiv_24ns_16s_16_28_1_U31  |sdiv_24ns_16s_16_28_1  |        0|   0|  1459|  1112|    0|
    |sdiv_24ns_16s_16_28_1_U32  |sdiv_24ns_16s_16_28_1  |        0|   0|  1459|  1112|    0|
    |sdiv_24ns_16s_16_28_1_U33  |sdiv_24ns_16s_16_28_1  |        0|   0|  1459|  1112|    0|
    |sdiv_24ns_16s_16_28_1_U34  |sdiv_24ns_16s_16_28_1  |        0|   0|  1459|  1112|    0|
    |sdiv_24ns_16s_16_28_1_U35  |sdiv_24ns_16s_16_28_1  |        0|   0|  1459|  1112|    0|
    |sdiv_24ns_16s_16_28_1_U36  |sdiv_24ns_16s_16_28_1  |        0|   0|  1459|  1112|    0|
    |sdiv_24ns_16s_16_28_1_U37  |sdiv_24ns_16s_16_28_1  |        0|   0|  1459|  1112|    0|
    |sdiv_24ns_16s_16_28_1_U38  |sdiv_24ns_16s_16_28_1  |        0|   0|  1459|  1112|    0|
    |sdiv_24ns_16s_16_28_1_U39  |sdiv_24ns_16s_16_28_1  |        0|   0|  1459|  1112|    0|
    |sdiv_24ns_16s_16_28_1_U40  |sdiv_24ns_16s_16_28_1  |        0|   0|  1459|  1112|    0|
    |sdiv_24ns_16s_16_28_1_U41  |sdiv_24ns_16s_16_28_1  |        0|   0|  1459|  1112|    0|
    |sdiv_24ns_16s_16_28_1_U42  |sdiv_24ns_16s_16_28_1  |        0|   0|  1459|  1112|    0|
    |sdiv_24ns_16s_16_28_1_U43  |sdiv_24ns_16s_16_28_1  |        0|   0|  1459|  1112|    0|
    |sdiv_24ns_16s_16_28_1_U44  |sdiv_24ns_16s_16_28_1  |        0|   0|  1459|  1112|    0|
    +---------------------------+-----------------------+---------+----+------+------+-----+
    |Total                      |                       |        0|   8| 23344| 17840|    0|
    +---------------------------+-----------------------+---------+----+------+------+-----+

    * DSP: 
    +------------------------------------+--------------------------------+--------------+
    |              Instance              |             Module             |  Expression  |
    +------------------------------------+--------------------------------+--------------+
    |mac_mulsub_16s_16ns_1ns_31_4_1_U53  |mac_mulsub_16s_16ns_1ns_31_4_1  |  i0 - i1 * i2|
    |mac_mulsub_16s_16ns_1ns_31_4_1_U54  |mac_mulsub_16s_16ns_1ns_31_4_1  |  i0 - i1 * i2|
    |mac_mulsub_16s_16ns_1ns_31_4_1_U55  |mac_mulsub_16s_16ns_1ns_31_4_1  |  i0 - i1 * i2|
    |mac_mulsub_16s_16ns_1ns_31_4_1_U56  |mac_mulsub_16s_16ns_1ns_31_4_1  |  i0 - i1 * i2|
    |mac_mulsub_16s_16ns_1ns_31_4_1_U57  |mac_mulsub_16s_16ns_1ns_31_4_1  |  i0 - i1 * i2|
    |mac_mulsub_16s_16ns_1ns_31_4_1_U58  |mac_mulsub_16s_16ns_1ns_31_4_1  |  i0 - i1 * i2|
    |mac_mulsub_16s_16ns_1ns_31_4_1_U59  |mac_mulsub_16s_16ns_1ns_31_4_1  |  i0 - i1 * i2|
    |mac_mulsub_16s_16ns_1ns_31_4_1_U60  |mac_mulsub_16s_16ns_1ns_31_4_1  |  i0 - i1 * i2|
    +------------------------------------+--------------------------------+--------------+

    * Memory: 
    N/A

    * FIFO: 
    N/A

    * Expression: 
    +----------------------------------------+----------+----+---+----+------------+------------+
    |              Variable Name             | Operation| DSP| FF| LUT| Bitwidth P0| Bitwidth P1|
    +----------------------------------------+----------+----+---+----+------------+------------+
    |add_ln51_1_fu_1487_p2                   |         +|   0|  0|  23|          16|           1|
    |add_ln51_2_fu_1667_p2                   |         +|   0|  0|  23|          16|           1|
    |add_ln51_3_fu_1833_p2                   |         +|   0|  0|  23|          16|           1|
    |add_ln51_4_fu_1975_p2                   |         +|   0|  0|  23|          16|           1|
    |add_ln51_5_fu_2125_p2                   |         +|   0|  0|  23|          16|           1|
    |add_ln51_6_fu_2266_p2                   |         +|   0|  0|  23|          16|           1|
    |add_ln51_7_fu_2407_p2                   |         +|   0|  0|  23|          16|           1|
    |add_ln51_fu_1353_p2                     |         +|   0|  0|  23|          16|           1|
    |add_ln58_1_fu_1790_p2                   |         +|   0|  0|  23|          16|           1|
    |add_ln58_2_fu_1932_p2                   |         +|   0|  0|  23|          16|           1|
    |add_ln58_3_fu_2082_p2                   |         +|   0|  0|  23|          16|           1|
    |add_ln58_4_fu_2223_p2                   |         +|   0|  0|  23|          16|           1|
    |add_ln58_5_fu_2364_p2                   |         +|   0|  0|  23|          16|           1|
    |add_ln58_6_fu_2486_p2                   |         +|   0|  0|  23|          16|           1|
    |add_ln58_7_fu_2565_p2                   |         +|   0|  0|  23|          16|           1|
    |add_ln58_fu_1624_p2                     |         +|   0|  0|  23|          16|           1|
    |exp_decay_11_fu_1554_p2                 |         +|   0|  0|  23|          16|           9|
    |exp_decay_13_fu_1714_p2                 |         +|   0|  0|  23|          16|           9|
    |exp_decay_15_fu_1734_p2                 |         +|   0|  0|  23|          16|           9|
    |exp_decay_1_fu_1250_p2                  |         +|   0|  0|  23|          16|           9|
    |exp_decay_3_fu_1296_p2                  |         +|   0|  0|  23|          16|           9|
    |exp_decay_5_fu_1400_p2                  |         +|   0|  0|  23|          16|           9|
    |exp_decay_7_fu_1430_p2                  |         +|   0|  0|  23|          16|           9|
    |exp_decay_9_fu_1534_p2                  |         +|   0|  0|  23|          16|           9|
    |post_id_3_fu_606_p2                     |         +|   0|  0|  14|           7|           4|
    |dt_1_fu_634_p2                          |         -|   0|  0|  39|          32|          32|
    |dt_2_fu_645_p2                          |         -|   0|  0|  39|          32|          32|
    |dt_3_fu_656_p2                          |         -|   0|  0|  39|          32|          32|
    |dt_4_fu_667_p2                          |         -|   0|  0|  39|          32|          32|
    |dt_5_fu_678_p2                          |         -|   0|  0|  39|          32|          32|
    |dt_6_fu_689_p2                          |         -|   0|  0|  39|          32|          32|
    |dt_7_fu_700_p2                          |         -|   0|  0|  39|          32|          32|
    |dt_fu_623_p2                            |         -|   0|  0|  39|          32|          32|
    |exp_decay_10_fu_1461_p2                 |         -|   0|  0|  23|           9|          16|
    |exp_decay_12_fu_1575_p2                 |         -|   0|  0|  23|           9|          16|
    |exp_decay_14_fu_1585_p2                 |         -|   0|  0|  23|           9|          16|
    |exp_decay_2_fu_1311_p2                  |         -|   0|  0|  23|           9|          16|
    |exp_decay_4_fu_1415_p2                  |         -|   0|  0|  23|           9|          16|
    |exp_decay_6_fu_1327_p2                  |         -|   0|  0|  23|           9|          16|
    |exp_decay_8_fu_1451_p2                  |         -|   0|  0|  23|           9|          16|
    |exp_decay_fu_1241_p2                    |         -|   0|  0|  23|           9|          16|
    |sub_ln53_1_fu_798_p2                    |         -|   0|  0|  40|           1|          33|
    |sub_ln53_2_fu_866_p2                    |         -|   0|  0|  40|           1|          33|
    |sub_ln53_3_fu_908_p2                    |         -|   0|  0|  40|           1|          33|
    |sub_ln53_4_fu_950_p2                    |         -|   0|  0|  40|           1|          33|
    |sub_ln53_5_fu_992_p2                    |         -|   0|  0|  40|           1|          33|
    |sub_ln53_6_fu_1034_p2                   |         -|   0|  0|  40|           1|          33|
    |sub_ln53_7_fu_1076_p2                   |         -|   0|  0|  40|           1|          33|
    |sub_ln53_fu_730_p2                      |         -|   0|  0|  40|           1|          33|
    |and_ln46_1_fu_782_p2                    |       and|   0|  0|   2|           1|           1|
    |and_ln46_2_fu_850_p2                    |       and|   0|  0|   2|           1|           1|
    |and_ln46_3_fu_892_p2                    |       and|   0|  0|   2|           1|           1|
    |and_ln46_4_fu_934_p2                    |       and|   0|  0|   2|           1|           1|
    |and_ln46_5_fu_976_p2                    |       and|   0|  0|   2|           1|           1|
    |and_ln46_6_fu_1018_p2                   |       and|   0|  0|   2|           1|           1|
    |and_ln46_7_fu_1060_p2                   |       and|   0|  0|   2|           1|           1|
    |and_ln46_fu_714_p2                      |       and|   0|  0|   2|           1|           1|
    |ap_block_pp0_stage0_01001               |       and|   0|  0|   2|           1|           1|
    |ap_block_pp0_stage1_01001_grp7          |       and|   0|  0|   2|           1|           1|
    |ap_block_pp0_stage2_01001_grp8          |       and|   0|  0|   2|           1|           1|
    |ap_block_pp0_stage3_01001_grp1          |       and|   0|  0|   2|           1|           1|
    |ap_block_pp0_stage4_01001_grp2          |       and|   0|  0|   2|           1|           1|
    |ap_block_pp0_stage5_01001_grp3          |       and|   0|  0|   2|           1|           1|
    |ap_block_pp0_stage6_01001_grp4          |       and|   0|  0|   2|           1|           1|
    |ap_block_pp0_stage7_01001_grp5          |       and|   0|  0|   2|           1|           1|
    |ap_block_state36_pp0_stage3_iter4_grp1  |       and|   0|  0|   2|           1|           1|
    |ap_block_state37_pp0_stage4_iter4_grp2  |       and|   0|  0|   2|           1|           1|
    |ap_block_state38_pp0_stage5_iter4_grp3  |       and|   0|  0|   2|           1|           1|
    |ap_block_state39_pp0_stage6_iter4_grp4  |       and|   0|  0|   2|           1|           1|
    |ap_block_state40_pp0_stage7_iter4_grp5  |       and|   0|  0|   2|           1|           1|
    |ap_block_state41_pp0_stage0_iter5       |       and|   0|  0|   2|           1|           1|
    |ap_block_state42_pp0_stage1_iter5_grp7  |       and|   0|  0|   2|           1|           1|
    |ap_block_state43_pp0_stage2_iter5_grp8  |       and|   0|  0|   2|           1|           1|
    |ap_condition_1124                       |       and|   0|  0|   2|           1|           1|
    |ap_condition_1128                       |       and|   0|  0|   2|           1|           1|
    |ap_condition_1659                       |       and|   0|  0|   2|           1|           1|
    |ap_predicate_op1008_write_state40       |       and|   0|  0|   2|           1|           1|
    |ap_predicate_op1029_write_state41       |       and|   0|  0|   2|           1|           1|
    |ap_predicate_op1047_write_state42       |       and|   0|  0|   2|           1|           1|
    |ap_predicate_op1055_write_state43       |       and|   0|  0|   2|           1|           1|
    |ap_predicate_op873_write_state36        |       and|   0|  0|   2|           1|           1|
    |ap_predicate_op909_write_state37        |       and|   0|  0|   2|           1|           1|
    |ap_predicate_op945_write_state38        |       and|   0|  0|   2|           1|           1|
    |ap_predicate_op981_write_state39        |       and|   0|  0|   2|           1|           1|
    |ap_predicate_pred1092_state31           |       and|   0|  0|   2|           1|           1|
    |ap_predicate_pred1094_state34           |       and|   0|  0|   2|           1|           1|
    |ap_predicate_pred1186_state35           |       and|   0|  0|   2|           1|           1|
    |ap_predicate_pred1207_state33           |       and|   0|  0|   2|           1|           1|
    |ap_predicate_pred1240_state31           |       and|   0|  0|   2|           1|           1|
    |ap_predicate_pred1264_state36           |       and|   0|  0|   2|           1|           1|
    |ap_predicate_pred1285_state34           |       and|   0|  0|   2|           1|           1|
    |ap_predicate_pred1313_state32           |       and|   0|  0|   2|           1|           1|
    |ap_predicate_pred1337_state37           |       and|   0|  0|   2|           1|           1|
    |ap_predicate_pred1362_state35           |       and|   0|  0|   2|           1|           1|
    |ap_predicate_pred1394_state32           |       and|   0|  0|   2|           1|           1|
    |ap_predicate_pred1419_state38           |       and|   0|  0|   2|           1|           1|
    |ap_predicate_pred1442_state36           |       and|   0|  0|   2|           1|           1|
    |ap_predicate_pred1476_state33           |       and|   0|  0|   2|           1|           1|
    |ap_predicate_pred1501_state39           |       and|   0|  0|   2|           1|           1|
    |ap_predicate_pred1524_state37           |       and|   0|  0|   2|           1|           1|
    |ap_predicate_pred1557_state33           |       and|   0|  0|   2|           1|           1|
    |ap_predicate_pred1583_state40           |       and|   0|  0|   2|           1|           1|
    |ap_predicate_pred1606_state38           |       and|   0|  0|   2|           1|           1|
    |ap_predicate_pred1639_state34           |       and|   0|  0|   2|           1|           1|
    |ap_predicate_pred1670_state41           |       and|   0|  0|   2|           1|           1|
    |ap_predicate_pred1682_state39           |       and|   0|  0|   2|           1|           1|
    |ap_predicate_pred1713_state34           |       and|   0|  0|   2|           1|           1|
    |icmp_ln102_1_fu_1893_p2                 |      icmp|   0|  0|  23|          16|           1|
    |icmp_ln102_2_fu_2043_p2                 |      icmp|   0|  0|  23|          16|           1|
    |icmp_ln102_3_fu_2184_p2                 |      icmp|   0|  0|  23|          16|           1|
    |icmp_ln102_4_fu_2325_p2                 |      icmp|   0|  0|  23|          16|           1|
    |icmp_ln102_5_fu_2440_p2                 |      icmp|   0|  0|  23|          16|           1|
    |icmp_ln102_6_fu_2526_p2                 |      icmp|   0|  0|  23|          16|           1|
    |icmp_ln102_7_fu_2602_p2                 |      icmp|   0|  0|  23|          16|           1|
    |icmp_ln102_fu_1751_p2                   |      icmp|   0|  0|  23|          16|           1|
    |icmp_ln41_fu_562_p2                     |      icmp|   0|  0|  39|          32|           1|
    |icmp_ln46_10_fu_967_p2                  |      icmp|   0|  0|  39|          32|           1|
    |icmp_ln46_11_fu_972_p2                  |      icmp|   0|  0|  39|          32|          32|
    |icmp_ln46_12_fu_1009_p2                 |      icmp|   0|  0|  39|          32|           1|
    |icmp_ln46_13_fu_1014_p2                 |      icmp|   0|  0|  39|          32|          32|
    |icmp_ln46_14_fu_1051_p2                 |      icmp|   0|  0|  39|          32|           1|
    |icmp_ln46_15_fu_1056_p2                 |      icmp|   0|  0|  39|          32|          32|
    |icmp_ln46_1_fu_710_p2                   |      icmp|   0|  0|  39|          32|          32|
    |icmp_ln46_2_fu_773_p2                   |      icmp|   0|  0|  39|          32|           1|
    |icmp_ln46_3_fu_778_p2                   |      icmp|   0|  0|  39|          32|          32|
    |icmp_ln46_4_fu_841_p2                   |      icmp|   0|  0|  39|          32|           1|
    |icmp_ln46_5_fu_846_p2                   |      icmp|   0|  0|  39|          32|          32|
    |icmp_ln46_6_fu_883_p2                   |      icmp|   0|  0|  39|          32|           1|
    |icmp_ln46_7_fu_888_p2                   |      icmp|   0|  0|  39|          32|          32|
    |icmp_ln46_8_fu_925_p2                   |      icmp|   0|  0|  39|          32|           1|
    |icmp_ln46_9_fu_930_p2                   |      icmp|   0|  0|  39|          32|          32|
    |icmp_ln46_fu_705_p2                     |      icmp|   0|  0|  39|          32|           1|
    |icmp_ln50_1_fu_1317_p2                  |      icmp|   0|  0|  23|          16|           1|
    |icmp_ln50_2_fu_1421_p2                  |      icmp|   0|  0|  23|          16|           1|
    |icmp_ln50_3_fu_1442_p2                  |      icmp|   0|  0|  23|          16|           1|
    |icmp_ln50_4_fu_1546_p2                  |      icmp|   0|  0|  23|          16|           1|
    |icmp_ln50_5_fu_1566_p2                  |      icmp|   0|  0|  23|          16|           1|
    |icmp_ln50_6_fu_1726_p2                  |      icmp|   0|  0|  23|          16|           1|
    |icmp_ln50_7_fu_1746_p2                  |      icmp|   0|  0|  23|          16|           1|
    |icmp_ln50_fu_1266_p2                    |      icmp|   0|  0|  23|          16|           1|
    |icmp_ln51_1_fu_1481_p2                  |      icmp|   0|  0|  23|          16|           1|
    |icmp_ln51_2_fu_1661_p2                  |      icmp|   0|  0|  23|          16|           1|
    |icmp_ln51_3_fu_1827_p2                  |      icmp|   0|  0|  23|          16|           1|
    |icmp_ln51_4_fu_1969_p2                  |      icmp|   0|  0|  23|          16|           1|
    |icmp_ln51_5_fu_2119_p2                  |      icmp|   0|  0|  23|          16|           1|
    |icmp_ln51_6_fu_2260_p2                  |      icmp|   0|  0|  23|          16|           1|
    |icmp_ln51_7_fu_2401_p2                  |      icmp|   0|  0|  23|          16|           1|
    |icmp_ln51_fu_1347_p2                    |      icmp|   0|  0|  23|          16|           1|
    |icmp_ln53_1_fu_804_p2                   |      icmp|   0|  0|  40|          33|          33|
    |icmp_ln53_2_fu_872_p2                   |      icmp|   0|  0|  40|          33|          33|
    |icmp_ln53_3_fu_914_p2                   |      icmp|   0|  0|  40|          33|          33|
    |icmp_ln53_4_fu_956_p2                   |      icmp|   0|  0|  40|          33|          33|
    |icmp_ln53_5_fu_998_p2                   |      icmp|   0|  0|  40|          33|          33|
    |icmp_ln53_6_fu_1040_p2                  |      icmp|   0|  0|  40|          33|          33|
    |icmp_ln53_7_fu_1082_p2                  |      icmp|   0|  0|  40|          33|          33|
    |icmp_ln53_fu_736_p2                     |      icmp|   0|  0|  40|          33|          33|
    |icmp_ln57_1_fu_1302_p2                  |      icmp|   0|  0|  23|          16|           1|
    |icmp_ln57_2_fu_1406_p2                  |      icmp|   0|  0|  23|          16|           1|
    |icmp_ln57_3_fu_1436_p2                  |      icmp|   0|  0|  23|          16|           1|
    |icmp_ln57_4_fu_1540_p2                  |      icmp|   0|  0|  23|          16|           1|
    |icmp_ln57_5_fu_1560_p2                  |      icmp|   0|  0|  23|          16|           1|
    |icmp_ln57_6_fu_1720_p2                  |      icmp|   0|  0|  23|          16|           1|
    |icmp_ln57_7_fu_1740_p2                  |      icmp|   0|  0|  23|          16|           1|
    |icmp_ln57_fu_1256_p2                    |      icmp|   0|  0|  23|          16|           1|
    |icmp_ln58_1_fu_1784_p2                  |      icmp|   0|  0|  23|          16|           1|
    |icmp_ln58_2_fu_1926_p2                  |      icmp|   0|  0|  23|          16|           1|
    |icmp_ln58_3_fu_2076_p2                  |      icmp|   0|  0|  23|          16|           1|
    |icmp_ln58_4_fu_2217_p2                  |      icmp|   0|  0|  23|          16|           1|
    |icmp_ln58_5_fu_2358_p2                  |      icmp|   0|  0|  23|          16|           1|
    |icmp_ln58_6_fu_2480_p2                  |      icmp|   0|  0|  23|          16|           1|
    |icmp_ln58_7_fu_2559_p2                  |      icmp|   0|  0|  23|          16|           1|
    |icmp_ln58_fu_1618_p2                    |      icmp|   0|  0|  23|          16|           1|
    |icmp_ln98_1_fu_628_p2                   |      icmp|   0|  0|  39|          32|           1|
    |icmp_ln98_2_fu_639_p2                   |      icmp|   0|  0|  39|          32|           1|
    |icmp_ln98_3_fu_650_p2                   |      icmp|   0|  0|  39|          32|           1|
    |icmp_ln98_4_fu_661_p2                   |      icmp|   0|  0|  39|          32|           1|
    |icmp_ln98_5_fu_672_p2                   |      icmp|   0|  0|  39|          32|           1|
    |icmp_ln98_6_fu_683_p2                   |      icmp|   0|  0|  39|          32|           1|
    |icmp_ln98_7_fu_694_p2                   |      icmp|   0|  0|  39|          32|           1|
    |icmp_ln98_fu_617_p2                     |      icmp|   0|  0|  39|          32|           1|
    |delta_10_fu_2096_p3                     |    select|   0|  0|  16|           1|          16|
    |delta_12_fu_1987_p3                     |    select|   0|  0|  16|           1|          16|
    |delta_13_fu_2237_p3                     |    select|   0|  0|  16|           1|          16|
    |delta_15_fu_2137_p3                     |    select|   0|  0|  16|           1|          16|
    |delta_16_fu_2378_p3                     |    select|   0|  0|  16|           1|          16|
    |delta_18_fu_2278_p3                     |    select|   0|  0|  16|           1|          16|
    |delta_19_fu_2500_p3                     |    select|   0|  0|  16|           1|          16|
    |delta_1_fu_1638_p3                      |    select|   0|  0|  16|           1|          16|
    |delta_21_fu_2419_p3                     |    select|   0|  0|  16|           1|          16|
    |delta_22_fu_2579_p3                     |    select|   0|  0|  16|           1|          16|
    |delta_3_fu_1499_p3                      |    select|   0|  0|  16|           1|          16|
    |delta_4_fu_1804_p3                      |    select|   0|  0|  16|           1|          16|
    |delta_6_fu_1679_p3                      |    select|   0|  0|  16|           1|          16|
    |delta_7_fu_1946_p3                      |    select|   0|  0|  16|           1|          16|
    |delta_9_fu_1845_p3                      |    select|   0|  0|  16|           1|          16|
    |delta_fu_1365_p3                        |    select|   0|  0|  16|           1|          16|
    |select_ln51_1_fu_1492_p3                |    select|   0|  0|  16|           1|          16|
    |select_ln51_2_fu_1672_p3                |    select|   0|  0|  16|           1|          16|
    |select_ln51_3_fu_1838_p3                |    select|   0|  0|  16|           1|          16|
    |select_ln51_4_fu_1980_p3                |    select|   0|  0|  16|           1|          16|
    |select_ln51_5_fu_2130_p3                |    select|   0|  0|  16|           1|          16|
    |select_ln51_6_fu_2271_p3                |    select|   0|  0|  16|           1|          16|
    |select_ln51_7_fu_2412_p3                |    select|   0|  0|  16|           1|          16|
    |select_ln51_fu_1358_p3                  |    select|   0|  0|  16|           1|          16|
    |select_ln58_1_fu_1796_p3                |    select|   0|  0|  16|           1|          16|
    |select_ln58_2_fu_1938_p3                |    select|   0|  0|  16|           1|          16|
    |select_ln58_3_fu_2088_p3                |    select|   0|  0|  16|           1|          16|
    |select_ln58_4_fu_2229_p3                |    select|   0|  0|  16|           1|          16|
    |select_ln58_5_fu_2370_p3                |    select|   0|  0|  16|           1|          16|
    |select_ln58_6_fu_2492_p3                |    select|   0|  0|  16|           1|          16|
    |select_ln58_7_fu_2571_p3                |    select|   0|  0|  16|           1|          16|
    |select_ln58_fu_1630_p3                  |    select|   0|  0|  16|           1|          16|
    |ap_enable_pp0                           |       xor|   0|  0|   2|           1|           2|
    +----------------------------------------+----------+----+---+----+------------+------------+
    |Total                                   |          |   0|  0|4227|        2522|        1889|
    +----------------------------------------+----------+----+---+----+------------+------------+

    * Multiplexer: 
    +---------------------------------------+----+-----------+-----+-----------+
    |                  Name                 | LUT| Input Size| Bits| Total Bits|
    +---------------------------------------+----+-----------+-----+-----------+
    |ap_NS_fsm                              |  48|          9|    1|          9|
    |ap_done_int                            |   9|          2|    1|          2|
    |ap_enable_reg_pp0_iter0                |   9|          2|    1|          2|
    |ap_enable_reg_pp0_iter1                |   9|          2|    1|          2|
    |ap_enable_reg_pp0_iter5                |   9|          2|    1|          2|
    |ap_loop_exit_ready_pp0_iter1_reg       |   9|          2|    1|          2|
    |ap_loop_exit_ready_pp0_iter2_reg       |   9|          2|    1|          2|
    |ap_loop_exit_ready_pp0_iter3_reg       |   9|          2|    1|          2|
    |ap_loop_exit_ready_pp0_iter4_reg       |   9|          2|    1|          2|
    |ap_phi_reg_pp0_iter4_delta_24_reg_321  |   9|          2|   16|         32|
    |ap_phi_reg_pp0_iter4_delta_25_reg_347  |   9|          2|   16|         32|
    |ap_phi_reg_pp0_iter4_delta_26_reg_373  |  14|          3|   16|         48|
    |ap_phi_reg_pp0_iter4_delta_27_reg_399  |  14|          3|   16|         48|
    |ap_phi_reg_pp0_iter4_delta_28_reg_425  |  14|          3|   16|         48|
    |ap_phi_reg_pp0_iter4_delta_29_reg_451  |  14|          3|   16|         48|
    |ap_phi_reg_pp0_iter4_delta_30_reg_477  |  14|          3|   16|         48|
    |ap_phi_reg_pp0_iter4_delta_31_reg_503  |  14|          3|   16|         48|
    |ap_sig_allocacmp_post_id_2             |   9|          2|    7|         14|
    |delta_24_reg_321                       |   9|          2|   16|         32|
    |delta_25_reg_347                       |   9|          2|   16|         32|
    |delta_26_reg_373                       |   9|          2|   16|         32|
    |delta_27_reg_399                       |   9|          2|   16|         32|
    |delta_28_reg_425                       |   9|          2|   16|         32|
    |delta_29_reg_451                       |   9|          2|   16|         32|
    |delta_30_reg_477                       |   9|          2|   16|         32|
    |delta_31_reg_503                       |   9|          2|   16|         32|
    |post_id_fu_150                         |   9|          2|    7|         14|
    |weight_update_fifo_blk_n               |   9|          2|    1|          2|
    |weight_update_fifo_din                 |  48|          9|   64|        576|
    +---------------------------------------+----+-----------+-----+-----------+
    |Total                                  | 369|         78|  344|       1239|
    +---------------------------------------+----+-----------+-----+-----------+

    * Register: 
    +-------------------------------------------+----+----+-----+-----------+
    |                    Name                   | FF | LUT| Bits| Const Bits|
    +-------------------------------------------+----+----+-----+-----------+
    |and_ln46_1_reg_3011                        |   1|   0|    1|          0|
    |and_ln46_2_reg_3033                        |   1|   0|    1|          0|
    |and_ln46_3_reg_3055                        |   1|   0|    1|          0|
    |and_ln46_4_reg_3077                        |   1|   0|    1|          0|
    |and_ln46_5_reg_3099                        |   1|   0|    1|          0|
    |and_ln46_6_reg_3121                        |   1|   0|    1|          0|
    |and_ln46_7_reg_3143                        |   1|   0|    1|          0|
    |and_ln46_reg_2989                          |   1|   0|    1|          0|
    |ap_CS_fsm                                  |   8|   0|    8|          0|
    |ap_block_pp0_stage0_subdone_grp0_done_reg  |   1|   0|    1|          0|
    |ap_block_pp0_stage1_subdone_grp0_done_reg  |   1|   0|    1|          0|
    |ap_block_pp0_stage2_subdone_grp0_done_reg  |   1|   0|    1|          0|
    |ap_block_pp0_stage3_subdone_grp0_done_reg  |   1|   0|    1|          0|
    |ap_block_pp0_stage4_subdone_grp0_done_reg  |   1|   0|    1|          0|
    |ap_block_pp0_stage5_subdone_grp0_done_reg  |   1|   0|    1|          0|
    |ap_block_pp0_stage6_subdone_grp0_done_reg  |   1|   0|    1|          0|
    |ap_block_pp0_stage7_subdone_grp0_done_reg  |   1|   0|    1|          0|
    |ap_done_reg                                |   1|   0|    1|          0|
    |ap_enable_reg_pp0_iter0_reg                |   1|   0|    1|          0|
    |ap_enable_reg_pp0_iter1                    |   1|   0|    1|          0|
    |ap_enable_reg_pp0_iter2                    |   1|   0|    1|          0|
    |ap_enable_reg_pp0_iter3                    |   1|   0|    1|          0|
    |ap_enable_reg_pp0_iter4                    |   1|   0|    1|          0|
    |ap_enable_reg_pp0_iter5                    |   1|   0|    1|          0|
    |ap_loop_exit_ready_pp0_iter1_reg           |   1|   0|    1|          0|
    |ap_loop_exit_ready_pp0_iter2_reg           |   1|   0|    1|          0|
    |ap_loop_exit_ready_pp0_iter3_reg           |   1|   0|    1|          0|
    |ap_loop_exit_ready_pp0_iter4_reg           |   1|   0|    1|          0|
    |ap_phi_reg_pp0_iter3_delta_24_reg_321      |   0|   0|   16|         16|
    |ap_phi_reg_pp0_iter3_delta_25_reg_347      |   0|   0|   16|         16|
    |ap_phi_reg_pp0_iter4_delta_24_reg_321      |  16|   0|   16|          0|
    |ap_phi_reg_pp0_iter4_delta_25_reg_347      |  16|   0|   16|          0|
    |ap_phi_reg_pp0_iter4_delta_26_reg_373      |  16|   0|   16|          0|
    |ap_phi_reg_pp0_iter4_delta_27_reg_399      |  16|   0|   16|          0|
    |ap_phi_reg_pp0_iter4_delta_28_reg_425      |  16|   0|   16|          0|
    |ap_phi_reg_pp0_iter4_delta_29_reg_451      |  16|   0|   16|          0|
    |ap_phi_reg_pp0_iter4_delta_30_reg_477      |  16|   0|   16|          0|
    |ap_phi_reg_pp0_iter4_delta_31_reg_503      |  16|   0|   16|          0|
    |ap_phi_reg_pp0_iter5_delta_31_reg_503      |  16|   0|   16|          0|
    |ap_predicate_pred1092_state31              |   1|   0|    1|          0|
    |ap_predicate_pred1094_state34              |   1|   0|    1|          0|
    |ap_predicate_pred1186_state35              |   1|   0|    1|          0|
    |ap_predicate_pred1207_state33              |   1|   0|    1|          0|
    |ap_predicate_pred1240_state31              |   1|   0|    1|          0|
    |ap_predicate_pred1264_state36              |   1|   0|    1|          0|
    |ap_predicate_pred1285_state34              |   1|   0|    1|          0|
    |ap_predicate_pred1313_state32              |   1|   0|    1|          0|
    |ap_predicate_pred1337_state37              |   1|   0|    1|          0|
    |ap_predicate_pred1362_state35              |   1|   0|    1|          0|
    |ap_predicate_pred1394_state32              |   1|   0|    1|          0|
    |ap_predicate_pred1419_state38              |   1|   0|    1|          0|
    |ap_predicate_pred1442_state36              |   1|   0|    1|          0|
    |ap_predicate_pred1476_state33              |   1|   0|    1|          0|
    |ap_predicate_pred1501_state39              |   1|   0|    1|          0|
    |ap_predicate_pred1524_state37              |   1|   0|    1|          0|
    |ap_predicate_pred1557_state33              |   1|   0|    1|          0|
    |ap_predicate_pred1583_state40              |   1|   0|    1|          0|
    |ap_predicate_pred1606_state38              |   1|   0|    1|          0|
    |ap_predicate_pred1639_state34              |   1|   0|    1|          0|
    |ap_predicate_pred1670_state41              |   1|   0|    1|          0|
    |ap_predicate_pred1682_state39              |   1|   0|    1|          0|
    |ap_predicate_pred1713_state34              |   1|   0|    1|          0|
    |delta_24_reg_321                           |  16|   0|   16|          0|
    |delta_25_reg_347                           |  16|   0|   16|          0|
    |delta_26_reg_373                           |  16|   0|   16|          0|
    |delta_27_reg_399                           |  16|   0|   16|          0|
    |delta_28_reg_425                           |  16|   0|   16|          0|
    |delta_29_reg_451                           |  16|   0|   16|          0|
    |delta_30_reg_477                           |  16|   0|   16|          0|
    |delta_31_reg_503                           |  16|   0|   16|          0|
    |dt_1_reg_2895                              |  32|   0|   32|          0|
    |dt_2_reg_2909                              |  32|   0|   32|          0|
    |dt_3_reg_2923                              |  32|   0|   32|          0|
    |dt_4_reg_2937                              |  32|   0|   32|          0|
    |dt_5_reg_2951                              |  32|   0|   32|          0|
    |dt_6_reg_2965                              |  32|   0|   32|          0|
    |dt_7_reg_2979                              |  32|   0|   32|          0|
    |dt_reg_2881                                |  32|   0|   32|          0|
    |exp_decay_10_reg_3389                      |  16|   0|   16|          0|
    |exp_decay_11_reg_3435                      |  16|   0|   16|          0|
    |exp_decay_12_reg_3453                      |  16|   0|   16|          0|
    |exp_decay_13_reg_3497                      |  16|   0|   16|          0|
    |exp_decay_14_reg_3464                      |  16|   0|   16|          0|
    |exp_decay_15_reg_3510                      |  16|   0|   16|          0|
    |exp_decay_2_reg_3285                       |  16|   0|   16|          0|
    |exp_decay_3_reg_3276                       |  16|   0|   16|          0|
    |exp_decay_4_reg_3351                       |  16|   0|   16|          0|
    |exp_decay_5_reg_3342                       |  16|   0|   16|          0|
    |exp_decay_6_reg_3309                       |  16|   0|   16|          0|
    |exp_decay_7_reg_3360                       |  16|   0|   16|          0|
    |exp_decay_8_reg_3378                       |  16|   0|   16|          0|
    |exp_decay_9_reg_3422                       |  16|   0|   16|          0|
    |exp_decay_reg_3230                         |  16|   0|   16|          0|
    |icmp_ln102_1_reg_3557                      |   1|   0|    1|          0|
    |icmp_ln102_2_reg_3591                      |   1|   0|    1|          0|
    |icmp_ln102_3_reg_3625                      |   1|   0|    1|          0|
    |icmp_ln102_4_reg_3659                      |   1|   0|    1|          0|
    |icmp_ln102_5_reg_3671                      |   1|   0|    1|          0|
    |icmp_ln102_6_reg_3683                      |   1|   0|    1|          0|
    |icmp_ln102_7_reg_3690                      |   1|   0|    1|          0|
    |icmp_ln102_reg_3523                        |   1|   0|    1|          0|
    |icmp_ln41_reg_2813                         |   1|   0|    1|          0|
    |icmp_ln50_1_reg_3290                       |   1|   0|    1|          0|
    |icmp_ln50_2_reg_3356                       |   1|   0|    1|          0|
    |icmp_ln50_3_reg_3369                       |   1|   0|    1|          0|
    |icmp_ln50_4_reg_3431                       |   1|   0|    1|          0|
    |icmp_ln50_5_reg_3444                       |   1|   0|    1|          0|
    |icmp_ln50_6_reg_3506                       |   1|   0|    1|          0|
    |icmp_ln50_7_reg_3519                       |   1|   0|    1|          0|
    |icmp_ln50_reg_3255                         |   1|   0|    1|          0|
    |icmp_ln53_1_reg_3019                       |   1|   0|    1|          0|
    |icmp_ln53_2_reg_3041                       |   1|   0|    1|          0|
    |icmp_ln53_3_reg_3063                       |   1|   0|    1|          0|
    |icmp_ln53_4_reg_3085                       |   1|   0|    1|          0|
    |icmp_ln53_5_reg_3107                       |   1|   0|    1|          0|
    |icmp_ln53_6_reg_3129                       |   1|   0|    1|          0|
    |icmp_ln53_7_reg_3151                       |   1|   0|    1|          0|
    |icmp_ln53_reg_2997                         |   1|   0|    1|          0|
    |icmp_ln57_1_reg_3281                       |   1|   0|    1|          0|
    |icmp_ln57_2_reg_3347                       |   1|   0|    1|          0|
    |icmp_ln57_3_reg_3365                       |   1|   0|    1|          0|
    |icmp_ln57_4_reg_3427                       |   1|   0|    1|          0|
    |icmp_ln57_5_reg_3440                       |   1|   0|    1|          0|
    |icmp_ln57_6_reg_3502                       |   1|   0|    1|          0|
    |icmp_ln57_7_reg_3515                       |   1|   0|    1|          0|
    |icmp_ln57_reg_3246                         |   1|   0|    1|          0|
    |icmp_ln98_1_reg_2891                       |   1|   0|    1|          0|
    |icmp_ln98_2_reg_2905                       |   1|   0|    1|          0|
    |icmp_ln98_3_reg_2919                       |   1|   0|    1|          0|
    |icmp_ln98_4_reg_2933                       |   1|   0|    1|          0|
    |icmp_ln98_5_reg_2947                       |   1|   0|    1|          0|
    |icmp_ln98_6_reg_2961                       |   1|   0|    1|          0|
    |icmp_ln98_7_reg_2975                       |   1|   0|    1|          0|
    |icmp_ln98_reg_2877                         |   1|   0|    1|          0|
    |lshr_ln5_reg_2829                          |   3|   0|    3|          0|
    |mul_ln51_1_reg_3325                        |  31|   0|   31|          0|
    |mul_ln51_2_reg_3405                        |  31|   0|   31|          0|
    |mul_ln51_3_reg_3480                        |  31|   0|   31|          0|
    |mul_ln51_4_reg_3537                        |  31|   0|   31|          0|
    |mul_ln51_5_reg_3571                        |  31|   0|   31|          0|
    |mul_ln51_6_reg_3605                        |  31|   0|   31|          0|
    |mul_ln51_7_reg_3639                        |  31|   0|   31|          0|
    |mul_ln51_reg_3259                          |  31|   0|   31|          0|
    |post_id_2_reg_2817                         |   7|   0|    7|          0|
    |post_id_fu_150                             |   7|   0|    7|          0|
    |sdiv_ln48_1_reg_3241                       |  16|   0|   16|          0|
    |sdiv_ln48_2_reg_3299                       |  16|   0|   16|          0|
    |sdiv_ln55_1_reg_3236                       |  16|   0|   16|          0|
    |sdiv_ln55_2_reg_3294                       |  16|   0|   16|          0|
    |sdiv_ln55_3_reg_3304                       |  16|   0|   16|          0|
    |sdiv_ln55_4_reg_3373                       |  16|   0|   16|          0|
    |sdiv_ln55_5_reg_3384                       |  16|   0|   16|          0|
    |sdiv_ln55_6_reg_3448                       |  16|   0|   16|          0|
    |sdiv_ln55_7_reg_3459                       |  16|   0|   16|          0|
    |sdiv_ln55_reg_3225                         |  16|   0|   16|          0|
    |sext_ln48_cast_reg_2765                    |  31|   0|   31|          0|
    |sext_ln55_cast_reg_2789                    |  24|   0|   24|          0|
    |sext_ln58_cast_reg_2753                    |  24|   0|   24|          0|
    |sext_ln93_cast_reg_2741                    |  31|   0|   31|          0|
    |tmp_10_cast_reg_3264                       |  16|   0|   16|          0|
    |tmp_13_cast_reg_3330                       |  16|   0|   16|          0|
    |tmp_13_reg_2993                            |   1|   0|    1|          0|
    |tmp_16_reg_3015                            |   1|   0|    1|          0|
    |tmp_17_cast_reg_3410                       |  16|   0|   16|          0|
    |tmp_21_cast_reg_3485                       |  16|   0|   16|          0|
    |tmp_22_reg_3037                            |   1|   0|    1|          0|
    |tmp_29_reg_3059                            |   1|   0|    1|          0|
    |tmp_36_reg_3081                            |   1|   0|    1|          0|
    |tmp_42_reg_3103                            |   1|   0|    1|          0|
    |tmp_44_cast_reg_3542                       |  16|   0|   16|          0|
    |tmp_47_reg_3675                            |   1|   0|    1|          0|
    |tmp_49_reg_3125                            |   1|   0|    1|          0|
    |tmp_53_cast_reg_3576                       |  16|   0|   16|          0|
    |tmp_55_reg_3147                            |   1|   0|    1|          0|
    |tmp_62_cast_reg_3610                       |  16|   0|   16|          0|
    |tmp_76_cast_reg_3644                       |  16|   0|   16|          0|
    |tmp_reg_2825                               |   1|   0|    1|          0|
    |trunc_ln48_10_reg_3116                     |   8|   0|    8|          0|
    |trunc_ln48_12_reg_3138                     |   8|   0|    8|          0|
    |trunc_ln48_14_reg_3160                     |   8|   0|    8|          0|
    |trunc_ln48_4_reg_3050                      |   8|   0|    8|          0|
    |trunc_ln48_6_reg_3072                      |   8|   0|    8|          0|
    |trunc_ln48_8_reg_3094                      |   8|   0|    8|          0|
    |trunc_ln51_1_reg_3337                      |   9|   0|    9|          0|
    |trunc_ln51_2_reg_3417                      |   9|   0|    9|          0|
    |trunc_ln51_3_reg_3492                      |   9|   0|    9|          0|
    |trunc_ln51_4_reg_3549                      |   9|   0|    9|          0|
    |trunc_ln51_5_reg_3583                      |   9|   0|    9|          0|
    |trunc_ln51_6_reg_3617                      |   9|   0|    9|          0|
    |trunc_ln51_7_reg_3651                      |   9|   0|    9|          0|
    |trunc_ln51_reg_3271                        |   9|   0|    9|          0|
    |trunc_ln55_10_reg_3111                     |   8|   0|    8|          0|
    |trunc_ln55_12_reg_3133                     |   8|   0|    8|          0|
    |trunc_ln55_14_reg_3155                     |   8|   0|    8|          0|
    |trunc_ln55_4_reg_3045                      |   8|   0|    8|          0|
    |trunc_ln55_6_reg_3067                      |   8|   0|    8|          0|
    |trunc_ln55_8_reg_3089                      |   8|   0|    8|          0|
    |zext_ln46_cast_reg_2777                    |  16|   0|   32|         16|
    |zext_ln53_reg_2801                         |  16|   0|   33|         17|
    |and_ln46_1_reg_3011                        |  64|  32|    1|          0|
    |and_ln46_2_reg_3033                        |  64|  32|    1|          0|
    |and_ln46_3_reg_3055                        |  64|  32|    1|          0|
    |and_ln46_4_reg_3077                        |  64|  32|    1|          0|
    |and_ln46_5_reg_3099                        |  64|  32|    1|          0|
    |and_ln46_6_reg_3121                        |  64|  32|    1|          0|
    |and_ln46_7_reg_3143                        |  64|  32|    1|          0|
    |and_ln46_reg_2989                          |  64|  32|    1|          0|
    |icmp_ln53_1_reg_3019                       |  64|  32|    1|          0|
    |icmp_ln53_2_reg_3041                       |  64|  32|    1|          0|
    |icmp_ln53_3_reg_3063                       |  64|  32|    1|          0|
    |icmp_ln53_4_reg_3085                       |  64|  32|    1|          0|
    |icmp_ln53_5_reg_3107                       |  64|  32|    1|          0|
    |icmp_ln53_6_reg_3129                       |  64|  32|    1|          0|
    |icmp_ln53_7_reg_3151                       |  64|  32|    1|          0|
    |icmp_ln53_reg_2997                         |  64|  32|    1|          0|
    |icmp_ln98_1_reg_2891                       |  64|  32|    1|          0|
    |icmp_ln98_2_reg_2905                       |  64|  32|    1|          0|
    |icmp_ln98_3_reg_2919                       |  64|  32|    1|          0|
    |icmp_ln98_4_reg_2933                       |  64|  32|    1|          0|
    |icmp_ln98_5_reg_2947                       |  64|  32|    1|          0|
    |icmp_ln98_6_reg_2961                       |  64|  32|    1|          0|
    |icmp_ln98_7_reg_2975                       |  64|  32|    1|          0|
    |icmp_ln98_reg_2877                         |  64|  32|    1|          0|
    |lshr_ln5_reg_2829                          |  64|  32|    3|          0|
    |post_id_2_reg_2817                         |  64|  32|    7|          0|
    |tmp_13_reg_2993                            |  64|  32|    1|          0|
    |tmp_16_reg_3015                            |  64|  32|    1|          0|
    |tmp_22_reg_3037                            |  64|  32|    1|          0|
    |tmp_29_reg_3059                            |  64|  32|    1|          0|
    |tmp_36_reg_3081                            |  64|  32|    1|          0|
    |tmp_42_reg_3103                            |  64|  32|    1|          0|
    |tmp_49_reg_3125                            |  64|  32|    1|          0|
    |tmp_55_reg_3147                            |  64|  32|    1|          0|
    |tmp_reg_2825                               |  64|  32|    1|          0|
    +-------------------------------------------+----+----+-----+-----------+
    |Total                                      |3980|1120| 1848|         65|
    +-------------------------------------------+----+----+-----+-----------+



================================================================
== Interface
================================================================
* Summary: 
+-----------------------------------+-----+-----+------------+------------------------------------------+--------------+
|             RTL Ports             | Dir | Bits|  Protocol  |               Source Object              |    C Type    |
+-----------------------------------+-----+-----+------------+------------------------------------------+--------------+
|ap_clk                             |   in|    1|  ap_ctrl_hs|  process_pre_spike_Pipeline_STDP_LTD_LOOP|  return value|
|ap_rst                             |   in|    1|  ap_ctrl_hs|  process_pre_spike_Pipeline_STDP_LTD_LOOP|  return value|
|ap_start                           |   in|    1|  ap_ctrl_hs|  process_pre_spike_Pipeline_STDP_LTD_LOOP|  return value|
|ap_done                            |  out|    1|  ap_ctrl_hs|  process_pre_spike_Pipeline_STDP_LTD_LOOP|  return value|
|ap_idle                            |  out|    1|  ap_ctrl_hs|  process_pre_spike_Pipeline_STDP_LTD_LOOP|  return value|
|ap_ready                           |  out|    1|  ap_ctrl_hs|  process_pre_spike_Pipeline_STDP_LTD_LOOP|  return value|
|weight_update_fifo_din             |  out|   64|     ap_fifo|                        weight_update_fifo|       pointer|
|weight_update_fifo_full_n          |   in|    1|     ap_fifo|                        weight_update_fifo|       pointer|
|weight_update_fifo_write           |  out|    1|     ap_fifo|                        weight_update_fifo|       pointer|
|params_stdp_window_val             |   in|   16|     ap_none|                    params_stdp_window_val|        scalar|
|current_time                       |   in|   32|     ap_none|                              current_time|        scalar|
|sext_ln55                          |   in|   16|     ap_none|                                 sext_ln55|        scalar|
|zext_ln46                          |   in|   16|     ap_none|                                 zext_ln46|        scalar|
|sext_ln48                          |   in|   16|     ap_none|                                 sext_ln48|        scalar|
|sext_ln58                          |   in|   16|     ap_none|                                 sext_ln58|        scalar|
|sext_ln93                          |   in|   16|     ap_none|                                 sext_ln93|        scalar|
|pre_id                             |   in|    8|     ap_none|                                    pre_id|        scalar|
|p_ZL16post_spike_times_7_address0  |  out|    3|   ap_memory|                  p_ZL16post_spike_times_7|         array|
|p_ZL16post_spike_times_7_ce0       |  out|    1|   ap_memory|                  p_ZL16post_spike_times_7|         array|
|p_ZL16post_spike_times_7_q0        |   in|   32|   ap_memory|                  p_ZL16post_spike_times_7|         array|
|p_ZL16post_spike_times_6_address0  |  out|    3|   ap_memory|                  p_ZL16post_spike_times_6|         array|
|p_ZL16post_spike_times_6_ce0       |  out|    1|   ap_memory|                  p_ZL16post_spike_times_6|         array|
|p_ZL16post_spike_times_6_q0        |   in|   32|   ap_memory|                  p_ZL16post_spike_times_6|         array|
|p_ZL16post_spike_times_5_address0  |  out|    3|   ap_memory|                  p_ZL16post_spike_times_5|         array|
|p_ZL16post_spike_times_5_ce0       |  out|    1|   ap_memory|                  p_ZL16post_spike_times_5|         array|
|p_ZL16post_spike_times_5_q0        |   in|   32|   ap_memory|                  p_ZL16post_spike_times_5|         array|
|p_ZL16post_spike_times_4_address0  |  out|    3|   ap_memory|                  p_ZL16post_spike_times_4|         array|
|p_ZL16post_spike_times_4_ce0       |  out|    1|   ap_memory|                  p_ZL16post_spike_times_4|         array|
|p_ZL16post_spike_times_4_q0        |   in|   32|   ap_memory|                  p_ZL16post_spike_times_4|         array|
|p_ZL16post_spike_times_3_address0  |  out|    3|   ap_memory|                  p_ZL16post_spike_times_3|         array|
|p_ZL16post_spike_times_3_ce0       |  out|    1|   ap_memory|                  p_ZL16post_spike_times_3|         array|
|p_ZL16post_spike_times_3_q0        |   in|   32|   ap_memory|                  p_ZL16post_spike_times_3|         array|
|p_ZL16post_spike_times_2_address0  |  out|    3|   ap_memory|                  p_ZL16post_spike_times_2|         array|
|p_ZL16post_spike_times_2_ce0       |  out|    1|   ap_memory|                  p_ZL16post_spike_times_2|         array|
|p_ZL16post_spike_times_2_q0        |   in|   32|   ap_memory|                  p_ZL16post_spike_times_2|         array|
|p_ZL16post_spike_times_1_address0  |  out|    3|   ap_memory|                  p_ZL16post_spike_times_1|         array|
|p_ZL16post_spike_times_1_ce0       |  out|    1|   ap_memory|                  p_ZL16post_spike_times_1|         array|
|p_ZL16post_spike_times_1_q0        |   in|   32|   ap_memory|                  p_ZL16post_spike_times_1|         array|
|p_ZL16post_spike_times_0_address0  |  out|    3|   ap_memory|                  p_ZL16post_spike_times_0|         array|
|p_ZL16post_spike_times_0_ce0       |  out|    1|   ap_memory|                  p_ZL16post_spike_times_0|         array|
|p_ZL16post_spike_times_0_q0        |   in|   32|   ap_memory|                  p_ZL16post_spike_times_0|         array|
+-----------------------------------+-----+-----+------------+------------------------------------------+--------------+

